  0%|          | 0/16 [00:00<?, ?it/s]  6%|▋         | 1/16 [00:00<00:04,  3.68it/s] 12%|█▎        | 2/16 [00:00<00:03,  3.80it/s] 19%|█▉        | 3/16 [00:00<00:03,  3.80it/s] 25%|██▌       | 4/16 [00:01<00:03,  3.80it/s] 31%|███▏      | 5/16 [00:01<00:02,  3.90it/s] 38%|███▊      | 6/16 [00:01<00:02,  3.89it/s] 44%|████▍     | 7/16 [00:01<00:02,  4.00it/s] 50%|█████     | 8/16 [00:02<00:02,  3.98it/s] 56%|█████▋    | 9/16 [00:02<00:01,  4.12it/s] 62%|██████▎   | 10/16 [00:02<00:01,  4.21it/s] 69%|██████▉   | 11/16 [00:02<00:01,  4.17it/s] 75%|███████▌  | 12/16 [00:02<00:00,  4.16it/s] 81%|████████▏ | 13/16 [00:03<00:00,  4.15it/s] 88%|████████▊ | 14/16 [00:03<00:00,  4.12it/s] 94%|█████████▍| 15/16 [00:03<00:00,  4.07it/s]100%|██████████| 16/16 [00:03<00:00,  4.06it/s]100%|██████████| 16/16 [00:03<00:00,  4.05it/s]
    id mod_name  p_count  p_avg  ...    p_win    n_win  p_maxpt  n_maxpt
0    1    微型S&P     35.0   0.87  ...  47.9452  52.0548   100.00  -162.00
1    2   NASDAQ     42.0   1.08  ...  54.5455  45.4545   403.00  -704.25
2    3      台指期     40.0   0.68  ...  61.5385  38.4615   395.00  -509.00
3    4     小型道瓊     30.0   0.79  ...  51.7241  48.2759   747.00 -1141.00
4    5       澳幣     18.0   0.67  ...  46.1538  53.8462     0.01    -0.01
5    6       英鎊     11.0   1.15  ...  47.8261  52.1739     0.02    -0.02
6    7       加幣      6.0   0.38  ...  60.0000  40.0000     0.01    -0.01
7    8       歐元     10.0   0.50  ...  50.0000  50.0000     0.01    -0.01
8    9       日圓     10.0   0.42  ...  40.0000  60.0000  1105.00 -1690.00
9   10     瑞士法郎      7.0   0.56  ...  43.7500  56.2500     0.01    -0.01
10  11       玉米     40.0   1.00  ...  51.2821  48.7179    27.25   -34.50
11  12       黃豆     41.0   1.13  ...  50.0000  50.0000    76.00   -62.50
12  13       小麥     29.0   1.66  ...  43.9394  56.0606    65.75   -70.00
13  14       黃金     21.0   0.77  ...  44.6809  55.3191    49.30   -48.10
14  15       白銀     41.0   1.75  ...  56.1644  43.8356     1.55    -0.97
15  16      輕原油     45.0   1.61  ...  48.3871  51.6129     6.88    -7.94

[16 rows x 12 columns]
  0%|          | 0/16 [00:00<?, ?it/s]  6%|▋         | 1/16 [00:00<00:04,  3.49it/s] 12%|█▎        | 2/16 [00:00<00:03,  3.66it/s] 19%|█▉        | 3/16 [00:00<00:03,  3.78it/s] 25%|██▌       | 4/16 [00:01<00:03,  3.89it/s] 31%|███▏      | 5/16 [00:01<00:02,  4.03it/s] 38%|███▊      | 6/16 [00:01<00:02,  4.12it/s] 44%|████▍     | 7/16 [00:01<00:02,  4.18it/s] 50%|█████     | 8/16 [00:01<00:01,  4.23it/s] 56%|█████▋    | 9/16 [00:02<00:01,  4.29it/s] 62%|██████▎   | 10/16 [00:02<00:01,  4.34it/s] 69%|██████▉   | 11/16 [00:02<00:01,  4.28it/s] 75%|███████▌  | 12/16 [00:02<00:00,  4.23it/s] 81%|████████▏ | 13/16 [00:03<00:00,  4.21it/s] 88%|████████▊ | 14/16 [00:03<00:00,  4.21it/s] 94%|█████████▍| 15/16 [00:03<00:00,  4.16it/s]100%|██████████| 16/16 [00:03<00:00,  4.08it/s]100%|██████████| 16/16 [00:03<00:00,  4.16it/s]
    id mod_name  p_count  p_avg  ...    p_win    n_win  p_maxpt  n_maxpt
0    1    微型S&P     35.0   0.87  ...  47.9452  52.0548   100.00  -162.00
1    2   NASDAQ     43.0   1.07  ...  55.1282  44.8718   403.00  -704.25
2    3      台指期     40.0   0.68  ...  61.5385  38.4615   395.00  -509.00
3    4     小型道瓊     30.0   0.79  ...  51.7241  48.2759   747.00 -1141.00
4    5       澳幣     18.0   0.67  ...  46.1538  53.8462     0.01    -0.01
5    6       英鎊     11.0   1.15  ...  47.8261  52.1739     0.02    -0.02
6    7       加幣      6.0   0.38  ...  60.0000  40.0000     0.01    -0.01
7    8       歐元     10.0   0.50  ...  50.0000  50.0000     0.01    -0.01
8    9       日圓     10.0   0.42  ...  40.0000  60.0000  1105.00 -1690.00
9   10     瑞士法郎      7.0   0.56  ...  43.7500  56.2500     0.01    -0.01
10  11       玉米     40.0   1.00  ...  50.6329  49.3671    27.25   -34.50
11  12       黃豆     41.0   1.13  ...  50.0000  50.0000    76.00   -62.50
12  13       小麥     29.0   1.66  ...  43.2836  56.7164    65.75   -70.00
13  14       黃金     21.0   0.77  ...  44.6809  55.3191    49.30   -48.10
14  15       白銀     41.0   1.75  ...  56.1644  43.8356     1.55    -0.97
15  16      輕原油     45.0   1.61  ...  48.3871  51.6129     6.88    -7.94

[16 rows x 12 columns]
  0%|          | 0/16 [00:00<?, ?it/s]  6%|▋         | 1/16 [00:00<00:04,  3.47it/s] 12%|█▎        | 2/16 [00:00<00:03,  3.64it/s] 19%|█▉        | 3/16 [00:00<00:03,  3.80it/s] 25%|██▌       | 4/16 [00:01<00:03,  3.87it/s] 31%|███▏      | 5/16 [00:01<00:02,  4.03it/s] 38%|███▊      | 6/16 [00:01<00:02,  4.16it/s] 44%|████▍     | 7/16 [00:01<00:02,  4.24it/s] 50%|█████     | 8/16 [00:01<00:01,  4.23it/s]/home/targets/autocommit/EXCEL_AutoUpdate/CME_1percent_MySQL.py:49: RuntimeWarning: invalid value encountered in long_scalars
  diff_in_per.append(round((twcsv['Close'][i]/twcsv['Close'][i-1]-1)*100,2))
 56%|█████▋    | 9/16 [00:02<00:01,  4.27it/s] 62%|██████▎   | 10/16 [00:02<00:01,  4.23it/s] 69%|██████▉   | 11/16 [00:02<00:01,  4.18it/s] 75%|███████▌  | 12/16 [00:02<00:00,  4.17it/s] 81%|████████▏ | 13/16 [00:03<00:00,  4.18it/s] 88%|████████▊ | 14/16 [00:03<00:00,  4.17it/s] 94%|█████████▍| 15/16 [00:03<00:00,  4.16it/s]100%|██████████| 16/16 [00:03<00:00,  4.16it/s]100%|██████████| 16/16 [00:03<00:00,  4.16it/s]
    id mod_name  p_count  p_avg  ...    p_win    n_win  p_maxpt  n_maxpt
0    1    微型S&P     35.0   0.87  ...  47.9452  52.0548   100.00  -162.00
1    2   NASDAQ     43.0   1.07  ...  55.1282  44.8718   403.00  -704.25
2    3      台指期     40.0   0.68  ...  61.5385  38.4615   395.00  -509.00
3    4     小型道瓊     30.0   0.79  ...  51.7241  48.2759   747.00 -1141.00
4    5       澳幣     18.0   0.67  ...  46.1538  53.8462     0.01    -0.01
5    6       英鎊     11.0   1.15  ...  47.8261  52.1739     0.02    -0.02
6    7       加幣      6.0   0.38  ...  60.0000  40.0000     0.01    -0.01
7    8       歐元     10.0   0.50  ...  50.0000  50.0000     0.01    -0.01
8    9       日圓     10.0   0.42  ...  40.0000  60.0000  1105.00 -1690.00
9   10     瑞士法郎      7.0   0.56  ...  43.7500  56.2500     0.01    -0.01
10  11       玉米     39.0   0.99  ...  50.0000  50.0000    27.25   -34.50
11  12       黃豆     41.0   1.13  ...  50.0000  50.0000    76.00   -62.50
12  13       小麥     29.0   1.66  ...  43.2836  56.7164    65.75   -70.00
13  14       黃金     21.0   0.77  ...  45.6522  54.3478    49.30   -48.10
14  15       白銀     41.0   1.75  ...  56.1644  43.8356     1.55    -0.97
15  16      輕原油     45.0   1.61  ...  48.3871  51.6129     6.88    -7.94

[16 rows x 12 columns]
  0%|          | 0/16 [00:00<?, ?it/s]  6%|▋         | 1/16 [00:00<00:04,  3.23it/s] 12%|█▎        | 2/16 [00:00<00:04,  3.18it/s] 19%|█▉        | 3/16 [00:00<00:03,  3.38it/s] 25%|██▌       | 4/16 [00:01<00:03,  3.56it/s] 31%|███▏      | 5/16 [00:01<00:02,  3.72it/s] 38%|███▊      | 6/16 [00:01<00:02,  3.52it/s] 44%|████▍     | 7/16 [00:01<00:02,  3.63it/s] 50%|█████     | 8/16 [00:02<00:02,  3.76it/s]/home/targets/autocommit/EXCEL_AutoUpdate/CME_1percent_MySQL.py:49: RuntimeWarning: invalid value encountered in long_scalars
  diff_in_per.append(round((twcsv['Close'][i]/twcsv['Close'][i-1]-1)*100,2))
 56%|█████▋    | 9/16 [00:02<00:01,  3.96it/s] 62%|██████▎   | 10/16 [00:02<00:01,  3.34it/s] 69%|██████▉   | 11/16 [00:03<00:01,  3.51it/s] 75%|███████▌  | 12/16 [00:03<00:01,  3.67it/s] 81%|████████▏ | 13/16 [00:03<00:00,  3.70it/s] 88%|████████▊ | 14/16 [00:03<00:00,  3.75it/s] 94%|█████████▍| 15/16 [00:04<00:00,  3.83it/s]100%|██████████| 16/16 [00:04<00:00,  3.76it/s]100%|██████████| 16/16 [00:04<00:00,  3.66it/s]
    id mod_name  p_count  p_avg  ...    p_win    n_win  p_maxpt  n_maxpt
0    1    微型S&P     35.0   0.87  ...  47.9452  52.0548   100.00  -162.00
1    2   NASDAQ     43.0   1.07  ...  55.1282  44.8718   403.00  -704.25
2    3      台指期     40.0   0.68  ...  61.5385  38.4615   395.00  -509.00
3    4     小型道瓊     30.0   0.79  ...  51.7241  48.2759   747.00 -1141.00
4    5       澳幣     18.0   0.67  ...  46.1538  53.8462     0.01    -0.01
5    6       英鎊     11.0   1.15  ...  47.8261  52.1739     0.02    -0.02
6    7       加幣      6.0   0.38  ...  60.0000  40.0000     0.01    -0.01
7    8       歐元     10.0   0.50  ...  50.0000  50.0000     0.01    -0.01
8    9       日圓     10.0   0.42  ...  40.0000  60.0000  1105.00 -1690.00
9   10     瑞士法郎      7.0   0.56  ...  43.7500  56.2500     0.01    -0.01
10  11       玉米     39.0   0.99  ...  50.0000  50.0000    27.25   -34.50
11  12       黃豆     41.0   1.13  ...  50.0000  50.0000    76.00   -62.50
12  13       小麥     29.0   1.66  ...  43.2836  56.7164    65.75   -70.00
13  14       黃金     21.0   0.77  ...  45.6522  54.3478    49.30   -48.10
14  15       白銀     41.0   1.75  ...  56.1644  43.8356     1.55    -0.97
15  16      輕原油     45.0   1.61  ...  48.3871  51.6129     6.88    -7.94

[16 rows x 12 columns]
  0%|          | 0/16 [00:00<?, ?it/s]  6%|▋         | 1/16 [00:00<00:04,  3.47it/s] 12%|█▎        | 2/16 [00:00<00:03,  3.58it/s] 19%|█▉        | 3/16 [00:00<00:03,  3.67it/s] 25%|██▌       | 4/16 [00:01<00:03,  3.76it/s] 31%|███▏      | 5/16 [00:01<00:02,  3.92it/s] 38%|███▊      | 6/16 [00:01<00:02,  4.02it/s] 44%|████▍     | 7/16 [00:01<00:02,  4.12it/s] 50%|█████     | 8/16 [00:01<00:01,  4.18it/s]/home/targets/autocommit/EXCEL_AutoUpdate/CME_1percent_MySQL.py:49: RuntimeWarning: invalid value encountered in long_scalars
  diff_in_per.append(round((twcsv['Close'][i]/twcsv['Close'][i-1]-1)*100,2))
 56%|█████▋    | 9/16 [00:02<00:01,  4.21it/s] 62%|██████▎   | 10/16 [00:02<00:01,  4.20it/s] 69%|██████▉   | 11/16 [00:02<00:01,  4.13it/s] 75%|███████▌  | 12/16 [00:02<00:00,  4.11it/s] 81%|████████▏ | 13/16 [00:03<00:00,  4.00it/s] 88%|████████▊ | 14/16 [00:03<00:00,  3.96it/s] 94%|█████████▍| 15/16 [00:03<00:00,  3.77it/s]100%|██████████| 16/16 [00:04<00:00,  3.79it/s]100%|██████████| 16/16 [00:04<00:00,  3.97it/s]
    id mod_name  p_count  p_avg  ...    p_win    n_win  p_maxpt  n_maxpt
0    1    微型S&P     35.0   0.87  ...  47.9452  52.0548   100.00  -162.00
1    2   NASDAQ     43.0   1.07  ...  55.1282  44.8718   403.00  -704.25
2    3      台指期     40.0   0.68  ...  61.5385  38.4615   395.00  -509.00
3    4     小型道瓊     30.0   0.79  ...  51.7241  48.2759   747.00 -1141.00
4    5       澳幣     18.0   0.67  ...  46.1538  53.8462     0.01    -0.01
5    6       英鎊     11.0   1.15  ...  47.8261  52.1739     0.02    -0.02
6    7       加幣      6.0   0.38  ...  60.0000  40.0000     0.01    -0.01
7    8       歐元     10.0   0.50  ...  50.0000  50.0000     0.01    -0.01
8    9       日圓     10.0   0.42  ...  40.0000  60.0000  1105.00 -1690.00
9   10     瑞士法郎      7.0   0.56  ...  43.7500  56.2500     0.01    -0.01
10  11       玉米     39.0   0.99  ...  50.6494  49.3506    27.25   -34.50
11  12       黃豆     41.0   1.13  ...  50.0000  50.0000    76.00   -62.50
12  13       小麥     30.0   1.61  ...  44.1176  55.8824    65.75   -70.00
13  14       黃金     21.0   0.77  ...  45.6522  54.3478    49.30   -48.10
14  15       白銀     42.0   1.71  ...  56.7568  43.2432     1.55    -0.97
15  16      輕原油     45.0   1.61  ...  48.3871  51.6129     6.88    -7.94

[16 rows x 12 columns]
  0%|          | 0/16 [00:00<?, ?it/s]  6%|▋         | 1/16 [00:00<00:04,  3.44it/s] 12%|█▎        | 2/16 [00:00<00:03,  3.61it/s] 19%|█▉        | 3/16 [00:00<00:03,  3.75it/s] 25%|██▌       | 4/16 [00:01<00:03,  3.84it/s] 31%|███▏      | 5/16 [00:01<00:02,  3.96it/s] 38%|███▊      | 6/16 [00:01<00:02,  4.02it/s] 44%|████▍     | 7/16 [00:01<00:02,  4.08it/s] 50%|█████     | 8/16 [00:01<00:01,  4.03it/s] 56%|█████▋    | 9/16 [00:02<00:01,  4.15it/s] 62%|██████▎   | 10/16 [00:02<00:01,  4.25it/s] 69%|██████▉   | 11/16 [00:02<00:01,  4.22it/s] 75%|███████▌  | 12/16 [00:02<00:00,  4.16it/s] 81%|████████▏ | 13/16 [00:03<00:00,  4.13it/s] 88%|████████▊ | 14/16 [00:03<00:00,  4.13it/s] 94%|█████████▍| 15/16 [00:03<00:00,  4.13it/s]100%|██████████| 16/16 [00:03<00:00,  4.12it/s]100%|██████████| 16/16 [00:03<00:00,  4.10it/s]
    id mod_name  p_count  p_avg  ...    p_win    n_win  p_maxpt  n_maxpt
0    1    微型S&P     35.0   0.87  ...  47.9452  52.0548   100.00  -162.00
1    2   NASDAQ     43.0   1.07  ...  55.8442  44.1558   403.00  -704.25
2    3      台指期     40.0   0.68  ...  61.5385  38.4615   395.00  -509.00
3    4     小型道瓊     30.0   0.79  ...  51.7241  48.2759   747.00 -1141.00
4    5       澳幣     18.0   0.67  ...  47.3684  52.6316     0.01    -0.01
5    6       英鎊     11.0   1.15  ...  47.8261  52.1739     0.02    -0.02
6    7       加幣      6.0   0.38  ...  60.0000  40.0000     0.01    -0.01
7    8       歐元     10.0   0.50  ...  50.0000  50.0000     0.01    -0.01
8    9       日圓     11.0   0.39  ...  42.3077  57.6923  1105.00 -1690.00
9   10     瑞士法郎      7.0   0.56  ...  43.7500  56.2500     0.01    -0.01
10  11       玉米     40.0   1.00  ...  51.2821  48.7179    27.25   -34.50
11  12       黃豆     41.0   1.13  ...  50.0000  50.0000    76.00   -62.50
12  13       小麥     29.0   1.66  ...  43.2836  56.7164    65.75   -70.00
13  14       黃金     21.0   0.77  ...  45.6522  54.3478    49.30   -48.10
14  15       白銀     42.0   1.72  ...  56.7568  43.2432     1.55    -0.97
15  16      輕原油     44.0   1.63  ...  47.8261  52.1739     6.88    -7.94

[16 rows x 12 columns]
  0%|          | 0/16 [00:00<?, ?it/s]  6%|▋         | 1/16 [00:00<00:03,  3.75it/s] 12%|█▎        | 2/16 [00:00<00:03,  3.86it/s] 19%|█▉        | 3/16 [00:00<00:03,  3.92it/s] 25%|██▌       | 4/16 [00:00<00:03,  3.97it/s] 25%|██▌       | 4/16 [00:01<00:03,  3.60it/s]
Traceback (most recent call last):
  File "/home/targets/autocommit/EXCEL_AutoUpdate/CME_1percent_MySQL.py", line 89, in <module>
    df_from_dict.to_sql('cme_'+str(1)+'percent_'+tablename, engine2, if_exists = 'replace',index=False)
  File "/home/targets/anaconda3/lib/python3.7/site-packages/pandas/core/generic.py", line 2882, in to_sql
    method=method,
  File "/home/targets/anaconda3/lib/python3.7/site-packages/pandas/io/sql.py", line 728, in to_sql
    **engine_kwargs,
  File "/home/targets/anaconda3/lib/python3.7/site-packages/pandas/io/sql.py", line 1758, in to_sql
    dtype=dtype,
  File "/home/targets/anaconda3/lib/python3.7/site-packages/pandas/io/sql.py", line 1650, in prep_table
    table.create()
  File "/home/targets/anaconda3/lib/python3.7/site-packages/pandas/io/sql.py", line 860, in create
    self.pd_sql.drop_table(self.name, self.schema)
  File "/home/targets/anaconda3/lib/python3.7/site-packages/pandas/io/sql.py", line 1809, in drop_table
    self.meta.reflect(only=[table_name], schema=schema)
  File "/home/targets/anaconda3/lib/python3.7/site-packages/sqlalchemy/sql/schema.py", line 4261, in reflect
    "in %r%s: (%s)" % (bind.engine, s, ", ".join(missing))
sqlalchemy.exc.InvalidRequestError: Could not reflect: requested table(s) not available in Engine(mysql+pymysql://webmysql%40actwebdb2:***@103.17.9.213:3306/webaiuse?charset=utf8): (cme_1percent_ad)
  0%|          | 0/16 [00:00<?, ?it/s]  6%|▋         | 1/16 [00:00<00:04,  3.44it/s] 12%|█▎        | 2/16 [00:00<00:03,  3.61it/s] 19%|█▉        | 3/16 [00:00<00:03,  3.71it/s] 25%|██▌       | 4/16 [00:01<00:03,  3.81it/s] 31%|███▏      | 5/16 [00:01<00:02,  3.97it/s] 38%|███▊      | 6/16 [00:01<00:02,  4.09it/s] 44%|████▍     | 7/16 [00:01<00:02,  4.16it/s] 50%|█████     | 8/16 [00:01<00:01,  4.19it/s] 56%|█████▋    | 9/16 [00:02<00:01,  4.19it/s] 62%|██████▎   | 10/16 [00:02<00:01,  4.20it/s] 69%|██████▉   | 11/16 [00:02<00:01,  4.12it/s] 75%|███████▌  | 12/16 [00:02<00:00,  4.06it/s] 81%|████████▏ | 13/16 [00:03<00:00,  4.12it/s] 88%|████████▊ | 14/16 [00:03<00:00,  4.18it/s] 94%|█████████▍| 15/16 [00:03<00:00,  4.18it/s]100%|██████████| 16/16 [00:03<00:00,  4.16it/s]100%|██████████| 16/16 [00:03<00:00,  4.12it/s]
    id mod_name  p_count  p_avg  ...    p_win    n_win  p_maxpt  n_maxpt
0    1    微型S&P     35.0   0.87  ...  47.9452  52.0548   100.00  -162.00
1    2   NASDAQ     43.0   1.07  ...  55.8442  44.1558   403.00  -704.25
2    3      台指期     40.0   0.68  ...  61.5385  38.4615   395.00  -509.00
3    4     小型道瓊     30.0   0.79  ...  51.7241  48.2759   747.00 -1141.00
4    5       澳幣     18.0   0.67  ...  47.3684  52.6316     0.01    -0.01
5    6       英鎊     11.0   1.15  ...  47.8261  52.1739     0.02    -0.02
6    7       加幣      6.0   0.38  ...  60.0000  40.0000     0.01    -0.01
7    8       歐元     10.0   0.50  ...  50.0000  50.0000     0.01    -0.01
8    9       日圓     11.0   0.39  ...  42.3077  57.6923  1105.00 -1690.00
9   10     瑞士法郎      7.0   0.56  ...  43.7500  56.2500     0.01    -0.01
10  11       玉米     40.0   1.00  ...  50.6329  49.3671    27.25   -34.50
11  12       黃豆     41.0   1.13  ...  50.0000  50.0000    76.00   -62.50
12  13       小麥     29.0   1.66  ...  43.2836  56.7164    65.75   -70.00
13  14       黃金     21.0   0.77  ...  46.6667  53.3333    49.30   -48.10
14  15       白銀     42.0   1.72  ...  56.0000  44.0000     1.55    -0.97
15  16      輕原油     44.0   1.63  ...  47.8261  52.1739     6.88    -7.94

[16 rows x 12 columns]
  0%|          | 0/16 [00:00<?, ?it/s]  6%|▋         | 1/16 [00:00<00:04,  3.40it/s] 12%|█▎        | 2/16 [00:00<00:03,  3.57it/s] 19%|█▉        | 3/16 [00:00<00:03,  3.69it/s] 25%|██▌       | 4/16 [00:01<00:03,  3.80it/s] 31%|███▏      | 5/16 [00:01<00:02,  3.91it/s] 38%|███▊      | 6/16 [00:01<00:02,  3.95it/s] 38%|███▊      | 6/16 [00:01<00:02,  3.65it/s]
Traceback (most recent call last):
  File "/home/targets/anaconda3/lib/python3.7/site-packages/sqlalchemy/engine/base.py", line 1246, in _execute_context
    cursor, statement, parameters, context
  File "/home/targets/anaconda3/lib/python3.7/site-packages/sqlalchemy/engine/default.py", line 588, in do_execute
    cursor.execute(statement, parameters)
  File "/home/targets/anaconda3/lib/python3.7/site-packages/pymysql/cursors.py", line 148, in execute
    result = self._query(query)
  File "/home/targets/anaconda3/lib/python3.7/site-packages/pymysql/cursors.py", line 310, in _query
    conn.query(q)
  File "/home/targets/anaconda3/lib/python3.7/site-packages/pymysql/connections.py", line 548, in query
    self._affected_rows = self._read_query_result(unbuffered=unbuffered)
  File "/home/targets/anaconda3/lib/python3.7/site-packages/pymysql/connections.py", line 775, in _read_query_result
    result.read()
  File "/home/targets/anaconda3/lib/python3.7/site-packages/pymysql/connections.py", line 1156, in read
    first_packet = self.connection._read_packet()
  File "/home/targets/anaconda3/lib/python3.7/site-packages/pymysql/connections.py", line 725, in _read_packet
    packet.raise_for_error()
  File "/home/targets/anaconda3/lib/python3.7/site-packages/pymysql/protocol.py", line 221, in raise_for_error
    err.raise_mysql_exception(self._data)
  File "/home/targets/anaconda3/lib/python3.7/site-packages/pymysql/err.py", line 143, in raise_mysql_exception
    raise errorclass(errno, errval)
pymysql.err.ProgrammingError: (1146, "Table 'webaiuse.cme_1percent_cd' doesn't exist")

The above exception was the direct cause of the following exception:

Traceback (most recent call last):
  File "/home/targets/anaconda3/lib/python3.7/site-packages/sqlalchemy/dialects/mysql/base.py", line 2922, in _show_create_table
    ).execute(st)
  File "/home/targets/anaconda3/lib/python3.7/site-packages/sqlalchemy/engine/base.py", line 976, in execute
    return self._execute_text(object_, multiparams, params)
  File "/home/targets/anaconda3/lib/python3.7/site-packages/sqlalchemy/engine/base.py", line 1149, in _execute_text
    parameters,
  File "/home/targets/anaconda3/lib/python3.7/site-packages/sqlalchemy/engine/base.py", line 1250, in _execute_context
    e, statement, parameters, cursor, context
  File "/home/targets/anaconda3/lib/python3.7/site-packages/sqlalchemy/engine/base.py", line 1476, in _handle_dbapi_exception
    util.raise_from_cause(sqlalchemy_exception, exc_info)
  File "/home/targets/anaconda3/lib/python3.7/site-packages/sqlalchemy/util/compat.py", line 398, in raise_from_cause
    reraise(type(exception), exception, tb=exc_tb, cause=cause)
  File "/home/targets/anaconda3/lib/python3.7/site-packages/sqlalchemy/util/compat.py", line 152, in reraise
    raise value.with_traceback(tb)
  File "/home/targets/anaconda3/lib/python3.7/site-packages/sqlalchemy/engine/base.py", line 1246, in _execute_context
    cursor, statement, parameters, context
  File "/home/targets/anaconda3/lib/python3.7/site-packages/sqlalchemy/engine/default.py", line 588, in do_execute
    cursor.execute(statement, parameters)
  File "/home/targets/anaconda3/lib/python3.7/site-packages/pymysql/cursors.py", line 148, in execute
    result = self._query(query)
  File "/home/targets/anaconda3/lib/python3.7/site-packages/pymysql/cursors.py", line 310, in _query
    conn.query(q)
  File "/home/targets/anaconda3/lib/python3.7/site-packages/pymysql/connections.py", line 548, in query
    self._affected_rows = self._read_query_result(unbuffered=unbuffered)
  File "/home/targets/anaconda3/lib/python3.7/site-packages/pymysql/connections.py", line 775, in _read_query_result
    result.read()
  File "/home/targets/anaconda3/lib/python3.7/site-packages/pymysql/connections.py", line 1156, in read
    first_packet = self.connection._read_packet()
  File "/home/targets/anaconda3/lib/python3.7/site-packages/pymysql/connections.py", line 725, in _read_packet
    packet.raise_for_error()
  File "/home/targets/anaconda3/lib/python3.7/site-packages/pymysql/protocol.py", line 221, in raise_for_error
    err.raise_mysql_exception(self._data)
  File "/home/targets/anaconda3/lib/python3.7/site-packages/pymysql/err.py", line 143, in raise_mysql_exception
    raise errorclass(errno, errval)
sqlalchemy.exc.ProgrammingError: (pymysql.err.ProgrammingError) (1146, "Table 'webaiuse.cme_1percent_cd' doesn't exist")
[SQL: SHOW CREATE TABLE `cme_1percent_cd`]
(Background on this error at: http://sqlalche.me/e/f405)

During handling of the above exception, another exception occurred:

Traceback (most recent call last):
  File "/home/targets/autocommit/EXCEL_AutoUpdate/CME_1percent_MySQL.py", line 89, in <module>
    df_from_dict.to_sql('cme_'+str(1)+'percent_'+tablename, engine2, if_exists = 'replace',index=False)
  File "/home/targets/anaconda3/lib/python3.7/site-packages/pandas/core/generic.py", line 2882, in to_sql
    method=method,
  File "/home/targets/anaconda3/lib/python3.7/site-packages/pandas/io/sql.py", line 728, in to_sql
    **engine_kwargs,
  File "/home/targets/anaconda3/lib/python3.7/site-packages/pandas/io/sql.py", line 1758, in to_sql
    dtype=dtype,
  File "/home/targets/anaconda3/lib/python3.7/site-packages/pandas/io/sql.py", line 1650, in prep_table
    table.create()
  File "/home/targets/anaconda3/lib/python3.7/site-packages/pandas/io/sql.py", line 860, in create
    self.pd_sql.drop_table(self.name, self.schema)
  File "/home/targets/anaconda3/lib/python3.7/site-packages/pandas/io/sql.py", line 1809, in drop_table
    self.meta.reflect(only=[table_name], schema=schema)
  File "/home/targets/anaconda3/lib/python3.7/site-packages/sqlalchemy/sql/schema.py", line 4271, in reflect
    Table(name, self, **reflect_opts)
  File "<string>", line 2, in __new__
  File "/home/targets/anaconda3/lib/python3.7/site-packages/sqlalchemy/util/deprecations.py", line 128, in warned
    return fn(*args, **kwargs)
  File "/home/targets/anaconda3/lib/python3.7/site-packages/sqlalchemy/sql/schema.py", line 506, in __new__
    metadata._remove_table(name, schema)
  File "/home/targets/anaconda3/lib/python3.7/site-packages/sqlalchemy/util/langhelpers.py", line 68, in __exit__
    compat.reraise(exc_type, exc_value, exc_tb)
  File "/home/targets/anaconda3/lib/python3.7/site-packages/sqlalchemy/util/compat.py", line 153, in reraise
    raise value
  File "/home/targets/anaconda3/lib/python3.7/site-packages/sqlalchemy/sql/schema.py", line 501, in __new__
    table._init(name, metadata, *args, **kw)
  File "/home/targets/anaconda3/lib/python3.7/site-packages/sqlalchemy/sql/schema.py", line 595, in _init
    resolve_fks=resolve_fks,
  File "/home/targets/anaconda3/lib/python3.7/site-packages/sqlalchemy/sql/schema.py", line 619, in _autoload
    _extend_on=_extend_on,
  File "/home/targets/anaconda3/lib/python3.7/site-packages/sqlalchemy/engine/base.py", line 1615, in run_callable
    return callable_(self, *args, **kwargs)
  File "/home/targets/anaconda3/lib/python3.7/site-packages/sqlalchemy/engine/default.py", line 467, in reflecttable
    table, include_columns, exclude_columns, resolve_fks, **opts
  File "/home/targets/anaconda3/lib/python3.7/site-packages/sqlalchemy/engine/reflection.py", line 625, in reflecttable
    table_name, schema, **table.dialect_kwargs
  File "/home/targets/anaconda3/lib/python3.7/site-packages/sqlalchemy/engine/reflection.py", line 310, in get_table_options
    self.bind, table_name, schema, info_cache=self.info_cache, **kw
  File "<string>", line 2, in get_table_options
  File "/home/targets/anaconda3/lib/python3.7/site-packages/sqlalchemy/engine/reflection.py", line 52, in cache
    ret = fn(self, con, *args, **kw)
  File "/home/targets/anaconda3/lib/python3.7/site-packages/sqlalchemy/dialects/mysql/base.py", line 2548, in get_table_options
    connection, table_name, schema, **kw
  File "/home/targets/anaconda3/lib/python3.7/site-packages/sqlalchemy/dialects/mysql/base.py", line 2794, in _parsed_state_or_create
    info_cache=kw.get("info_cache", None),
  File "<string>", line 2, in _setup_parser
  File "/home/targets/anaconda3/lib/python3.7/site-packages/sqlalchemy/engine/reflection.py", line 52, in cache
    ret = fn(self, con, *args, **kw)
  File "/home/targets/anaconda3/lib/python3.7/site-packages/sqlalchemy/dialects/mysql/base.py", line 2822, in _setup_parser
    connection, None, charset, full_name=full_name
  File "/home/targets/anaconda3/lib/python3.7/site-packages/sqlalchemy/dialects/mysql/base.py", line 2925, in _show_create_table
    raise exc.NoSuchTableError(full_name)
sqlalchemy.exc.NoSuchTableError: `cme_1percent_cd`
  0%|          | 0/16 [00:00<?, ?it/s]  6%|▋         | 1/16 [00:00<00:05,  2.97it/s] 12%|█▎        | 2/16 [00:00<00:04,  3.23it/s] 19%|█▉        | 3/16 [00:00<00:03,  3.42it/s] 25%|██▌       | 4/16 [00:01<00:03,  3.57it/s] 31%|███▏      | 5/16 [00:01<00:02,  3.78it/s] 38%|███▊      | 6/16 [00:01<00:02,  3.79it/s] 44%|████▍     | 7/16 [00:01<00:02,  3.89it/s] 44%|████▍     | 7/16 [00:01<00:02,  3.56it/s]
Traceback (most recent call last):
  File "/home/targets/anaconda3/lib/python3.7/site-packages/sqlalchemy/engine/base.py", line 1226, in _execute_context
    cursor, statement, parameters, context
  File "/home/targets/anaconda3/lib/python3.7/site-packages/sqlalchemy/dialects/mysql/mysqldb.py", line 148, in do_executemany
    rowcount = cursor.executemany(statement, parameters)
  File "/home/targets/anaconda3/lib/python3.7/site-packages/pymysql/cursors.py", line 179, in executemany
    self._get_db().encoding,
  File "/home/targets/anaconda3/lib/python3.7/site-packages/pymysql/cursors.py", line 211, in _do_execute_many
    rows += self.execute(sql + postfix)
  File "/home/targets/anaconda3/lib/python3.7/site-packages/pymysql/cursors.py", line 148, in execute
    result = self._query(query)
  File "/home/targets/anaconda3/lib/python3.7/site-packages/pymysql/cursors.py", line 310, in _query
    conn.query(q)
  File "/home/targets/anaconda3/lib/python3.7/site-packages/pymysql/connections.py", line 548, in query
    self._affected_rows = self._read_query_result(unbuffered=unbuffered)
  File "/home/targets/anaconda3/lib/python3.7/site-packages/pymysql/connections.py", line 775, in _read_query_result
    result.read()
  File "/home/targets/anaconda3/lib/python3.7/site-packages/pymysql/connections.py", line 1156, in read
    first_packet = self.connection._read_packet()
  File "/home/targets/anaconda3/lib/python3.7/site-packages/pymysql/connections.py", line 725, in _read_packet
    packet.raise_for_error()
  File "/home/targets/anaconda3/lib/python3.7/site-packages/pymysql/protocol.py", line 221, in raise_for_error
    err.raise_mysql_exception(self._data)
  File "/home/targets/anaconda3/lib/python3.7/site-packages/pymysql/err.py", line 143, in raise_mysql_exception
    raise errorclass(errno, errval)
pymysql.err.ProgrammingError: (1146, "Table 'webaiuse.cme_1percent_ec' doesn't exist")

The above exception was the direct cause of the following exception:

Traceback (most recent call last):
  File "/home/targets/autocommit/EXCEL_AutoUpdate/CME_1percent_MySQL.py", line 89, in <module>
    df_from_dict.to_sql('cme_'+str(1)+'percent_'+tablename, engine2, if_exists = 'replace',index=False)
  File "/home/targets/anaconda3/lib/python3.7/site-packages/pandas/core/generic.py", line 2882, in to_sql
    method=method,
  File "/home/targets/anaconda3/lib/python3.7/site-packages/pandas/io/sql.py", line 728, in to_sql
    **engine_kwargs,
  File "/home/targets/anaconda3/lib/python3.7/site-packages/pandas/io/sql.py", line 1770, in to_sql
    **engine_kwargs,
  File "/home/targets/anaconda3/lib/python3.7/site-packages/pandas/io/sql.py", line 1350, in insert_records
    raise err
  File "/home/targets/anaconda3/lib/python3.7/site-packages/pandas/io/sql.py", line 1340, in insert_records
    table.insert(chunksize=chunksize, method=method)
  File "/home/targets/anaconda3/lib/python3.7/site-packages/pandas/io/sql.py", line 967, in insert
    exec_insert(conn, keys, chunk_iter)
  File "/home/targets/anaconda3/lib/python3.7/site-packages/pandas/io/sql.py", line 882, in _execute_insert
    conn.execute(self.table.insert(), data)
  File "/home/targets/anaconda3/lib/python3.7/site-packages/sqlalchemy/engine/base.py", line 982, in execute
    return meth(self, multiparams, params)
  File "/home/targets/anaconda3/lib/python3.7/site-packages/sqlalchemy/sql/elements.py", line 293, in _execute_on_connection
    return connection._execute_clauseelement(self, multiparams, params)
  File "/home/targets/anaconda3/lib/python3.7/site-packages/sqlalchemy/engine/base.py", line 1101, in _execute_clauseelement
    distilled_params,
  File "/home/targets/anaconda3/lib/python3.7/site-packages/sqlalchemy/engine/base.py", line 1250, in _execute_context
    e, statement, parameters, cursor, context
  File "/home/targets/anaconda3/lib/python3.7/site-packages/sqlalchemy/engine/base.py", line 1476, in _handle_dbapi_exception
    util.raise_from_cause(sqlalchemy_exception, exc_info)
  File "/home/targets/anaconda3/lib/python3.7/site-packages/sqlalchemy/util/compat.py", line 398, in raise_from_cause
    reraise(type(exception), exception, tb=exc_tb, cause=cause)
  File "/home/targets/anaconda3/lib/python3.7/site-packages/sqlalchemy/util/compat.py", line 152, in reraise
    raise value.with_traceback(tb)
  File "/home/targets/anaconda3/lib/python3.7/site-packages/sqlalchemy/engine/base.py", line 1226, in _execute_context
    cursor, statement, parameters, context
  File "/home/targets/anaconda3/lib/python3.7/site-packages/sqlalchemy/dialects/mysql/mysqldb.py", line 148, in do_executemany
    rowcount = cursor.executemany(statement, parameters)
  File "/home/targets/anaconda3/lib/python3.7/site-packages/pymysql/cursors.py", line 179, in executemany
    self._get_db().encoding,
  File "/home/targets/anaconda3/lib/python3.7/site-packages/pymysql/cursors.py", line 211, in _do_execute_many
    rows += self.execute(sql + postfix)
  File "/home/targets/anaconda3/lib/python3.7/site-packages/pymysql/cursors.py", line 148, in execute
    result = self._query(query)
  File "/home/targets/anaconda3/lib/python3.7/site-packages/pymysql/cursors.py", line 310, in _query
    conn.query(q)
  File "/home/targets/anaconda3/lib/python3.7/site-packages/pymysql/connections.py", line 548, in query
    self._affected_rows = self._read_query_result(unbuffered=unbuffered)
  File "/home/targets/anaconda3/lib/python3.7/site-packages/pymysql/connections.py", line 775, in _read_query_result
    result.read()
  File "/home/targets/anaconda3/lib/python3.7/site-packages/pymysql/connections.py", line 1156, in read
    first_packet = self.connection._read_packet()
  File "/home/targets/anaconda3/lib/python3.7/site-packages/pymysql/connections.py", line 725, in _read_packet
    packet.raise_for_error()
  File "/home/targets/anaconda3/lib/python3.7/site-packages/pymysql/protocol.py", line 221, in raise_for_error
    err.raise_mysql_exception(self._data)
  File "/home/targets/anaconda3/lib/python3.7/site-packages/pymysql/err.py", line 143, in raise_mysql_exception
    raise errorclass(errno, errval)
sqlalchemy.exc.ProgrammingError: (pymysql.err.ProgrammingError) (1146, "Table 'webaiuse.cme_1percent_ec' doesn't exist")
[SQL: INSERT INTO cme_1percent_ec (`Date`, con_p, diff, diff_p, id) VALUES (%(Date)s, %(con_p)s, %(diff)s, %(diff_p)s, %(id)s)]
[parameters: ({'Date': '20220203', 'con_p': 1.09, 'diff': 0.0014, 'diff_p': 0.13, 'id': 101}, {'Date': '20220309', 'con_p': 1.57, 'diff': -0.0093, 'diff_p': -0.83, 'id': 123}, {'Date': '20220517', 'con_p': 1.02, 'diff': -0.007, 'diff_p': -0.67, 'id': 171}, {'Date': '20220519', 'con_p': 1.18, 'diff': -0.0053, 'diff_p': -0.5, 'id': 173}, {'Date': '20220523', 'con_p': 1.39, 'diff': 0.0031, 'diff_p': 0.29, 'id': 175}, {'Date': '20220616', 'con_p': 1.43, 'diff': -0.0085, 'diff_p': -0.8, 'id': 192}, {'Date': '20220928', 'con_p': 1.51, 'diff': 0.0044, 'diff_p': 0.45, 'id': 263}, {'Date': '20221004', 'con_p': 1.84, 'diff': -0.0106, 'diff_p': -1.05, 'id': 267}  ... displaying 10 of 20 total bound parameter sets ...  {'Date': '20230615', 'con_p': 1.53, 'diff': -0.0007, 'diff_p': -0.06, 'id': 433}, {'Date': '20230712', 'con_p': 1.26, 'diff': 0.0083, 'diff_p': 0.74, 'id': 450})]
(Background on this error at: http://sqlalche.me/e/f405)
  0%|          | 0/16 [00:00<?, ?it/s]  6%|▋         | 1/16 [00:00<00:04,  3.57it/s] 12%|█▎        | 2/16 [00:00<00:03,  3.55it/s] 19%|█▉        | 3/16 [00:00<00:03,  3.66it/s] 25%|██▌       | 4/16 [00:01<00:03,  3.81it/s] 31%|███▏      | 5/16 [00:01<00:02,  3.98it/s] 38%|███▊      | 6/16 [00:01<00:02,  4.07it/s] 44%|████▍     | 7/16 [00:01<00:02,  4.17it/s] 50%|█████     | 8/16 [00:01<00:01,  4.13it/s] 56%|█████▋    | 9/16 [00:02<00:01,  4.24it/s] 62%|██████▎   | 10/16 [00:02<00:01,  4.30it/s] 69%|██████▉   | 11/16 [00:02<00:01,  4.28it/s] 75%|███████▌  | 12/16 [00:02<00:00,  4.19it/s] 81%|████████▏ | 13/16 [00:03<00:00,  4.15it/s] 88%|████████▊ | 14/16 [00:03<00:00,  4.11it/s] 94%|█████████▍| 15/16 [00:03<00:00,  4.09it/s]100%|██████████| 16/16 [00:03<00:00,  4.08it/s]100%|██████████| 16/16 [00:03<00:00,  4.09it/s]
    id mod_name  p_count  p_avg  ...    p_win    n_win  p_maxpt  n_maxpt
0    1    微型S&P     35.0   0.87  ...  47.9452  52.0548   100.00  -162.00
1    2   NASDAQ     43.0   1.07  ...  55.8442  44.1558   403.00  -704.25
2    3      台指期     40.0   0.68  ...  61.5385  38.4615   395.00  -509.00
3    4     小型道瓊     30.0   0.79  ...  51.7241  48.2759   747.00 -1141.00
4    5       澳幣     18.0   0.67  ...  47.3684  52.6316     0.01    -0.01
5    6       英鎊     11.0   1.15  ...  47.8261  52.1739     0.02    -0.02
6    7       加幣      6.0   0.38  ...  60.0000  40.0000     0.01    -0.01
7    8       歐元     10.0   0.50  ...  50.0000  50.0000     0.01    -0.01
8    9       日圓     11.0   0.39  ...  42.3077  57.6923  1105.00 -1690.00
9   10     瑞士法郎      7.0   0.56  ...  43.7500  56.2500     0.01    -0.01
10  11       玉米     40.0   1.00  ...  50.6329  49.3671    27.25   -34.50
11  12       黃豆     41.0   1.13  ...  50.0000  50.0000    76.00   -62.50
12  13       小麥     30.0   1.61  ...  44.7761  55.2239    65.75   -70.00
13  14       黃金     21.0   0.77  ...  46.6667  53.3333    49.30   -48.10
14  15       白銀     42.0   1.72  ...  56.0000  44.0000     1.55    -0.97
15  16      輕原油     44.0   1.63  ...  47.8261  52.1739     6.88    -7.94

[16 rows x 12 columns]
  0%|          | 0/16 [00:00<?, ?it/s]  6%|▋         | 1/16 [00:00<00:04,  3.59it/s] 12%|█▎        | 2/16 [00:00<00:03,  3.65it/s] 19%|█▉        | 3/16 [00:00<00:03,  3.78it/s] 25%|██▌       | 4/16 [00:01<00:03,  3.87it/s] 31%|███▏      | 5/16 [00:01<00:02,  4.02it/s] 38%|███▊      | 6/16 [00:01<00:02,  4.16it/s] 44%|████▍     | 7/16 [00:01<00:02,  4.11it/s] 50%|█████     | 8/16 [00:02<00:02,  3.90it/s] 56%|█████▋    | 9/16 [00:02<00:01,  3.53it/s] 62%|██████▎   | 10/16 [00:02<00:01,  3.52it/s] 69%|██████▉   | 11/16 [00:02<00:01,  3.45it/s] 75%|███████▌  | 12/16 [00:03<00:01,  3.45it/s] 81%|████████▏ | 13/16 [00:03<00:00,  3.46it/s] 88%|████████▊ | 14/16 [00:03<00:00,  3.48it/s] 94%|█████████▍| 15/16 [00:04<00:00,  3.55it/s]100%|██████████| 16/16 [00:04<00:00,  3.58it/s]100%|██████████| 16/16 [00:04<00:00,  3.68it/s]
    id mod_name  p_count  p_avg  ...    p_win    n_win  p_maxpt  n_maxpt
0    1    微型S&P     35.0   0.87  ...  47.9452  52.0548   100.00  -162.00
1    2   NASDAQ     43.0   1.07  ...  55.8442  44.1558   403.00  -704.25
2    3      台指期     40.0   0.68  ...  61.5385  38.4615   395.00  -509.00
3    4     小型道瓊     30.0   0.79  ...  51.7241  48.2759   747.00 -1141.00
4    5       澳幣     18.0   0.67  ...  47.3684  52.6316     0.01    -0.01
5    6       英鎊     11.0   1.15  ...  47.8261  52.1739     0.02    -0.02
6    7       加幣      6.0   0.38  ...  60.0000  40.0000     0.01    -0.01
7    8       歐元     10.0   0.50  ...  50.0000  50.0000     0.01    -0.01
8    9       日圓     11.0   0.39  ...  42.3077  57.6923  1105.00 -1690.00
9   10     瑞士法郎      7.0   0.56  ...  43.7500  56.2500     0.01    -0.01
10  11       玉米     40.0   1.00  ...  50.6329  49.3671    27.25   -34.50
11  12       黃豆     41.0   1.13  ...  50.0000  50.0000    76.00   -62.50
12  13       小麥     30.0   1.61  ...  44.7761  55.2239    65.75   -70.00
13  14       黃金     21.0   0.77  ...  46.6667  53.3333    49.30   -48.10
14  15       白銀     42.0   1.72  ...  56.0000  44.0000     1.55    -0.97
15  16      輕原油     44.0   1.63  ...  48.3516  51.6484     6.88    -7.94

[16 rows x 12 columns]
  0%|          | 0/16 [00:00<?, ?it/s]  6%|▋         | 1/16 [00:00<00:04,  3.17it/s] 12%|█▎        | 2/16 [00:00<00:04,  3.41it/s] 19%|█▉        | 3/16 [00:00<00:03,  3.58it/s] 25%|██▌       | 4/16 [00:01<00:03,  3.71it/s] 31%|███▏      | 5/16 [00:01<00:02,  3.78it/s] 38%|███▊      | 6/16 [00:01<00:02,  3.91it/s] 44%|████▍     | 7/16 [00:01<00:02,  3.97it/s] 50%|█████     | 8/16 [00:02<00:01,  4.02it/s] 56%|█████▋    | 9/16 [00:02<00:01,  4.04it/s] 62%|██████▎   | 10/16 [00:02<00:01,  4.08it/s] 69%|██████▉   | 11/16 [00:02<00:01,  4.04it/s] 75%|███████▌  | 12/16 [00:03<00:00,  4.02it/s] 81%|████████▏ | 13/16 [00:03<00:00,  3.96it/s] 88%|████████▊ | 14/16 [00:03<00:00,  3.87it/s] 94%|█████████▍| 15/16 [00:03<00:00,  3.86it/s]100%|██████████| 16/16 [00:04<00:00,  3.91it/s]100%|██████████| 16/16 [00:04<00:00,  3.95it/s]
    id mod_name  p_count  p_avg  ...    p_win    n_win  p_maxpt  n_maxpt
0    1    微型S&P     35.0   0.87  ...  47.9452  52.0548   100.00  -162.00
1    2   NASDAQ     43.0   1.07  ...  55.8442  44.1558   403.00  -704.25
2    3      台指期     40.0   0.68  ...  61.5385  38.4615   395.00  -509.00
3    4     小型道瓊     30.0   0.79  ...  51.7241  48.2759   747.00 -1141.00
4    5       澳幣     19.0   0.65  ...  48.7179  51.2821     0.01    -0.01
5    6       英鎊     11.0   1.15  ...  47.8261  52.1739     0.02    -0.02
6    7       加幣      6.0   0.38  ...  60.0000  40.0000     0.01    -0.01
7    8       歐元     10.0   0.50  ...  50.0000  50.0000     0.01    -0.01
8    9       日圓     11.0   0.39  ...  42.3077  57.6923  1105.00 -1690.00
9   10     瑞士法郎      7.0   0.56  ...  43.7500  56.2500     0.01    -0.01
10  11       玉米     40.0   1.00  ...  50.0000  50.0000    27.25   -34.50
11  12       黃豆     41.0   1.13  ...  50.6173  49.3827    76.00   -62.50
12  13       小麥     30.0   1.61  ...  44.7761  55.2239    65.75   -70.00
13  14       黃金     21.0   0.77  ...  46.6667  53.3333    49.30   -48.10
14  15       白銀     42.0   1.72  ...  56.0000  44.0000     1.55    -0.97
15  16      輕原油     44.0   1.63  ...  48.3516  51.6484     6.88    -7.94

[16 rows x 12 columns]
  0%|          | 0/16 [00:00<?, ?it/s]  6%|▋         | 1/16 [00:00<00:04,  3.70it/s] 12%|█▎        | 2/16 [00:00<00:03,  3.63it/s] 19%|█▉        | 3/16 [00:00<00:03,  3.50it/s] 25%|██▌       | 4/16 [00:01<00:03,  3.29it/s] 31%|███▏      | 5/16 [00:01<00:03,  3.28it/s] 38%|███▊      | 6/16 [00:01<00:02,  3.36it/s] 44%|████▍     | 7/16 [00:02<00:02,  3.33it/s] 50%|█████     | 8/16 [00:02<00:02,  3.41it/s] 56%|█████▋    | 9/16 [00:02<00:02,  3.40it/s] 62%|██████▎   | 10/16 [00:02<00:01,  3.39it/s] 69%|██████▉   | 11/16 [00:03<00:01,  3.38it/s] 75%|███████▌  | 12/16 [00:03<00:01,  3.37it/s] 81%|████████▏ | 13/16 [00:03<00:00,  3.37it/s] 88%|████████▊ | 14/16 [00:04<00:00,  3.41it/s] 94%|█████████▍| 15/16 [00:04<00:00,  3.41it/s]100%|██████████| 16/16 [00:04<00:00,  3.59it/s]100%|██████████| 16/16 [00:04<00:00,  3.41it/s]
    id mod_name  p_count  p_avg  ...    p_win    n_win  p_maxpt  n_maxpt
0    1    微型S&P     35.0   0.87  ...  47.9452  52.0548   100.00  -162.00
1    2   NASDAQ     43.0   1.07  ...  55.8442  44.1558   403.00  -704.25
2    3      台指期     40.0   0.68  ...  61.5385  38.4615   395.00  -509.00
3    4     小型道瓊     30.0   0.79  ...  51.7241  48.2759   747.00 -1141.00
4    5       澳幣     19.0   0.65  ...  48.7179  51.2821     0.01    -0.01
5    6       英鎊     11.0   1.15  ...  47.8261  52.1739     0.02    -0.02
6    7       加幣      6.0   0.38  ...  60.0000  40.0000     0.01    -0.01
7    8       歐元     10.0   0.50  ...  50.0000  50.0000     0.01    -0.01
8    9       日圓     11.0   0.39  ...  42.3077  57.6923  1105.00 -1690.00
9   10     瑞士法郎      7.0   0.56  ...  43.7500  56.2500     0.01    -0.01
10  11       玉米     40.0   1.00  ...  50.0000  50.0000    27.25   -34.50
11  12       黃豆     41.0   1.13  ...  50.6173  49.3827    76.00   -62.50
12  13       小麥     30.0   1.61  ...  44.7761  55.2239    65.75   -70.00
13  14       黃金     21.0   0.77  ...  46.6667  53.3333    49.30   -48.10
14  15       白銀     42.0   1.72  ...  56.0000  44.0000     1.55    -0.97
15  16      輕原油     44.0   1.63  ...  48.3516  51.6484     6.88    -7.94

[16 rows x 12 columns]
  0%|          | 0/16 [00:00<?, ?it/s]  6%|▋         | 1/16 [00:00<00:04,  3.55it/s] 12%|█▎        | 2/16 [00:00<00:03,  3.51it/s] 19%|█▉        | 3/16 [00:00<00:03,  3.59it/s] 25%|██▌       | 4/16 [00:01<00:03,  3.65it/s] 31%|███▏      | 5/16 [00:01<00:02,  3.81it/s] 38%|███▊      | 6/16 [00:01<00:02,  3.94it/s] 44%|████▍     | 7/16 [00:01<00:02,  4.00it/s] 50%|█████     | 8/16 [00:02<00:01,  4.07it/s] 56%|█████▋    | 9/16 [00:02<00:01,  4.10it/s] 62%|██████▎   | 10/16 [00:02<00:01,  4.14it/s] 69%|██████▉   | 11/16 [00:02<00:01,  4.03it/s] 75%|███████▌  | 12/16 [00:03<00:00,  4.04it/s] 81%|████████▏ | 13/16 [00:03<00:00,  3.97it/s] 88%|████████▊ | 14/16 [00:03<00:00,  3.98it/s] 94%|█████████▍| 15/16 [00:03<00:00,  4.00it/s]100%|██████████| 16/16 [00:04<00:00,  4.03it/s]100%|██████████| 16/16 [00:04<00:00,  3.97it/s]
    id mod_name  p_count  p_avg  ...    p_win    n_win  p_maxpt  n_maxpt
0    1    微型S&P     35.0   0.87  ...  47.9452  52.0548   100.00  -162.00
1    2   NASDAQ     43.0   1.07  ...  55.8442  44.1558   403.00  -704.25
2    3      台指期     40.0   0.68  ...  61.5385  38.4615   395.00  -509.00
3    4     小型道瓊     30.0   0.79  ...  51.7241  48.2759   747.00 -1141.00
4    5       澳幣     19.0   0.65  ...  48.7179  51.2821     0.01    -0.01
5    6       英鎊     11.0   1.15  ...  47.8261  52.1739     0.02    -0.02
6    7       加幣      6.0   0.38  ...  60.0000  40.0000     0.01    -0.01
7    8       歐元     10.0   0.50  ...  50.0000  50.0000     0.01    -0.01
8    9       日圓     11.0   0.39  ...  42.3077  57.6923  1105.00 -1690.00
9   10     瑞士法郎      7.0   0.56  ...  43.7500  56.2500     0.01    -0.01
10  11       玉米     40.0   1.00  ...  50.6329  49.3671    27.25   -34.50
11  12       黃豆     41.0   1.13  ...  50.6173  49.3827    76.00   -62.50
12  13       小麥     30.0   1.61  ...  44.7761  55.2239    65.75   -70.00
13  14       黃金     21.0   0.77  ...  46.6667  53.3333    49.30   -48.10
14  15       白銀     42.0   1.72  ...  56.0000  44.0000     1.55    -0.97
15  16      輕原油     43.0   1.67  ...  47.7778  52.2222     6.88    -7.94

[16 rows x 12 columns]
  0%|          | 0/16 [00:00<?, ?it/s]  6%|▋         | 1/16 [00:00<00:04,  3.19it/s] 12%|█▎        | 2/16 [00:00<00:04,  3.43it/s] 19%|█▉        | 3/16 [00:00<00:03,  3.61it/s] 25%|██▌       | 4/16 [00:01<00:03,  3.73it/s] 31%|███▏      | 5/16 [00:01<00:02,  3.84it/s] 38%|███▊      | 6/16 [00:01<00:02,  3.91it/s] 44%|████▍     | 7/16 [00:01<00:02,  3.91it/s] 44%|████▍     | 7/16 [00:01<00:02,  3.63it/s]
Traceback (most recent call last):
  File "/home/targets/anaconda3/lib/python3.7/site-packages/sqlalchemy/engine/base.py", line 1246, in _execute_context
    cursor, statement, parameters, context
  File "/home/targets/anaconda3/lib/python3.7/site-packages/sqlalchemy/engine/default.py", line 588, in do_execute
    cursor.execute(statement, parameters)
  File "/home/targets/anaconda3/lib/python3.7/site-packages/pymysql/cursors.py", line 148, in execute
    result = self._query(query)
  File "/home/targets/anaconda3/lib/python3.7/site-packages/pymysql/cursors.py", line 310, in _query
    conn.query(q)
  File "/home/targets/anaconda3/lib/python3.7/site-packages/pymysql/connections.py", line 548, in query
    self._affected_rows = self._read_query_result(unbuffered=unbuffered)
  File "/home/targets/anaconda3/lib/python3.7/site-packages/pymysql/connections.py", line 775, in _read_query_result
    result.read()
  File "/home/targets/anaconda3/lib/python3.7/site-packages/pymysql/connections.py", line 1156, in read
    first_packet = self.connection._read_packet()
  File "/home/targets/anaconda3/lib/python3.7/site-packages/pymysql/connections.py", line 725, in _read_packet
    packet.raise_for_error()
  File "/home/targets/anaconda3/lib/python3.7/site-packages/pymysql/protocol.py", line 221, in raise_for_error
    err.raise_mysql_exception(self._data)
  File "/home/targets/anaconda3/lib/python3.7/site-packages/pymysql/err.py", line 143, in raise_mysql_exception
    raise errorclass(errno, errval)
pymysql.err.OperationalError: (1050, "Table 'cme_1percent_ec' already exists")

The above exception was the direct cause of the following exception:

Traceback (most recent call last):
  File "/home/targets/autocommit/EXCEL_AutoUpdate/CME_1percent_MySQL.py", line 89, in <module>
    df_from_dict.to_sql('cme_'+str(1)+'percent_'+tablename, engine2, if_exists = 'replace',index=False)
  File "/home/targets/anaconda3/lib/python3.7/site-packages/pandas/core/generic.py", line 2882, in to_sql
    method=method,
  File "/home/targets/anaconda3/lib/python3.7/site-packages/pandas/io/sql.py", line 728, in to_sql
    **engine_kwargs,
  File "/home/targets/anaconda3/lib/python3.7/site-packages/pandas/io/sql.py", line 1758, in to_sql
    dtype=dtype,
  File "/home/targets/anaconda3/lib/python3.7/site-packages/pandas/io/sql.py", line 1650, in prep_table
    table.create()
  File "/home/targets/anaconda3/lib/python3.7/site-packages/pandas/io/sql.py", line 861, in create
    self._execute_create()
  File "/home/targets/anaconda3/lib/python3.7/site-packages/pandas/io/sql.py", line 853, in _execute_create
    self.table.create()
  File "/home/targets/anaconda3/lib/python3.7/site-packages/sqlalchemy/sql/schema.py", line 870, in create
    bind._run_visitor(ddl.SchemaGenerator, self, checkfirst=checkfirst)
  File "/home/targets/anaconda3/lib/python3.7/site-packages/sqlalchemy/engine/base.py", line 2049, in _run_visitor
    conn._run_visitor(visitorcallable, element, **kwargs)
  File "/home/targets/anaconda3/lib/python3.7/site-packages/sqlalchemy/engine/base.py", line 1618, in _run_visitor
    visitorcallable(self.dialect, self, **kwargs).traverse_single(element)
  File "/home/targets/anaconda3/lib/python3.7/site-packages/sqlalchemy/sql/visitors.py", line 138, in traverse_single
    return meth(obj, **kw)
  File "/home/targets/anaconda3/lib/python3.7/site-packages/sqlalchemy/sql/ddl.py", line 826, in visit_table
    include_foreign_key_constraints,  # noqa
  File "/home/targets/anaconda3/lib/python3.7/site-packages/sqlalchemy/engine/base.py", line 982, in execute
    return meth(self, multiparams, params)
  File "/home/targets/anaconda3/lib/python3.7/site-packages/sqlalchemy/sql/ddl.py", line 72, in _execute_on_connection
    return connection._execute_ddl(self, multiparams, params)
  File "/home/targets/anaconda3/lib/python3.7/site-packages/sqlalchemy/engine/base.py", line 1044, in _execute_ddl
    compiled,
  File "/home/targets/anaconda3/lib/python3.7/site-packages/sqlalchemy/engine/base.py", line 1250, in _execute_context
    e, statement, parameters, cursor, context
  File "/home/targets/anaconda3/lib/python3.7/site-packages/sqlalchemy/engine/base.py", line 1476, in _handle_dbapi_exception
    util.raise_from_cause(sqlalchemy_exception, exc_info)
  File "/home/targets/anaconda3/lib/python3.7/site-packages/sqlalchemy/util/compat.py", line 398, in raise_from_cause
    reraise(type(exception), exception, tb=exc_tb, cause=cause)
  File "/home/targets/anaconda3/lib/python3.7/site-packages/sqlalchemy/util/compat.py", line 152, in reraise
    raise value.with_traceback(tb)
  File "/home/targets/anaconda3/lib/python3.7/site-packages/sqlalchemy/engine/base.py", line 1246, in _execute_context
    cursor, statement, parameters, context
  File "/home/targets/anaconda3/lib/python3.7/site-packages/sqlalchemy/engine/default.py", line 588, in do_execute
    cursor.execute(statement, parameters)
  File "/home/targets/anaconda3/lib/python3.7/site-packages/pymysql/cursors.py", line 148, in execute
    result = self._query(query)
  File "/home/targets/anaconda3/lib/python3.7/site-packages/pymysql/cursors.py", line 310, in _query
    conn.query(q)
  File "/home/targets/anaconda3/lib/python3.7/site-packages/pymysql/connections.py", line 548, in query
    self._affected_rows = self._read_query_result(unbuffered=unbuffered)
  File "/home/targets/anaconda3/lib/python3.7/site-packages/pymysql/connections.py", line 775, in _read_query_result
    result.read()
  File "/home/targets/anaconda3/lib/python3.7/site-packages/pymysql/connections.py", line 1156, in read
    first_packet = self.connection._read_packet()
  File "/home/targets/anaconda3/lib/python3.7/site-packages/pymysql/connections.py", line 725, in _read_packet
    packet.raise_for_error()
  File "/home/targets/anaconda3/lib/python3.7/site-packages/pymysql/protocol.py", line 221, in raise_for_error
    err.raise_mysql_exception(self._data)
  File "/home/targets/anaconda3/lib/python3.7/site-packages/pymysql/err.py", line 143, in raise_mysql_exception
    raise errorclass(errno, errval)
sqlalchemy.exc.OperationalError: (pymysql.err.OperationalError) (1050, "Table 'cme_1percent_ec' already exists")
[SQL: 
CREATE TABLE cme_1percent_ec (
	`Date` TEXT, 
	con_p FLOAT(53), 
	diff FLOAT(53), 
	diff_p FLOAT(53), 
	id BIGINT
)

]
(Background on this error at: http://sqlalche.me/e/e3q8)
  0%|          | 0/16 [00:00<?, ?it/s]  6%|▋         | 1/16 [00:00<00:03,  3.77it/s] 12%|█▎        | 2/16 [00:00<00:03,  3.88it/s] 19%|█▉        | 3/16 [00:00<00:03,  4.00it/s] 25%|██▌       | 4/16 [00:00<00:02,  4.06it/s] 31%|███▏      | 5/16 [00:01<00:02,  4.15it/s] 38%|███▊      | 6/16 [00:01<00:02,  4.21it/s] 44%|████▍     | 7/16 [00:01<00:02,  4.27it/s] 50%|█████     | 8/16 [00:01<00:01,  4.29it/s] 56%|█████▋    | 9/16 [00:02<00:01,  4.32it/s] 62%|██████▎   | 10/16 [00:02<00:01,  4.38it/s] 69%|██████▉   | 11/16 [00:02<00:01,  4.29it/s] 75%|███████▌  | 12/16 [00:02<00:00,  4.24it/s] 81%|████████▏ | 13/16 [00:03<00:00,  4.25it/s] 88%|████████▊ | 14/16 [00:03<00:00,  4.25it/s] 94%|█████████▍| 15/16 [00:03<00:00,  4.19it/s]100%|██████████| 16/16 [00:03<00:00,  4.21it/s]100%|██████████| 16/16 [00:03<00:00,  4.24it/s]
    id mod_name  p_count  p_avg  ...    p_win    n_win  p_maxpt  n_maxpt
0    1    微型S&P     35.0   0.87  ...  47.9452  52.0548   100.00  -162.00
1    2   NASDAQ     43.0   1.07  ...  55.1282  44.8718   403.00  -704.25
2    3      台指期     40.0   0.68  ...  61.5385  38.4615   395.00  -509.00
3    4     小型道瓊     30.0   0.79  ...  51.7241  48.2759   747.00 -1141.00
4    5       澳幣     19.0   0.65  ...  48.7179  51.2821     0.01    -0.01
5    6       英鎊     11.0   1.15  ...  47.8261  52.1739     0.02    -0.02
6    7       加幣      6.0   0.38  ...  60.0000  40.0000     0.01    -0.01
7    8       歐元     10.0   0.50  ...  50.0000  50.0000     0.01    -0.01
8    9       日圓     11.0   0.39  ...  42.3077  57.6923  1105.00 -1690.00
9   10     瑞士法郎      7.0   0.56  ...  43.7500  56.2500     0.01    -0.01
10  11       玉米     39.0   0.96  ...  50.0000  50.0000    27.25   -34.50
11  12       黃豆     41.0   1.13  ...  50.6173  49.3827    76.00   -62.50
12  13       小麥     29.0   1.61  ...  43.9394  56.0606    65.75   -70.00
13  14       黃金     21.0   0.77  ...  46.6667  53.3333    49.30   -48.10
14  15       白銀     42.0   1.72  ...  56.0000  44.0000     1.55    -0.97
15  16      輕原油     43.0   1.67  ...  47.7778  52.2222     6.88    -7.94

[16 rows x 12 columns]
  0%|          | 0/16 [00:00<?, ?it/s]  6%|▋         | 1/16 [00:00<00:04,  3.18it/s] 12%|█▎        | 2/16 [00:00<00:04,  3.44it/s] 19%|█▉        | 3/16 [00:00<00:03,  3.65it/s] 25%|██▌       | 4/16 [00:01<00:03,  3.78it/s] 31%|███▏      | 5/16 [00:01<00:02,  3.96it/s] 38%|███▊      | 6/16 [00:01<00:02,  4.12it/s] 44%|████▍     | 7/16 [00:01<00:02,  4.23it/s] 50%|█████     | 8/16 [00:01<00:01,  4.28it/s] 56%|█████▋    | 9/16 [00:02<00:01,  4.31it/s] 62%|██████▎   | 10/16 [00:02<00:01,  4.32it/s] 62%|██████▎   | 10/16 [00:02<00:01,  3.98it/s]
Traceback (most recent call last):
  File "/home/targets/anaconda3/lib/python3.7/site-packages/sqlalchemy/engine/base.py", line 1246, in _execute_context
    cursor, statement, parameters, context
  File "/home/targets/anaconda3/lib/python3.7/site-packages/sqlalchemy/engine/default.py", line 588, in do_execute
    cursor.execute(statement, parameters)
  File "/home/targets/anaconda3/lib/python3.7/site-packages/pymysql/cursors.py", line 148, in execute
    result = self._query(query)
  File "/home/targets/anaconda3/lib/python3.7/site-packages/pymysql/cursors.py", line 310, in _query
    conn.query(q)
  File "/home/targets/anaconda3/lib/python3.7/site-packages/pymysql/connections.py", line 548, in query
    self._affected_rows = self._read_query_result(unbuffered=unbuffered)
  File "/home/targets/anaconda3/lib/python3.7/site-packages/pymysql/connections.py", line 775, in _read_query_result
    result.read()
  File "/home/targets/anaconda3/lib/python3.7/site-packages/pymysql/connections.py", line 1156, in read
    first_packet = self.connection._read_packet()
  File "/home/targets/anaconda3/lib/python3.7/site-packages/pymysql/connections.py", line 725, in _read_packet
    packet.raise_for_error()
  File "/home/targets/anaconda3/lib/python3.7/site-packages/pymysql/protocol.py", line 221, in raise_for_error
    err.raise_mysql_exception(self._data)
  File "/home/targets/anaconda3/lib/python3.7/site-packages/pymysql/err.py", line 143, in raise_mysql_exception
    raise errorclass(errno, errval)
pymysql.err.OperationalError: (1051, "Unknown table 'webaiuse.cme_1percent_zc'")

The above exception was the direct cause of the following exception:

Traceback (most recent call last):
  File "/home/targets/autocommit/EXCEL_AutoUpdate/CME_1percent_MySQL.py", line 89, in <module>
    df_from_dict.to_sql('cme_'+str(1)+'percent_'+tablename, engine2, if_exists = 'replace',index=False)
  File "/home/targets/anaconda3/lib/python3.7/site-packages/pandas/core/generic.py", line 2882, in to_sql
    method=method,
  File "/home/targets/anaconda3/lib/python3.7/site-packages/pandas/io/sql.py", line 728, in to_sql
    **engine_kwargs,
  File "/home/targets/anaconda3/lib/python3.7/site-packages/pandas/io/sql.py", line 1758, in to_sql
    dtype=dtype,
  File "/home/targets/anaconda3/lib/python3.7/site-packages/pandas/io/sql.py", line 1650, in prep_table
    table.create()
  File "/home/targets/anaconda3/lib/python3.7/site-packages/pandas/io/sql.py", line 860, in create
    self.pd_sql.drop_table(self.name, self.schema)
  File "/home/targets/anaconda3/lib/python3.7/site-packages/pandas/io/sql.py", line 1810, in drop_table
    self.get_table(table_name, schema).drop()
  File "/home/targets/anaconda3/lib/python3.7/site-packages/sqlalchemy/sql/schema.py", line 884, in drop
    bind._run_visitor(ddl.SchemaDropper, self, checkfirst=checkfirst)
  File "/home/targets/anaconda3/lib/python3.7/site-packages/sqlalchemy/engine/base.py", line 2049, in _run_visitor
    conn._run_visitor(visitorcallable, element, **kwargs)
  File "/home/targets/anaconda3/lib/python3.7/site-packages/sqlalchemy/engine/base.py", line 1618, in _run_visitor
    visitorcallable(self.dialect, self, **kwargs).traverse_single(element)
  File "/home/targets/anaconda3/lib/python3.7/site-packages/sqlalchemy/sql/visitors.py", line 138, in traverse_single
    return meth(obj, **kw)
  File "/home/targets/anaconda3/lib/python3.7/site-packages/sqlalchemy/sql/ddl.py", line 1002, in visit_table
    self.connection.execute(DropTable(table))
  File "/home/targets/anaconda3/lib/python3.7/site-packages/sqlalchemy/engine/base.py", line 982, in execute
    return meth(self, multiparams, params)
  File "/home/targets/anaconda3/lib/python3.7/site-packages/sqlalchemy/sql/ddl.py", line 72, in _execute_on_connection
    return connection._execute_ddl(self, multiparams, params)
  File "/home/targets/anaconda3/lib/python3.7/site-packages/sqlalchemy/engine/base.py", line 1044, in _execute_ddl
    compiled,
  File "/home/targets/anaconda3/lib/python3.7/site-packages/sqlalchemy/engine/base.py", line 1250, in _execute_context
    e, statement, parameters, cursor, context
  File "/home/targets/anaconda3/lib/python3.7/site-packages/sqlalchemy/engine/base.py", line 1476, in _handle_dbapi_exception
    util.raise_from_cause(sqlalchemy_exception, exc_info)
  File "/home/targets/anaconda3/lib/python3.7/site-packages/sqlalchemy/util/compat.py", line 398, in raise_from_cause
    reraise(type(exception), exception, tb=exc_tb, cause=cause)
  File "/home/targets/anaconda3/lib/python3.7/site-packages/sqlalchemy/util/compat.py", line 152, in reraise
    raise value.with_traceback(tb)
  File "/home/targets/anaconda3/lib/python3.7/site-packages/sqlalchemy/engine/base.py", line 1246, in _execute_context
    cursor, statement, parameters, context
  File "/home/targets/anaconda3/lib/python3.7/site-packages/sqlalchemy/engine/default.py", line 588, in do_execute
    cursor.execute(statement, parameters)
  File "/home/targets/anaconda3/lib/python3.7/site-packages/pymysql/cursors.py", line 148, in execute
    result = self._query(query)
  File "/home/targets/anaconda3/lib/python3.7/site-packages/pymysql/cursors.py", line 310, in _query
    conn.query(q)
  File "/home/targets/anaconda3/lib/python3.7/site-packages/pymysql/connections.py", line 548, in query
    self._affected_rows = self._read_query_result(unbuffered=unbuffered)
  File "/home/targets/anaconda3/lib/python3.7/site-packages/pymysql/connections.py", line 775, in _read_query_result
    result.read()
  File "/home/targets/anaconda3/lib/python3.7/site-packages/pymysql/connections.py", line 1156, in read
    first_packet = self.connection._read_packet()
  File "/home/targets/anaconda3/lib/python3.7/site-packages/pymysql/connections.py", line 725, in _read_packet
    packet.raise_for_error()
  File "/home/targets/anaconda3/lib/python3.7/site-packages/pymysql/protocol.py", line 221, in raise_for_error
    err.raise_mysql_exception(self._data)
  File "/home/targets/anaconda3/lib/python3.7/site-packages/pymysql/err.py", line 143, in raise_mysql_exception
    raise errorclass(errno, errval)
sqlalchemy.exc.OperationalError: (pymysql.err.OperationalError) (1051, "Unknown table 'webaiuse.cme_1percent_zc'")
[SQL: 
DROP TABLE cme_1percent_zc]
(Background on this error at: http://sqlalche.me/e/e3q8)
  0%|          | 0/16 [00:00<?, ?it/s]  6%|▋         | 1/16 [00:00<00:04,  3.16it/s] 12%|█▎        | 2/16 [00:00<00:04,  3.22it/s] 19%|█▉        | 3/16 [00:00<00:03,  3.42it/s] 25%|██▌       | 4/16 [00:01<00:03,  3.55it/s] 31%|███▏      | 5/16 [00:01<00:02,  3.79it/s] 38%|███▊      | 6/16 [00:01<00:02,  3.96it/s] 44%|████▍     | 7/16 [00:01<00:02,  4.00it/s] 50%|█████     | 8/16 [00:02<00:01,  4.12it/s] 56%|█████▋    | 9/16 [00:02<00:01,  4.25it/s] 62%|██████▎   | 10/16 [00:02<00:01,  4.29it/s] 69%|██████▉   | 11/16 [00:02<00:01,  4.24it/s] 75%|███████▌  | 12/16 [00:02<00:00,  4.21it/s] 81%|████████▏ | 13/16 [00:03<00:00,  4.22it/s] 88%|████████▊ | 14/16 [00:03<00:00,  4.21it/s] 94%|█████████▍| 15/16 [00:03<00:00,  4.20it/s]100%|██████████| 16/16 [00:03<00:00,  4.17it/s]100%|██████████| 16/16 [00:03<00:00,  4.07it/s]
    id mod_name  p_count  p_avg  ...    p_win    n_win  p_maxpt  n_maxpt
0    1    微型S&P     36.0   0.86  ...  48.6486  51.3514   100.00  -162.00
1    2   NASDAQ     44.0   1.06  ...  55.6962  44.3038   403.00  -704.25
2    3      台指期     40.0   0.68  ...  61.5385  38.4615   395.00  -509.00
3    4     小型道瓊     30.0   0.79  ...  51.7241  48.2759   747.00 -1141.00
4    5       澳幣     19.0   0.65  ...  48.7179  51.2821     0.01    -0.01
5    6       英鎊     11.0   1.15  ...  47.8261  52.1739     0.02    -0.02
6    7       加幣      6.0   0.38  ...  60.0000  40.0000     0.01    -0.01
7    8       歐元     10.0   0.50  ...  50.0000  50.0000     0.01    -0.01
8    9       日圓     11.0   0.39  ...  42.3077  57.6923  1105.00 -1690.00
9   10     瑞士法郎      7.0   0.56  ...  43.7500  56.2500     0.01    -0.01
10  11       玉米     39.0   0.96  ...  50.0000  50.0000    27.25   -34.50
11  12       黃豆     41.0   1.13  ...  50.6173  49.3827    76.00   -62.50
12  13       小麥     28.0   1.66  ...  43.0769  56.9231    65.75   -70.00
13  14       黃金     21.0   0.77  ...  46.6667  53.3333    49.30   -48.10
14  15       白銀     41.0   1.73  ...  55.4054  44.5946     1.55    -0.97
15  16      輕原油     43.0   1.67  ...  47.7778  52.2222     6.88    -7.94

[16 rows x 12 columns]
  0%|          | 0/16 [00:00<?, ?it/s]  6%|▋         | 1/16 [00:00<00:04,  3.63it/s] 12%|█▎        | 2/16 [00:00<00:03,  3.76it/s] 19%|█▉        | 3/16 [00:00<00:03,  3.87it/s] 25%|██▌       | 4/16 [00:01<00:03,  3.95it/s] 31%|███▏      | 5/16 [00:01<00:02,  4.07it/s] 38%|███▊      | 6/16 [00:01<00:02,  4.14it/s] 44%|████▍     | 7/16 [00:01<00:02,  4.20it/s] 50%|█████     | 8/16 [00:01<00:01,  4.22it/s] 56%|█████▋    | 9/16 [00:02<00:01,  4.29it/s] 62%|██████▎   | 10/16 [00:02<00:01,  4.28it/s] 69%|██████▉   | 11/16 [00:02<00:01,  4.27it/s] 75%|███████▌  | 12/16 [00:02<00:00,  4.19it/s] 81%|████████▏ | 13/16 [00:03<00:00,  4.20it/s] 88%|████████▊ | 14/16 [00:03<00:00,  4.18it/s] 94%|█████████▍| 15/16 [00:03<00:00,  4.14it/s]100%|██████████| 16/16 [00:03<00:00,  4.02it/s]100%|██████████| 16/16 [00:03<00:00,  4.14it/s]
    id mod_name  p_count  p_avg  ...    p_win    n_win  p_maxpt  n_maxpt
0    1    微型S&P     36.0   0.86  ...  48.6486  51.3514   100.00  -162.00
1    2   NASDAQ     44.0   1.06  ...  55.6962  44.3038   403.00  -704.25
2    3      台指期     40.0   0.68  ...  61.5385  38.4615   395.00  -509.00
3    4     小型道瓊     30.0   0.79  ...  51.7241  48.2759   747.00 -1141.00
4    5       澳幣     19.0   0.65  ...  48.7179  51.2821     0.01    -0.01
5    6       英鎊     11.0   1.15  ...  47.8261  52.1739     0.02    -0.02
6    7       加幣      6.0   0.38  ...  60.0000  40.0000     0.01    -0.01
7    8       歐元     10.0   0.50  ...  50.0000  50.0000     0.01    -0.01
8    9       日圓     11.0   0.39  ...  42.3077  57.6923  1105.00 -1690.00
9   10     瑞士法郎      7.0   0.56  ...  43.7500  56.2500     0.01    -0.01
10  11       玉米     39.0   0.96  ...  50.0000  50.0000    27.25   -34.50
11  12       黃豆     41.0   1.13  ...  50.6173  49.3827    76.00   -62.50
12  13       小麥     28.0   1.66  ...  43.0769  56.9231    65.75   -70.00
13  14       黃金     22.0   0.76  ...  47.8261  52.1739    49.30   -48.10
14  15       白銀     41.0   1.73  ...  56.1644  43.8356     1.55    -0.97
15  16      輕原油     43.0   1.67  ...  47.7778  52.2222     6.88    -7.94

[16 rows x 12 columns]
  0%|          | 0/16 [00:00<?, ?it/s]  6%|▋         | 1/16 [00:00<00:04,  3.06it/s] 12%|█▎        | 2/16 [00:00<00:04,  3.28it/s] 19%|█▉        | 3/16 [00:00<00:03,  3.44it/s] 25%|██▌       | 4/16 [00:01<00:03,  3.58it/s] 31%|███▏      | 5/16 [00:01<00:02,  3.77it/s] 38%|███▊      | 6/16 [00:01<00:02,  3.88it/s] 44%|████▍     | 7/16 [00:01<00:02,  3.96it/s] 50%|█████     | 8/16 [00:02<00:01,  4.06it/s] 50%|█████     | 8/16 [00:02<00:02,  3.68it/s]
Traceback (most recent call last):
  File "/home/targets/anaconda3/lib/python3.7/site-packages/sqlalchemy/engine/base.py", line 1246, in _execute_context
    cursor, statement, parameters, context
  File "/home/targets/anaconda3/lib/python3.7/site-packages/sqlalchemy/engine/default.py", line 588, in do_execute
    cursor.execute(statement, parameters)
  File "/home/targets/anaconda3/lib/python3.7/site-packages/pymysql/cursors.py", line 148, in execute
    result = self._query(query)
  File "/home/targets/anaconda3/lib/python3.7/site-packages/pymysql/cursors.py", line 310, in _query
    conn.query(q)
  File "/home/targets/anaconda3/lib/python3.7/site-packages/pymysql/connections.py", line 548, in query
    self._affected_rows = self._read_query_result(unbuffered=unbuffered)
  File "/home/targets/anaconda3/lib/python3.7/site-packages/pymysql/connections.py", line 775, in _read_query_result
    result.read()
  File "/home/targets/anaconda3/lib/python3.7/site-packages/pymysql/connections.py", line 1156, in read
    first_packet = self.connection._read_packet()
  File "/home/targets/anaconda3/lib/python3.7/site-packages/pymysql/connections.py", line 725, in _read_packet
    packet.raise_for_error()
  File "/home/targets/anaconda3/lib/python3.7/site-packages/pymysql/protocol.py", line 221, in raise_for_error
    err.raise_mysql_exception(self._data)
  File "/home/targets/anaconda3/lib/python3.7/site-packages/pymysql/err.py", line 143, in raise_mysql_exception
    raise errorclass(errno, errval)
pymysql.err.OperationalError: (1050, "Table 'cme_1percent_jy' already exists")

The above exception was the direct cause of the following exception:

Traceback (most recent call last):
  File "/home/targets/autocommit/EXCEL_AutoUpdate/CME_1percent_MySQL.py", line 89, in <module>
    df_from_dict.to_sql('cme_'+str(1)+'percent_'+tablename, engine2, if_exists = 'replace',index=False)
  File "/home/targets/anaconda3/lib/python3.7/site-packages/pandas/core/generic.py", line 2882, in to_sql
    method=method,
  File "/home/targets/anaconda3/lib/python3.7/site-packages/pandas/io/sql.py", line 728, in to_sql
    **engine_kwargs,
  File "/home/targets/anaconda3/lib/python3.7/site-packages/pandas/io/sql.py", line 1758, in to_sql
    dtype=dtype,
  File "/home/targets/anaconda3/lib/python3.7/site-packages/pandas/io/sql.py", line 1650, in prep_table
    table.create()
  File "/home/targets/anaconda3/lib/python3.7/site-packages/pandas/io/sql.py", line 861, in create
    self._execute_create()
  File "/home/targets/anaconda3/lib/python3.7/site-packages/pandas/io/sql.py", line 853, in _execute_create
    self.table.create()
  File "/home/targets/anaconda3/lib/python3.7/site-packages/sqlalchemy/sql/schema.py", line 870, in create
    bind._run_visitor(ddl.SchemaGenerator, self, checkfirst=checkfirst)
  File "/home/targets/anaconda3/lib/python3.7/site-packages/sqlalchemy/engine/base.py", line 2049, in _run_visitor
    conn._run_visitor(visitorcallable, element, **kwargs)
  File "/home/targets/anaconda3/lib/python3.7/site-packages/sqlalchemy/engine/base.py", line 1618, in _run_visitor
    visitorcallable(self.dialect, self, **kwargs).traverse_single(element)
  File "/home/targets/anaconda3/lib/python3.7/site-packages/sqlalchemy/sql/visitors.py", line 138, in traverse_single
    return meth(obj, **kw)
  File "/home/targets/anaconda3/lib/python3.7/site-packages/sqlalchemy/sql/ddl.py", line 826, in visit_table
    include_foreign_key_constraints,  # noqa
  File "/home/targets/anaconda3/lib/python3.7/site-packages/sqlalchemy/engine/base.py", line 982, in execute
    return meth(self, multiparams, params)
  File "/home/targets/anaconda3/lib/python3.7/site-packages/sqlalchemy/sql/ddl.py", line 72, in _execute_on_connection
    return connection._execute_ddl(self, multiparams, params)
  File "/home/targets/anaconda3/lib/python3.7/site-packages/sqlalchemy/engine/base.py", line 1044, in _execute_ddl
    compiled,
  File "/home/targets/anaconda3/lib/python3.7/site-packages/sqlalchemy/engine/base.py", line 1250, in _execute_context
    e, statement, parameters, cursor, context
  File "/home/targets/anaconda3/lib/python3.7/site-packages/sqlalchemy/engine/base.py", line 1476, in _handle_dbapi_exception
    util.raise_from_cause(sqlalchemy_exception, exc_info)
  File "/home/targets/anaconda3/lib/python3.7/site-packages/sqlalchemy/util/compat.py", line 398, in raise_from_cause
    reraise(type(exception), exception, tb=exc_tb, cause=cause)
  File "/home/targets/anaconda3/lib/python3.7/site-packages/sqlalchemy/util/compat.py", line 152, in reraise
    raise value.with_traceback(tb)
  File "/home/targets/anaconda3/lib/python3.7/site-packages/sqlalchemy/engine/base.py", line 1246, in _execute_context
    cursor, statement, parameters, context
  File "/home/targets/anaconda3/lib/python3.7/site-packages/sqlalchemy/engine/default.py", line 588, in do_execute
    cursor.execute(statement, parameters)
  File "/home/targets/anaconda3/lib/python3.7/site-packages/pymysql/cursors.py", line 148, in execute
    result = self._query(query)
  File "/home/targets/anaconda3/lib/python3.7/site-packages/pymysql/cursors.py", line 310, in _query
    conn.query(q)
  File "/home/targets/anaconda3/lib/python3.7/site-packages/pymysql/connections.py", line 548, in query
    self._affected_rows = self._read_query_result(unbuffered=unbuffered)
  File "/home/targets/anaconda3/lib/python3.7/site-packages/pymysql/connections.py", line 775, in _read_query_result
    result.read()
  File "/home/targets/anaconda3/lib/python3.7/site-packages/pymysql/connections.py", line 1156, in read
    first_packet = self.connection._read_packet()
  File "/home/targets/anaconda3/lib/python3.7/site-packages/pymysql/connections.py", line 725, in _read_packet
    packet.raise_for_error()
  File "/home/targets/anaconda3/lib/python3.7/site-packages/pymysql/protocol.py", line 221, in raise_for_error
    err.raise_mysql_exception(self._data)
  File "/home/targets/anaconda3/lib/python3.7/site-packages/pymysql/err.py", line 143, in raise_mysql_exception
    raise errorclass(errno, errval)
sqlalchemy.exc.OperationalError: (pymysql.err.OperationalError) (1050, "Table 'cme_1percent_jy' already exists")
[SQL: 
CREATE TABLE cme_1percent_jy (
	`Date` TEXT, 
	con_p FLOAT(53), 
	diff BIGINT, 
	diff_p FLOAT(53), 
	id BIGINT
)

]
(Background on this error at: http://sqlalche.me/e/e3q8)
  0%|          | 0/16 [00:00<?, ?it/s]  6%|▋         | 1/16 [00:00<00:04,  3.49it/s] 12%|█▎        | 2/16 [00:00<00:03,  3.56it/s] 19%|█▉        | 3/16 [00:00<00:03,  3.67it/s] 25%|██▌       | 4/16 [00:01<00:03,  3.82it/s] 31%|███▏      | 5/16 [00:01<00:02,  3.95it/s] 38%|███▊      | 6/16 [00:01<00:02,  4.03it/s] 44%|████▍     | 7/16 [00:01<00:02,  4.08it/s] 50%|█████     | 8/16 [00:01<00:01,  4.15it/s] 56%|█████▋    | 9/16 [00:02<00:01,  4.21it/s] 62%|██████▎   | 10/16 [00:02<00:01,  4.25it/s] 69%|██████▉   | 11/16 [00:02<00:01,  4.19it/s] 75%|███████▌  | 12/16 [00:02<00:00,  4.12it/s] 81%|████████▏ | 13/16 [00:03<00:00,  4.15it/s] 88%|████████▊ | 14/16 [00:03<00:00,  4.14it/s] 94%|█████████▍| 15/16 [00:03<00:00,  4.16it/s]100%|██████████| 16/16 [00:03<00:00,  4.12it/s]100%|██████████| 16/16 [00:03<00:00,  4.09it/s]
    id mod_name  p_count  p_avg  ...    p_win    n_win  p_maxpt  n_maxpt
0    1    微型S&P     36.0   0.86  ...  48.6486  51.3514   100.00  -162.00
1    2   NASDAQ     44.0   1.06  ...  55.6962  44.3038   403.00  -704.25
2    3      台指期     40.0   0.68  ...  61.5385  38.4615   395.00  -509.00
3    4     小型道瓊     30.0   0.79  ...  51.7241  48.2759   747.00 -1141.00
4    5       澳幣     19.0   0.65  ...  48.7179  51.2821     0.01    -0.01
5    6       英鎊     11.0   1.15  ...  47.8261  52.1739     0.02    -0.02
6    7       加幣      6.0   0.38  ...  66.6667  33.3333     0.01    -0.01
7    8       歐元     10.0   0.50  ...  50.0000  50.0000     0.01    -0.01
8    9       日圓     11.0   0.39  ...  42.3077  57.6923  1105.00 -1690.00
9   10     瑞士法郎      7.0   0.56  ...  43.7500  56.2500     0.01    -0.01
10  11       玉米     39.0   0.96  ...  50.0000  50.0000    27.25   -34.50
11  12       黃豆     41.0   1.13  ...  50.6173  49.3827    76.00   -62.50
12  13       小麥     28.0   1.66  ...  43.0769  56.9231    65.75   -70.00
13  14       黃金     22.0   0.76  ...  47.8261  52.1739    49.30   -48.10
14  15       白銀     41.0   1.73  ...  56.1644  43.8356     1.55    -0.97
15  16      輕原油     43.0   1.67  ...  47.7778  52.2222     6.88    -7.94

[16 rows x 12 columns]
  0%|          | 0/16 [00:00<?, ?it/s]  6%|▋         | 1/16 [00:00<00:03,  3.85it/s] 12%|█▎        | 2/16 [00:00<00:03,  3.67it/s] 19%|█▉        | 3/16 [00:00<00:03,  3.67it/s] 25%|██▌       | 4/16 [00:01<00:03,  3.74it/s] 31%|███▏      | 5/16 [00:01<00:02,  3.85it/s] 38%|███▊      | 6/16 [00:01<00:02,  3.85it/s] 38%|███▊      | 6/16 [00:01<00:02,  3.44it/s]
Traceback (most recent call last):
  File "/home/targets/anaconda3/lib/python3.7/site-packages/sqlalchemy/engine/base.py", line 1246, in _execute_context
    cursor, statement, parameters, context
  File "/home/targets/anaconda3/lib/python3.7/site-packages/sqlalchemy/engine/default.py", line 588, in do_execute
    cursor.execute(statement, parameters)
  File "/home/targets/anaconda3/lib/python3.7/site-packages/pymysql/cursors.py", line 148, in execute
    result = self._query(query)
  File "/home/targets/anaconda3/lib/python3.7/site-packages/pymysql/cursors.py", line 310, in _query
    conn.query(q)
  File "/home/targets/anaconda3/lib/python3.7/site-packages/pymysql/connections.py", line 548, in query
    self._affected_rows = self._read_query_result(unbuffered=unbuffered)
  File "/home/targets/anaconda3/lib/python3.7/site-packages/pymysql/connections.py", line 775, in _read_query_result
    result.read()
  File "/home/targets/anaconda3/lib/python3.7/site-packages/pymysql/connections.py", line 1156, in read
    first_packet = self.connection._read_packet()
  File "/home/targets/anaconda3/lib/python3.7/site-packages/pymysql/connections.py", line 725, in _read_packet
    packet.raise_for_error()
  File "/home/targets/anaconda3/lib/python3.7/site-packages/pymysql/protocol.py", line 221, in raise_for_error
    err.raise_mysql_exception(self._data)
  File "/home/targets/anaconda3/lib/python3.7/site-packages/pymysql/err.py", line 143, in raise_mysql_exception
    raise errorclass(errno, errval)
pymysql.err.OperationalError: (1050, "Table 'cme_1percent_cd' already exists")

The above exception was the direct cause of the following exception:

Traceback (most recent call last):
  File "/home/targets/autocommit/EXCEL_AutoUpdate/CME_1percent_MySQL.py", line 89, in <module>
    df_from_dict.to_sql('cme_'+str(1)+'percent_'+tablename, engine2, if_exists = 'replace',index=False)
  File "/home/targets/anaconda3/lib/python3.7/site-packages/pandas/core/generic.py", line 2882, in to_sql
    method=method,
  File "/home/targets/anaconda3/lib/python3.7/site-packages/pandas/io/sql.py", line 728, in to_sql
    **engine_kwargs,
  File "/home/targets/anaconda3/lib/python3.7/site-packages/pandas/io/sql.py", line 1758, in to_sql
    dtype=dtype,
  File "/home/targets/anaconda3/lib/python3.7/site-packages/pandas/io/sql.py", line 1650, in prep_table
    table.create()
  File "/home/targets/anaconda3/lib/python3.7/site-packages/pandas/io/sql.py", line 861, in create
    self._execute_create()
  File "/home/targets/anaconda3/lib/python3.7/site-packages/pandas/io/sql.py", line 853, in _execute_create
    self.table.create()
  File "/home/targets/anaconda3/lib/python3.7/site-packages/sqlalchemy/sql/schema.py", line 870, in create
    bind._run_visitor(ddl.SchemaGenerator, self, checkfirst=checkfirst)
  File "/home/targets/anaconda3/lib/python3.7/site-packages/sqlalchemy/engine/base.py", line 2049, in _run_visitor
    conn._run_visitor(visitorcallable, element, **kwargs)
  File "/home/targets/anaconda3/lib/python3.7/site-packages/sqlalchemy/engine/base.py", line 1618, in _run_visitor
    visitorcallable(self.dialect, self, **kwargs).traverse_single(element)
  File "/home/targets/anaconda3/lib/python3.7/site-packages/sqlalchemy/sql/visitors.py", line 138, in traverse_single
    return meth(obj, **kw)
  File "/home/targets/anaconda3/lib/python3.7/site-packages/sqlalchemy/sql/ddl.py", line 826, in visit_table
    include_foreign_key_constraints,  # noqa
  File "/home/targets/anaconda3/lib/python3.7/site-packages/sqlalchemy/engine/base.py", line 982, in execute
    return meth(self, multiparams, params)
  File "/home/targets/anaconda3/lib/python3.7/site-packages/sqlalchemy/sql/ddl.py", line 72, in _execute_on_connection
    return connection._execute_ddl(self, multiparams, params)
  File "/home/targets/anaconda3/lib/python3.7/site-packages/sqlalchemy/engine/base.py", line 1044, in _execute_ddl
    compiled,
  File "/home/targets/anaconda3/lib/python3.7/site-packages/sqlalchemy/engine/base.py", line 1250, in _execute_context
    e, statement, parameters, cursor, context
  File "/home/targets/anaconda3/lib/python3.7/site-packages/sqlalchemy/engine/base.py", line 1476, in _handle_dbapi_exception
    util.raise_from_cause(sqlalchemy_exception, exc_info)
  File "/home/targets/anaconda3/lib/python3.7/site-packages/sqlalchemy/util/compat.py", line 398, in raise_from_cause
    reraise(type(exception), exception, tb=exc_tb, cause=cause)
  File "/home/targets/anaconda3/lib/python3.7/site-packages/sqlalchemy/util/compat.py", line 152, in reraise
    raise value.with_traceback(tb)
  File "/home/targets/anaconda3/lib/python3.7/site-packages/sqlalchemy/engine/base.py", line 1246, in _execute_context
    cursor, statement, parameters, context
  File "/home/targets/anaconda3/lib/python3.7/site-packages/sqlalchemy/engine/default.py", line 588, in do_execute
    cursor.execute(statement, parameters)
  File "/home/targets/anaconda3/lib/python3.7/site-packages/pymysql/cursors.py", line 148, in execute
    result = self._query(query)
  File "/home/targets/anaconda3/lib/python3.7/site-packages/pymysql/cursors.py", line 310, in _query
    conn.query(q)
  File "/home/targets/anaconda3/lib/python3.7/site-packages/pymysql/connections.py", line 548, in query
    self._affected_rows = self._read_query_result(unbuffered=unbuffered)
  File "/home/targets/anaconda3/lib/python3.7/site-packages/pymysql/connections.py", line 775, in _read_query_result
    result.read()
  File "/home/targets/anaconda3/lib/python3.7/site-packages/pymysql/connections.py", line 1156, in read
    first_packet = self.connection._read_packet()
  File "/home/targets/anaconda3/lib/python3.7/site-packages/pymysql/connections.py", line 725, in _read_packet
    packet.raise_for_error()
  File "/home/targets/anaconda3/lib/python3.7/site-packages/pymysql/protocol.py", line 221, in raise_for_error
    err.raise_mysql_exception(self._data)
  File "/home/targets/anaconda3/lib/python3.7/site-packages/pymysql/err.py", line 143, in raise_mysql_exception
    raise errorclass(errno, errval)
sqlalchemy.exc.OperationalError: (pymysql.err.OperationalError) (1050, "Table 'cme_1percent_cd' already exists")
[SQL: 
CREATE TABLE cme_1percent_cd (
	`Date` TEXT, 
	con_p FLOAT(53), 
	diff FLOAT(53), 
	diff_p FLOAT(53), 
	id BIGINT
)

]
(Background on this error at: http://sqlalche.me/e/e3q8)
  0%|          | 0/16 [00:00<?, ?it/s]  6%|▋         | 1/16 [00:00<00:04,  3.50it/s] 12%|█▎        | 2/16 [00:00<00:03,  3.65it/s] 19%|█▉        | 3/16 [00:00<00:03,  3.52it/s] 25%|██▌       | 4/16 [00:01<00:03,  3.64it/s] 31%|███▏      | 5/16 [00:01<00:02,  3.75it/s] 38%|███▊      | 6/16 [00:01<00:02,  3.84it/s] 44%|████▍     | 7/16 [00:01<00:02,  3.99it/s] 50%|█████     | 8/16 [00:02<00:01,  4.03it/s] 56%|█████▋    | 9/16 [00:02<00:01,  4.12it/s] 62%|██████▎   | 10/16 [00:02<00:01,  4.18it/s] 69%|██████▉   | 11/16 [00:02<00:01,  4.00it/s] 75%|███████▌  | 12/16 [00:03<00:00,  4.01it/s] 81%|████████▏ | 13/16 [00:03<00:00,  4.03it/s] 88%|████████▊ | 14/16 [00:03<00:00,  3.98it/s] 94%|█████████▍| 15/16 [00:03<00:00,  3.98it/s]100%|██████████| 16/16 [00:04<00:00,  3.98it/s]100%|██████████| 16/16 [00:04<00:00,  3.95it/s]
    id mod_name  p_count  p_avg  ...    p_win    n_win  p_maxpt  n_maxpt
0    1    微型S&P     35.0   0.88  ...  47.9452  52.0548   100.00  -162.00
1    2   NASDAQ     44.0   1.06  ...  55.6962  44.3038   403.00  -704.25
2    3      台指期     40.0   0.68  ...  61.5385  38.4615   395.00  -509.00
3    4     小型道瓊     29.0   0.81  ...  50.8772  49.1228   747.00 -1141.00
4    5       澳幣     19.0   0.65  ...  48.7179  51.2821     0.01    -0.01
5    6       英鎊     11.0   1.15  ...  47.8261  52.1739     0.02    -0.02
6    7       加幣      6.0   0.38  ...  66.6667  33.3333     0.01    -0.01
7    8       歐元     10.0   0.50  ...  50.0000  50.0000     0.01    -0.01
8    9       日圓     11.0   0.39  ...  42.3077  57.6923  1105.00 -1690.00
9   10     瑞士法郎      7.0   0.56  ...  43.7500  56.2500     0.01    -0.01
10  11       玉米     38.0   0.97  ...  48.7179  51.2821    27.25   -34.50
11  12       黃豆     41.0   1.13  ...  50.6173  49.3827    76.00   -62.50
12  13       小麥     27.0   1.69  ...  41.5385  58.4615    65.75   -70.00
13  14       黃金     22.0   0.76  ...  47.8261  52.1739    49.30   -48.10
14  15       白銀     41.0   1.73  ...  56.9444  43.0556     1.55    -0.97
15  16      輕原油     42.0   1.68  ...  47.1910  52.8090     6.88    -7.94

[16 rows x 12 columns]
  0%|          | 0/16 [00:00<?, ?it/s]  6%|▋         | 1/16 [00:00<00:04,  3.63it/s] 12%|█▎        | 2/16 [00:00<00:03,  3.75it/s] 19%|█▉        | 3/16 [00:00<00:03,  3.85it/s] 25%|██▌       | 4/16 [00:01<00:03,  3.87it/s] 31%|███▏      | 5/16 [00:01<00:02,  3.95it/s] 38%|███▊      | 6/16 [00:01<00:02,  3.99it/s] 44%|████▍     | 7/16 [00:01<00:02,  4.11it/s] 50%|█████     | 8/16 [00:01<00:01,  4.15it/s] 56%|█████▋    | 9/16 [00:02<00:01,  4.14it/s] 62%|██████▎   | 10/16 [00:02<00:01,  4.14it/s] 69%|██████▉   | 11/16 [00:02<00:01,  4.13it/s] 69%|██████▉   | 11/16 [00:02<00:01,  3.91it/s]
Traceback (most recent call last):
  File "/home/targets/anaconda3/lib/python3.7/site-packages/sqlalchemy/engine/base.py", line 1246, in _execute_context
    cursor, statement, parameters, context
  File "/home/targets/anaconda3/lib/python3.7/site-packages/sqlalchemy/engine/default.py", line 588, in do_execute
    cursor.execute(statement, parameters)
  File "/home/targets/anaconda3/lib/python3.7/site-packages/pymysql/cursors.py", line 148, in execute
    result = self._query(query)
  File "/home/targets/anaconda3/lib/python3.7/site-packages/pymysql/cursors.py", line 310, in _query
    conn.query(q)
  File "/home/targets/anaconda3/lib/python3.7/site-packages/pymysql/connections.py", line 548, in query
    self._affected_rows = self._read_query_result(unbuffered=unbuffered)
  File "/home/targets/anaconda3/lib/python3.7/site-packages/pymysql/connections.py", line 775, in _read_query_result
    result.read()
  File "/home/targets/anaconda3/lib/python3.7/site-packages/pymysql/connections.py", line 1156, in read
    first_packet = self.connection._read_packet()
  File "/home/targets/anaconda3/lib/python3.7/site-packages/pymysql/connections.py", line 725, in _read_packet
    packet.raise_for_error()
  File "/home/targets/anaconda3/lib/python3.7/site-packages/pymysql/protocol.py", line 221, in raise_for_error
    err.raise_mysql_exception(self._data)
  File "/home/targets/anaconda3/lib/python3.7/site-packages/pymysql/err.py", line 143, in raise_mysql_exception
    raise errorclass(errno, errval)
pymysql.err.OperationalError: (1050, "Table 'cme_1percent_zs' already exists")

The above exception was the direct cause of the following exception:

Traceback (most recent call last):
  File "/home/targets/autocommit/EXCEL_AutoUpdate/CME_1percent_MySQL.py", line 89, in <module>
    df_from_dict.to_sql('cme_'+str(1)+'percent_'+tablename, engine2, if_exists = 'replace',index=False)
  File "/home/targets/anaconda3/lib/python3.7/site-packages/pandas/core/generic.py", line 2882, in to_sql
    method=method,
  File "/home/targets/anaconda3/lib/python3.7/site-packages/pandas/io/sql.py", line 728, in to_sql
    **engine_kwargs,
  File "/home/targets/anaconda3/lib/python3.7/site-packages/pandas/io/sql.py", line 1758, in to_sql
    dtype=dtype,
  File "/home/targets/anaconda3/lib/python3.7/site-packages/pandas/io/sql.py", line 1650, in prep_table
    table.create()
  File "/home/targets/anaconda3/lib/python3.7/site-packages/pandas/io/sql.py", line 867, in create
    self._execute_create()
  File "/home/targets/anaconda3/lib/python3.7/site-packages/pandas/io/sql.py", line 853, in _execute_create
    self.table.create()
  File "/home/targets/anaconda3/lib/python3.7/site-packages/sqlalchemy/sql/schema.py", line 870, in create
    bind._run_visitor(ddl.SchemaGenerator, self, checkfirst=checkfirst)
  File "/home/targets/anaconda3/lib/python3.7/site-packages/sqlalchemy/engine/base.py", line 2049, in _run_visitor
    conn._run_visitor(visitorcallable, element, **kwargs)
  File "/home/targets/anaconda3/lib/python3.7/site-packages/sqlalchemy/engine/base.py", line 1618, in _run_visitor
    visitorcallable(self.dialect, self, **kwargs).traverse_single(element)
  File "/home/targets/anaconda3/lib/python3.7/site-packages/sqlalchemy/sql/visitors.py", line 138, in traverse_single
    return meth(obj, **kw)
  File "/home/targets/anaconda3/lib/python3.7/site-packages/sqlalchemy/sql/ddl.py", line 826, in visit_table
    include_foreign_key_constraints,  # noqa
  File "/home/targets/anaconda3/lib/python3.7/site-packages/sqlalchemy/engine/base.py", line 982, in execute
    return meth(self, multiparams, params)
  File "/home/targets/anaconda3/lib/python3.7/site-packages/sqlalchemy/sql/ddl.py", line 72, in _execute_on_connection
    return connection._execute_ddl(self, multiparams, params)
  File "/home/targets/anaconda3/lib/python3.7/site-packages/sqlalchemy/engine/base.py", line 1044, in _execute_ddl
    compiled,
  File "/home/targets/anaconda3/lib/python3.7/site-packages/sqlalchemy/engine/base.py", line 1250, in _execute_context
    e, statement, parameters, cursor, context
  File "/home/targets/anaconda3/lib/python3.7/site-packages/sqlalchemy/engine/base.py", line 1476, in _handle_dbapi_exception
    util.raise_from_cause(sqlalchemy_exception, exc_info)
  File "/home/targets/anaconda3/lib/python3.7/site-packages/sqlalchemy/util/compat.py", line 398, in raise_from_cause
    reraise(type(exception), exception, tb=exc_tb, cause=cause)
  File "/home/targets/anaconda3/lib/python3.7/site-packages/sqlalchemy/util/compat.py", line 152, in reraise
    raise value.with_traceback(tb)
  File "/home/targets/anaconda3/lib/python3.7/site-packages/sqlalchemy/engine/base.py", line 1246, in _execute_context
    cursor, statement, parameters, context
  File "/home/targets/anaconda3/lib/python3.7/site-packages/sqlalchemy/engine/default.py", line 588, in do_execute
    cursor.execute(statement, parameters)
  File "/home/targets/anaconda3/lib/python3.7/site-packages/pymysql/cursors.py", line 148, in execute
    result = self._query(query)
  File "/home/targets/anaconda3/lib/python3.7/site-packages/pymysql/cursors.py", line 310, in _query
    conn.query(q)
  File "/home/targets/anaconda3/lib/python3.7/site-packages/pymysql/connections.py", line 548, in query
    self._affected_rows = self._read_query_result(unbuffered=unbuffered)
  File "/home/targets/anaconda3/lib/python3.7/site-packages/pymysql/connections.py", line 775, in _read_query_result
    result.read()
  File "/home/targets/anaconda3/lib/python3.7/site-packages/pymysql/connections.py", line 1156, in read
    first_packet = self.connection._read_packet()
  File "/home/targets/anaconda3/lib/python3.7/site-packages/pymysql/connections.py", line 725, in _read_packet
    packet.raise_for_error()
  File "/home/targets/anaconda3/lib/python3.7/site-packages/pymysql/protocol.py", line 221, in raise_for_error
    err.raise_mysql_exception(self._data)
  File "/home/targets/anaconda3/lib/python3.7/site-packages/pymysql/err.py", line 143, in raise_mysql_exception
    raise errorclass(errno, errval)
sqlalchemy.exc.OperationalError: (pymysql.err.OperationalError) (1050, "Table 'cme_1percent_zs' already exists")
[SQL: 
CREATE TABLE cme_1percent_zs (
	`Date` FLOAT(53), 
	con_p FLOAT(53), 
	diff FLOAT(53), 
	diff_p FLOAT(53), 
	id BIGINT
)

]
(Background on this error at: http://sqlalche.me/e/e3q8)
  0%|          | 0/16 [00:00<?, ?it/s]  6%|▋         | 1/16 [00:00<00:04,  3.59it/s] 12%|█▎        | 2/16 [00:00<00:03,  3.66it/s] 19%|█▉        | 3/16 [00:00<00:03,  3.78it/s] 25%|██▌       | 4/16 [00:01<00:03,  3.85it/s] 31%|███▏      | 5/16 [00:01<00:02,  3.96it/s] 38%|███▊      | 6/16 [00:01<00:02,  4.00it/s] 44%|████▍     | 7/16 [00:01<00:02,  4.04it/s] 50%|█████     | 8/16 [00:01<00:01,  4.15it/s] 56%|█████▋    | 9/16 [00:02<00:01,  4.23it/s] 62%|██████▎   | 10/16 [00:02<00:01,  4.21it/s] 69%|██████▉   | 11/16 [00:02<00:01,  4.15it/s] 75%|███████▌  | 12/16 [00:02<00:00,  4.13it/s] 81%|████████▏ | 13/16 [00:03<00:00,  4.08it/s] 88%|████████▊ | 14/16 [00:03<00:00,  4.01it/s] 94%|█████████▍| 15/16 [00:03<00:00,  3.90it/s]100%|██████████| 16/16 [00:03<00:00,  3.94it/s]100%|██████████| 16/16 [00:03<00:00,  4.03it/s]
    id mod_name  p_count  p_avg  ...    p_win    n_win  p_maxpt  n_maxpt
0    1    微型S&P     36.0   0.86  ...  48.6486  51.3514   100.00  -162.00
1    2   NASDAQ     44.0   1.06  ...  55.0000  45.0000   403.00  -704.25
2    3      台指期     40.0   0.68  ...  61.5385  38.4615   395.00  -509.00
3    4     小型道瓊     29.0   0.81  ...  50.8772  49.1228   747.00 -1141.00
4    5       澳幣     19.0   0.65  ...  48.7179  51.2821     0.01    -0.01
5    6       英鎊     11.0   1.15  ...  47.8261  52.1739     0.02    -0.02
6    7       加幣      6.0   0.38  ...  66.6667  33.3333     0.01    -0.01
7    8       歐元     10.0   0.50  ...  50.0000  50.0000     0.01    -0.01
8    9       日圓     11.0   0.39  ...  42.3077  57.6923  1105.00 -1690.00
9   10     瑞士法郎      7.0   0.56  ...  43.7500  56.2500     0.01    -0.01
10  11       玉米     38.0   0.97  ...  48.7179  51.2821    27.25   -34.50
11  12       黃豆     41.0   1.13  ...  50.6173  49.3827    76.00   -62.50
12  13       小麥     27.0   1.69  ...  41.5385  58.4615    65.75   -70.00
13  14       黃金     22.0   0.76  ...  47.8261  52.1739    49.30   -48.10
14  15       白銀     41.0   1.73  ...  56.9444  43.0556     1.55    -0.97
15  16      輕原油     42.0   1.68  ...  47.7273  52.2727     6.88    -7.94

[16 rows x 12 columns]
  0%|          | 0/16 [00:00<?, ?it/s]  6%|▋         | 1/16 [00:00<00:04,  3.09it/s] 12%|█▎        | 2/16 [00:00<00:04,  3.27it/s] 19%|█▉        | 3/16 [00:00<00:03,  3.40it/s] 25%|██▌       | 4/16 [00:01<00:03,  3.55it/s] 31%|███▏      | 5/16 [00:01<00:03,  3.58it/s] 38%|███▊      | 6/16 [00:01<00:02,  3.68it/s] 44%|████▍     | 7/16 [00:01<00:02,  3.69it/s] 50%|█████     | 8/16 [00:02<00:02,  3.74it/s] 56%|█████▋    | 9/16 [00:02<00:01,  3.84it/s] 62%|██████▎   | 10/16 [00:02<00:01,  3.71it/s] 69%|██████▉   | 11/16 [00:03<00:01,  3.56it/s] 75%|███████▌  | 12/16 [00:03<00:01,  3.63it/s] 81%|████████▏ | 13/16 [00:03<00:00,  3.68it/s] 88%|████████▊ | 14/16 [00:03<00:00,  3.61it/s] 94%|█████████▍| 15/16 [00:04<00:00,  3.74it/s]100%|██████████| 16/16 [00:04<00:00,  3.81it/s]100%|██████████| 16/16 [00:04<00:00,  3.71it/s]
    id mod_name  p_count  p_avg  ...    p_win    n_win  p_maxpt  n_maxpt
0    1    微型S&P     36.0   0.86  ...  48.6486  51.3514   100.00  -162.00
1    2   NASDAQ     44.0   1.06  ...  55.0000  45.0000   403.00  -704.25
2    3      台指期     40.0   0.68  ...  61.5385  38.4615   395.00  -509.00
3    4     小型道瓊     29.0   0.81  ...  50.8772  49.1228   747.00 -1141.00
4    5       澳幣     19.0   0.65  ...  48.7179  51.2821     0.01    -0.01
5    6       英鎊     11.0   1.15  ...  47.8261  52.1739     0.02    -0.02
6    7       加幣      6.0   0.38  ...  66.6667  33.3333     0.01    -0.01
7    8       歐元     10.0   0.50  ...  50.0000  50.0000     0.01    -0.01
8    9       日圓     11.0   0.39  ...  42.3077  57.6923  1105.00 -1690.00
9   10     瑞士法郎      7.0   0.56  ...  43.7500  56.2500     0.01    -0.01
10  11       玉米     38.0   0.97  ...  48.7179  51.2821    27.25   -34.50
11  12       黃豆     41.0   1.13  ...  50.6173  49.3827    76.00   -62.50
12  13       小麥     27.0   1.69  ...  41.5385  58.4615    65.75   -70.00
13  14       黃金     21.0   0.79  ...  46.6667  53.3333    49.30   -48.10
14  15       白銀     42.0   1.69  ...  57.5342  42.4658     1.55    -0.97
15  16      輕原油     42.0   1.68  ...  47.7273  52.2727     6.88    -7.94

[16 rows x 12 columns]
  0%|          | 0/16 [00:00<?, ?it/s]  6%|▋         | 1/16 [00:00<00:04,  3.57it/s] 12%|█▎        | 2/16 [00:00<00:03,  3.70it/s] 19%|█▉        | 3/16 [00:00<00:03,  3.83it/s] 25%|██▌       | 4/16 [00:01<00:03,  3.86it/s] 31%|███▏      | 5/16 [00:01<00:02,  4.01it/s] 38%|███▊      | 6/16 [00:01<00:02,  3.93it/s] 44%|████▍     | 7/16 [00:01<00:02,  4.03it/s] 50%|█████     | 8/16 [00:01<00:01,  4.03it/s] 56%|█████▋    | 9/16 [00:02<00:01,  4.12it/s] 56%|█████▋    | 9/16 [00:02<00:01,  3.83it/s]
Traceback (most recent call last):
  File "/home/targets/anaconda3/lib/python3.7/site-packages/sqlalchemy/engine/base.py", line 1246, in _execute_context
    cursor, statement, parameters, context
  File "/home/targets/anaconda3/lib/python3.7/site-packages/sqlalchemy/engine/default.py", line 588, in do_execute
    cursor.execute(statement, parameters)
  File "/home/targets/anaconda3/lib/python3.7/site-packages/pymysql/cursors.py", line 148, in execute
    result = self._query(query)
  File "/home/targets/anaconda3/lib/python3.7/site-packages/pymysql/cursors.py", line 310, in _query
    conn.query(q)
  File "/home/targets/anaconda3/lib/python3.7/site-packages/pymysql/connections.py", line 548, in query
    self._affected_rows = self._read_query_result(unbuffered=unbuffered)
  File "/home/targets/anaconda3/lib/python3.7/site-packages/pymysql/connections.py", line 775, in _read_query_result
    result.read()
  File "/home/targets/anaconda3/lib/python3.7/site-packages/pymysql/connections.py", line 1156, in read
    first_packet = self.connection._read_packet()
  File "/home/targets/anaconda3/lib/python3.7/site-packages/pymysql/connections.py", line 725, in _read_packet
    packet.raise_for_error()
  File "/home/targets/anaconda3/lib/python3.7/site-packages/pymysql/protocol.py", line 221, in raise_for_error
    err.raise_mysql_exception(self._data)
  File "/home/targets/anaconda3/lib/python3.7/site-packages/pymysql/err.py", line 143, in raise_mysql_exception
    raise errorclass(errno, errval)
pymysql.err.ProgrammingError: (1146, "Table 'webaiuse.cme_1percent_sf' doesn't exist")

The above exception was the direct cause of the following exception:

Traceback (most recent call last):
  File "/home/targets/anaconda3/lib/python3.7/site-packages/sqlalchemy/dialects/mysql/base.py", line 2922, in _show_create_table
    ).execute(st)
  File "/home/targets/anaconda3/lib/python3.7/site-packages/sqlalchemy/engine/base.py", line 976, in execute
    return self._execute_text(object_, multiparams, params)
  File "/home/targets/anaconda3/lib/python3.7/site-packages/sqlalchemy/engine/base.py", line 1149, in _execute_text
    parameters,
  File "/home/targets/anaconda3/lib/python3.7/site-packages/sqlalchemy/engine/base.py", line 1250, in _execute_context
    e, statement, parameters, cursor, context
  File "/home/targets/anaconda3/lib/python3.7/site-packages/sqlalchemy/engine/base.py", line 1476, in _handle_dbapi_exception
    util.raise_from_cause(sqlalchemy_exception, exc_info)
  File "/home/targets/anaconda3/lib/python3.7/site-packages/sqlalchemy/util/compat.py", line 398, in raise_from_cause
    reraise(type(exception), exception, tb=exc_tb, cause=cause)
  File "/home/targets/anaconda3/lib/python3.7/site-packages/sqlalchemy/util/compat.py", line 152, in reraise
    raise value.with_traceback(tb)
  File "/home/targets/anaconda3/lib/python3.7/site-packages/sqlalchemy/engine/base.py", line 1246, in _execute_context
    cursor, statement, parameters, context
  File "/home/targets/anaconda3/lib/python3.7/site-packages/sqlalchemy/engine/default.py", line 588, in do_execute
    cursor.execute(statement, parameters)
  File "/home/targets/anaconda3/lib/python3.7/site-packages/pymysql/cursors.py", line 148, in execute
    result = self._query(query)
  File "/home/targets/anaconda3/lib/python3.7/site-packages/pymysql/cursors.py", line 310, in _query
    conn.query(q)
  File "/home/targets/anaconda3/lib/python3.7/site-packages/pymysql/connections.py", line 548, in query
    self._affected_rows = self._read_query_result(unbuffered=unbuffered)
  File "/home/targets/anaconda3/lib/python3.7/site-packages/pymysql/connections.py", line 775, in _read_query_result
    result.read()
  File "/home/targets/anaconda3/lib/python3.7/site-packages/pymysql/connections.py", line 1156, in read
    first_packet = self.connection._read_packet()
  File "/home/targets/anaconda3/lib/python3.7/site-packages/pymysql/connections.py", line 725, in _read_packet
    packet.raise_for_error()
  File "/home/targets/anaconda3/lib/python3.7/site-packages/pymysql/protocol.py", line 221, in raise_for_error
    err.raise_mysql_exception(self._data)
  File "/home/targets/anaconda3/lib/python3.7/site-packages/pymysql/err.py", line 143, in raise_mysql_exception
    raise errorclass(errno, errval)
sqlalchemy.exc.ProgrammingError: (pymysql.err.ProgrammingError) (1146, "Table 'webaiuse.cme_1percent_sf' doesn't exist")
[SQL: SHOW CREATE TABLE `cme_1percent_sf`]
(Background on this error at: http://sqlalche.me/e/f405)

During handling of the above exception, another exception occurred:

Traceback (most recent call last):
  File "/home/targets/autocommit/EXCEL_AutoUpdate/CME_1percent_MySQL.py", line 89, in <module>
    df_from_dict.to_sql('cme_'+str(1)+'percent_'+tablename, engine2, if_exists = 'replace',index=False)
  File "/home/targets/anaconda3/lib/python3.7/site-packages/pandas/core/generic.py", line 2882, in to_sql
    method=method,
  File "/home/targets/anaconda3/lib/python3.7/site-packages/pandas/io/sql.py", line 728, in to_sql
    **engine_kwargs,
  File "/home/targets/anaconda3/lib/python3.7/site-packages/pandas/io/sql.py", line 1758, in to_sql
    dtype=dtype,
  File "/home/targets/anaconda3/lib/python3.7/site-packages/pandas/io/sql.py", line 1650, in prep_table
    table.create()
  File "/home/targets/anaconda3/lib/python3.7/site-packages/pandas/io/sql.py", line 860, in create
    self.pd_sql.drop_table(self.name, self.schema)
  File "/home/targets/anaconda3/lib/python3.7/site-packages/pandas/io/sql.py", line 1809, in drop_table
    self.meta.reflect(only=[table_name], schema=schema)
  File "/home/targets/anaconda3/lib/python3.7/site-packages/sqlalchemy/sql/schema.py", line 4271, in reflect
    Table(name, self, **reflect_opts)
  File "<string>", line 2, in __new__
  File "/home/targets/anaconda3/lib/python3.7/site-packages/sqlalchemy/util/deprecations.py", line 128, in warned
    return fn(*args, **kwargs)
  File "/home/targets/anaconda3/lib/python3.7/site-packages/sqlalchemy/sql/schema.py", line 506, in __new__
    metadata._remove_table(name, schema)
  File "/home/targets/anaconda3/lib/python3.7/site-packages/sqlalchemy/util/langhelpers.py", line 68, in __exit__
    compat.reraise(exc_type, exc_value, exc_tb)
  File "/home/targets/anaconda3/lib/python3.7/site-packages/sqlalchemy/util/compat.py", line 153, in reraise
    raise value
  File "/home/targets/anaconda3/lib/python3.7/site-packages/sqlalchemy/sql/schema.py", line 501, in __new__
    table._init(name, metadata, *args, **kw)
  File "/home/targets/anaconda3/lib/python3.7/site-packages/sqlalchemy/sql/schema.py", line 595, in _init
    resolve_fks=resolve_fks,
  File "/home/targets/anaconda3/lib/python3.7/site-packages/sqlalchemy/sql/schema.py", line 619, in _autoload
    _extend_on=_extend_on,
  File "/home/targets/anaconda3/lib/python3.7/site-packages/sqlalchemy/engine/base.py", line 1615, in run_callable
    return callable_(self, *args, **kwargs)
  File "/home/targets/anaconda3/lib/python3.7/site-packages/sqlalchemy/engine/default.py", line 467, in reflecttable
    table, include_columns, exclude_columns, resolve_fks, **opts
  File "/home/targets/anaconda3/lib/python3.7/site-packages/sqlalchemy/engine/reflection.py", line 625, in reflecttable
    table_name, schema, **table.dialect_kwargs
  File "/home/targets/anaconda3/lib/python3.7/site-packages/sqlalchemy/engine/reflection.py", line 310, in get_table_options
    self.bind, table_name, schema, info_cache=self.info_cache, **kw
  File "<string>", line 2, in get_table_options
  File "/home/targets/anaconda3/lib/python3.7/site-packages/sqlalchemy/engine/reflection.py", line 52, in cache
    ret = fn(self, con, *args, **kw)
  File "/home/targets/anaconda3/lib/python3.7/site-packages/sqlalchemy/dialects/mysql/base.py", line 2548, in get_table_options
    connection, table_name, schema, **kw
  File "/home/targets/anaconda3/lib/python3.7/site-packages/sqlalchemy/dialects/mysql/base.py", line 2794, in _parsed_state_or_create
    info_cache=kw.get("info_cache", None),
  File "<string>", line 2, in _setup_parser
  File "/home/targets/anaconda3/lib/python3.7/site-packages/sqlalchemy/engine/reflection.py", line 52, in cache
    ret = fn(self, con, *args, **kw)
  File "/home/targets/anaconda3/lib/python3.7/site-packages/sqlalchemy/dialects/mysql/base.py", line 2822, in _setup_parser
    connection, None, charset, full_name=full_name
  File "/home/targets/anaconda3/lib/python3.7/site-packages/sqlalchemy/dialects/mysql/base.py", line 2925, in _show_create_table
    raise exc.NoSuchTableError(full_name)
sqlalchemy.exc.NoSuchTableError: `cme_1percent_sf`
  0%|          | 0/16 [00:00<?, ?it/s]  6%|▋         | 1/16 [00:00<00:04,  3.36it/s] 12%|█▎        | 2/16 [00:00<00:04,  3.49it/s] 19%|█▉        | 3/16 [00:00<00:03,  3.64it/s] 25%|██▌       | 4/16 [00:01<00:03,  3.74it/s] 31%|███▏      | 5/16 [00:01<00:02,  3.83it/s] 38%|███▊      | 6/16 [00:01<00:02,  3.90it/s] 44%|████▍     | 7/16 [00:01<00:02,  4.01it/s] 50%|█████     | 8/16 [00:02<00:01,  4.08it/s] 56%|█████▋    | 9/16 [00:02<00:01,  4.09it/s] 62%|██████▎   | 10/16 [00:02<00:01,  4.04it/s] 69%|██████▉   | 11/16 [00:02<00:01,  3.96it/s] 75%|███████▌  | 12/16 [00:03<00:01,  3.92it/s] 81%|████████▏ | 13/16 [00:03<00:00,  3.88it/s] 88%|████████▊ | 14/16 [00:03<00:00,  3.89it/s] 94%|█████████▍| 15/16 [00:03<00:00,  3.87it/s]100%|██████████| 16/16 [00:04<00:00,  3.82it/s]100%|██████████| 16/16 [00:04<00:00,  3.91it/s]
    id mod_name  p_count  p_avg  ...    p_win    n_win  p_maxpt  n_maxpt
0    1    微型S&P     36.0   0.86  ...  48.6486  51.3514   100.00  -162.00
1    2   NASDAQ     44.0   1.06  ...  55.0000  45.0000   403.00  -704.25
2    3      台指期     40.0   0.68  ...  61.5385  38.4615   395.00  -509.00
3    4     小型道瓊     29.0   0.81  ...  50.8772  49.1228   747.00 -1141.00
4    5       澳幣     19.0   0.65  ...  48.7179  51.2821     0.01    -0.01
5    6       英鎊     11.0   1.15  ...  47.8261  52.1739     0.02    -0.02
6    7       加幣      6.0   0.38  ...  66.6667  33.3333     0.01    -0.01
7    8       歐元     10.0   0.50  ...  50.0000  50.0000     0.01    -0.01
8    9       日圓     11.0   0.39  ...  42.3077  57.6923  1105.00 -1690.00
9   10     瑞士法郎      7.0   0.56  ...  43.7500  56.2500     0.01    -0.01
10  11       玉米     38.0   0.97  ...  49.3506  50.6494    27.25   -34.50
11  12       黃豆     41.0   1.13  ...  50.0000  50.0000    76.00   -62.50
12  13       小麥     27.0   1.69  ...  41.5385  58.4615    65.75   -70.00
13  14       黃金     21.0   0.79  ...  46.6667  53.3333    49.30   -48.10
14  15       白銀     42.0   1.69  ...  57.5342  42.4658     1.55    -0.97
15  16      輕原油     42.0   1.68  ...  47.7273  52.2727     6.88    -7.94

[16 rows x 12 columns]
  0%|          | 0/16 [00:00<?, ?it/s]  6%|▋         | 1/16 [00:00<00:04,  3.57it/s] 12%|█▎        | 2/16 [00:00<00:03,  3.71it/s] 19%|█▉        | 3/16 [00:00<00:03,  3.75it/s] 25%|██▌       | 4/16 [00:01<00:03,  3.83it/s] 31%|███▏      | 5/16 [00:01<00:02,  3.94it/s] 38%|███▊      | 6/16 [00:01<00:02,  3.95it/s] 44%|████▍     | 7/16 [00:01<00:02,  4.00it/s] 50%|█████     | 8/16 [00:02<00:01,  4.06it/s] 56%|█████▋    | 9/16 [00:02<00:01,  4.11it/s] 62%|██████▎   | 10/16 [00:02<00:01,  4.08it/s] 62%|██████▎   | 10/16 [00:02<00:01,  3.80it/s]
Traceback (most recent call last):
  File "/home/targets/anaconda3/lib/python3.7/site-packages/sqlalchemy/engine/base.py", line 1226, in _execute_context
    cursor, statement, parameters, context
  File "/home/targets/anaconda3/lib/python3.7/site-packages/sqlalchemy/dialects/mysql/mysqldb.py", line 148, in do_executemany
    rowcount = cursor.executemany(statement, parameters)
  File "/home/targets/anaconda3/lib/python3.7/site-packages/pymysql/cursors.py", line 179, in executemany
    self._get_db().encoding,
  File "/home/targets/anaconda3/lib/python3.7/site-packages/pymysql/cursors.py", line 211, in _do_execute_many
    rows += self.execute(sql + postfix)
  File "/home/targets/anaconda3/lib/python3.7/site-packages/pymysql/cursors.py", line 148, in execute
    result = self._query(query)
  File "/home/targets/anaconda3/lib/python3.7/site-packages/pymysql/cursors.py", line 310, in _query
    conn.query(q)
  File "/home/targets/anaconda3/lib/python3.7/site-packages/pymysql/connections.py", line 548, in query
    self._affected_rows = self._read_query_result(unbuffered=unbuffered)
  File "/home/targets/anaconda3/lib/python3.7/site-packages/pymysql/connections.py", line 775, in _read_query_result
    result.read()
  File "/home/targets/anaconda3/lib/python3.7/site-packages/pymysql/connections.py", line 1156, in read
    first_packet = self.connection._read_packet()
  File "/home/targets/anaconda3/lib/python3.7/site-packages/pymysql/connections.py", line 725, in _read_packet
    packet.raise_for_error()
  File "/home/targets/anaconda3/lib/python3.7/site-packages/pymysql/protocol.py", line 221, in raise_for_error
    err.raise_mysql_exception(self._data)
  File "/home/targets/anaconda3/lib/python3.7/site-packages/pymysql/err.py", line 143, in raise_mysql_exception
    raise errorclass(errno, errval)
pymysql.err.ProgrammingError: (1146, "Table 'webaiuse.cme_1percent_zc' doesn't exist")

The above exception was the direct cause of the following exception:

Traceback (most recent call last):
  File "/home/targets/autocommit/EXCEL_AutoUpdate/CME_1percent_MySQL.py", line 89, in <module>
    df_from_dict.to_sql('cme_'+str(1)+'percent_'+tablename, engine2, if_exists = 'replace',index=False)
  File "/home/targets/anaconda3/lib/python3.7/site-packages/pandas/core/generic.py", line 2882, in to_sql
    method=method,
  File "/home/targets/anaconda3/lib/python3.7/site-packages/pandas/io/sql.py", line 728, in to_sql
    **engine_kwargs,
  File "/home/targets/anaconda3/lib/python3.7/site-packages/pandas/io/sql.py", line 1770, in to_sql
    **engine_kwargs,
  File "/home/targets/anaconda3/lib/python3.7/site-packages/pandas/io/sql.py", line 1350, in insert_records
    raise err
  File "/home/targets/anaconda3/lib/python3.7/site-packages/pandas/io/sql.py", line 1340, in insert_records
    table.insert(chunksize=chunksize, method=method)
  File "/home/targets/anaconda3/lib/python3.7/site-packages/pandas/io/sql.py", line 967, in insert
    exec_insert(conn, keys, chunk_iter)
  File "/home/targets/anaconda3/lib/python3.7/site-packages/pandas/io/sql.py", line 882, in _execute_insert
    conn.execute(self.table.insert(), data)
  File "/home/targets/anaconda3/lib/python3.7/site-packages/sqlalchemy/engine/base.py", line 982, in execute
    return meth(self, multiparams, params)
  File "/home/targets/anaconda3/lib/python3.7/site-packages/sqlalchemy/sql/elements.py", line 293, in _execute_on_connection
    return connection._execute_clauseelement(self, multiparams, params)
  File "/home/targets/anaconda3/lib/python3.7/site-packages/sqlalchemy/engine/base.py", line 1101, in _execute_clauseelement
    distilled_params,
  File "/home/targets/anaconda3/lib/python3.7/site-packages/sqlalchemy/engine/base.py", line 1250, in _execute_context
    e, statement, parameters, cursor, context
  File "/home/targets/anaconda3/lib/python3.7/site-packages/sqlalchemy/engine/base.py", line 1476, in _handle_dbapi_exception
    util.raise_from_cause(sqlalchemy_exception, exc_info)
  File "/home/targets/anaconda3/lib/python3.7/site-packages/sqlalchemy/util/compat.py", line 398, in raise_from_cause
    reraise(type(exception), exception, tb=exc_tb, cause=cause)
  File "/home/targets/anaconda3/lib/python3.7/site-packages/sqlalchemy/util/compat.py", line 152, in reraise
    raise value.with_traceback(tb)
  File "/home/targets/anaconda3/lib/python3.7/site-packages/sqlalchemy/engine/base.py", line 1226, in _execute_context
    cursor, statement, parameters, context
  File "/home/targets/anaconda3/lib/python3.7/site-packages/sqlalchemy/dialects/mysql/mysqldb.py", line 148, in do_executemany
    rowcount = cursor.executemany(statement, parameters)
  File "/home/targets/anaconda3/lib/python3.7/site-packages/pymysql/cursors.py", line 179, in executemany
    self._get_db().encoding,
  File "/home/targets/anaconda3/lib/python3.7/site-packages/pymysql/cursors.py", line 211, in _do_execute_many
    rows += self.execute(sql + postfix)
  File "/home/targets/anaconda3/lib/python3.7/site-packages/pymysql/cursors.py", line 148, in execute
    result = self._query(query)
  File "/home/targets/anaconda3/lib/python3.7/site-packages/pymysql/cursors.py", line 310, in _query
    conn.query(q)
  File "/home/targets/anaconda3/lib/python3.7/site-packages/pymysql/connections.py", line 548, in query
    self._affected_rows = self._read_query_result(unbuffered=unbuffered)
  File "/home/targets/anaconda3/lib/python3.7/site-packages/pymysql/connections.py", line 775, in _read_query_result
    result.read()
  File "/home/targets/anaconda3/lib/python3.7/site-packages/pymysql/connections.py", line 1156, in read
    first_packet = self.connection._read_packet()
  File "/home/targets/anaconda3/lib/python3.7/site-packages/pymysql/connections.py", line 725, in _read_packet
    packet.raise_for_error()
  File "/home/targets/anaconda3/lib/python3.7/site-packages/pymysql/protocol.py", line 221, in raise_for_error
    err.raise_mysql_exception(self._data)
  File "/home/targets/anaconda3/lib/python3.7/site-packages/pymysql/err.py", line 143, in raise_mysql_exception
    raise errorclass(errno, errval)
sqlalchemy.exc.ProgrammingError: (pymysql.err.ProgrammingError) (1146, "Table 'webaiuse.cme_1percent_zc' doesn't exist")
[SQL: INSERT INTO cme_1percent_zc (`Date`, con_p, diff, diff_p, id) VALUES (%(Date)s, %(con_p)s, %(diff)s, %(diff_p)s, %(id)s)]
[parameters: ({'Date': 20211015.0, 'con_p': 1.74, 'diff': 7.0, 'diff_p': 1.33, 'id': 11}, {'Date': 20211018.0, 'con_p': 1.33, 'diff': -2.5, 'diff_p': -0.47, 'id': 12}, {'Date': 20211020.0, 'con_p': 1.7, 'diff': -7.0, 'diff_p': -1.3, 'id': 14}, {'Date': 20211022.0, 'con_p': 1.08, 'diff': 0.0, 'diff_p': 0.0, 'id': 16}, {'Date': 20211026.0, 'con_p': 1.02, 'diff': 13.75, 'diff_p': 2.53, 'id': 18}, {'Date': 20211101.0, 'con_p': 1.89, 'diff': -6.0, 'diff_p': -1.04, 'id': 22}, {'Date': 20211112.0, 'con_p': 1.36, 'diff': -0.75, 'diff_p': -0.13, 'id': 31}, {'Date': 20211126.0, 'con_p': 1.07, 'diff': -9.5, 'diff_p': -1.61, 'id': 40}  ... displaying 10 of 77 total bound parameter sets ...  {'Date': 20230928.0, 'con_p': 1.09, 'diff': -11.75, 'diff_p': -2.41, 'id': 486}, {'Date': 20231012.0, 'con_p': 1.64, 'diff': -2.75, 'diff_p': -0.55, 'id': 496})]
(Background on this error at: http://sqlalche.me/e/f405)
  0%|          | 0/16 [00:00<?, ?it/s]  6%|▋         | 1/16 [00:00<00:04,  3.68it/s] 12%|█▎        | 2/16 [00:00<00:03,  3.82it/s] 19%|█▉        | 3/16 [00:00<00:03,  3.88it/s] 25%|██▌       | 4/16 [00:00<00:03,  3.98it/s] 31%|███▏      | 5/16 [00:01<00:02,  4.06it/s] 38%|███▊      | 6/16 [00:01<00:02,  4.02it/s] 44%|████▍     | 7/16 [00:01<00:02,  4.13it/s] 50%|█████     | 8/16 [00:01<00:01,  4.15it/s] 56%|█████▋    | 9/16 [00:02<00:01,  4.18it/s] 62%|██████▎   | 10/16 [00:02<00:01,  4.29it/s] 62%|██████▎   | 10/16 [00:02<00:01,  3.98it/s]
Traceback (most recent call last):
  File "/home/targets/anaconda3/lib/python3.7/site-packages/sqlalchemy/engine/base.py", line 1246, in _execute_context
    cursor, statement, parameters, context
  File "/home/targets/anaconda3/lib/python3.7/site-packages/sqlalchemy/engine/default.py", line 588, in do_execute
    cursor.execute(statement, parameters)
  File "/home/targets/anaconda3/lib/python3.7/site-packages/pymysql/cursors.py", line 148, in execute
    result = self._query(query)
  File "/home/targets/anaconda3/lib/python3.7/site-packages/pymysql/cursors.py", line 310, in _query
    conn.query(q)
  File "/home/targets/anaconda3/lib/python3.7/site-packages/pymysql/connections.py", line 548, in query
    self._affected_rows = self._read_query_result(unbuffered=unbuffered)
  File "/home/targets/anaconda3/lib/python3.7/site-packages/pymysql/connections.py", line 775, in _read_query_result
    result.read()
  File "/home/targets/anaconda3/lib/python3.7/site-packages/pymysql/connections.py", line 1156, in read
    first_packet = self.connection._read_packet()
  File "/home/targets/anaconda3/lib/python3.7/site-packages/pymysql/connections.py", line 725, in _read_packet
    packet.raise_for_error()
  File "/home/targets/anaconda3/lib/python3.7/site-packages/pymysql/protocol.py", line 221, in raise_for_error
    err.raise_mysql_exception(self._data)
  File "/home/targets/anaconda3/lib/python3.7/site-packages/pymysql/err.py", line 143, in raise_mysql_exception
    raise errorclass(errno, errval)
pymysql.err.OperationalError: (1050, "Table 'cme_1percent_zc' already exists")

The above exception was the direct cause of the following exception:

Traceback (most recent call last):
  File "/home/targets/autocommit/EXCEL_AutoUpdate/CME_1percent_MySQL.py", line 89, in <module>
    df_from_dict.to_sql('cme_'+str(1)+'percent_'+tablename, engine2, if_exists = 'replace',index=False)
  File "/home/targets/anaconda3/lib/python3.7/site-packages/pandas/core/generic.py", line 2882, in to_sql
    method=method,
  File "/home/targets/anaconda3/lib/python3.7/site-packages/pandas/io/sql.py", line 728, in to_sql
    **engine_kwargs,
  File "/home/targets/anaconda3/lib/python3.7/site-packages/pandas/io/sql.py", line 1758, in to_sql
    dtype=dtype,
  File "/home/targets/anaconda3/lib/python3.7/site-packages/pandas/io/sql.py", line 1650, in prep_table
    table.create()
  File "/home/targets/anaconda3/lib/python3.7/site-packages/pandas/io/sql.py", line 867, in create
    self._execute_create()
  File "/home/targets/anaconda3/lib/python3.7/site-packages/pandas/io/sql.py", line 853, in _execute_create
    self.table.create()
  File "/home/targets/anaconda3/lib/python3.7/site-packages/sqlalchemy/sql/schema.py", line 870, in create
    bind._run_visitor(ddl.SchemaGenerator, self, checkfirst=checkfirst)
  File "/home/targets/anaconda3/lib/python3.7/site-packages/sqlalchemy/engine/base.py", line 2049, in _run_visitor
    conn._run_visitor(visitorcallable, element, **kwargs)
  File "/home/targets/anaconda3/lib/python3.7/site-packages/sqlalchemy/engine/base.py", line 1618, in _run_visitor
    visitorcallable(self.dialect, self, **kwargs).traverse_single(element)
  File "/home/targets/anaconda3/lib/python3.7/site-packages/sqlalchemy/sql/visitors.py", line 138, in traverse_single
    return meth(obj, **kw)
  File "/home/targets/anaconda3/lib/python3.7/site-packages/sqlalchemy/sql/ddl.py", line 826, in visit_table
    include_foreign_key_constraints,  # noqa
  File "/home/targets/anaconda3/lib/python3.7/site-packages/sqlalchemy/engine/base.py", line 982, in execute
    return meth(self, multiparams, params)
  File "/home/targets/anaconda3/lib/python3.7/site-packages/sqlalchemy/sql/ddl.py", line 72, in _execute_on_connection
    return connection._execute_ddl(self, multiparams, params)
  File "/home/targets/anaconda3/lib/python3.7/site-packages/sqlalchemy/engine/base.py", line 1044, in _execute_ddl
    compiled,
  File "/home/targets/anaconda3/lib/python3.7/site-packages/sqlalchemy/engine/base.py", line 1250, in _execute_context
    e, statement, parameters, cursor, context
  File "/home/targets/anaconda3/lib/python3.7/site-packages/sqlalchemy/engine/base.py", line 1476, in _handle_dbapi_exception
    util.raise_from_cause(sqlalchemy_exception, exc_info)
  File "/home/targets/anaconda3/lib/python3.7/site-packages/sqlalchemy/util/compat.py", line 398, in raise_from_cause
    reraise(type(exception), exception, tb=exc_tb, cause=cause)
  File "/home/targets/anaconda3/lib/python3.7/site-packages/sqlalchemy/util/compat.py", line 152, in reraise
    raise value.with_traceback(tb)
  File "/home/targets/anaconda3/lib/python3.7/site-packages/sqlalchemy/engine/base.py", line 1246, in _execute_context
    cursor, statement, parameters, context
  File "/home/targets/anaconda3/lib/python3.7/site-packages/sqlalchemy/engine/default.py", line 588, in do_execute
    cursor.execute(statement, parameters)
  File "/home/targets/anaconda3/lib/python3.7/site-packages/pymysql/cursors.py", line 148, in execute
    result = self._query(query)
  File "/home/targets/anaconda3/lib/python3.7/site-packages/pymysql/cursors.py", line 310, in _query
    conn.query(q)
  File "/home/targets/anaconda3/lib/python3.7/site-packages/pymysql/connections.py", line 548, in query
    self._affected_rows = self._read_query_result(unbuffered=unbuffered)
  File "/home/targets/anaconda3/lib/python3.7/site-packages/pymysql/connections.py", line 775, in _read_query_result
    result.read()
  File "/home/targets/anaconda3/lib/python3.7/site-packages/pymysql/connections.py", line 1156, in read
    first_packet = self.connection._read_packet()
  File "/home/targets/anaconda3/lib/python3.7/site-packages/pymysql/connections.py", line 725, in _read_packet
    packet.raise_for_error()
  File "/home/targets/anaconda3/lib/python3.7/site-packages/pymysql/protocol.py", line 221, in raise_for_error
    err.raise_mysql_exception(self._data)
  File "/home/targets/anaconda3/lib/python3.7/site-packages/pymysql/err.py", line 143, in raise_mysql_exception
    raise errorclass(errno, errval)
sqlalchemy.exc.OperationalError: (pymysql.err.OperationalError) (1050, "Table 'cme_1percent_zc' already exists")
[SQL: 
CREATE TABLE cme_1percent_zc (
	`Date` FLOAT(53), 
	con_p FLOAT(53), 
	diff FLOAT(53), 
	diff_p FLOAT(53), 
	id BIGINT
)

]
(Background on this error at: http://sqlalche.me/e/e3q8)
  0%|          | 0/16 [00:00<?, ?it/s]  6%|▋         | 1/16 [00:00<00:07,  2.12it/s] 12%|█▎        | 2/16 [00:00<00:06,  2.28it/s] 19%|█▉        | 3/16 [00:01<00:05,  2.37it/s] 25%|██▌       | 4/16 [00:01<00:04,  2.50it/s] 31%|███▏      | 5/16 [00:01<00:04,  2.63it/s] 38%|███▊      | 6/16 [00:02<00:03,  2.71it/s] 44%|████▍     | 7/16 [00:02<00:03,  2.81it/s] 50%|█████     | 8/16 [00:02<00:02,  2.83it/s] 56%|█████▋    | 9/16 [00:03<00:02,  2.85it/s] 62%|██████▎   | 10/16 [00:03<00:02,  2.87it/s] 69%|██████▉   | 11/16 [00:03<00:01,  2.84it/s] 75%|███████▌  | 12/16 [00:04<00:01,  2.82it/s] 81%|████████▏ | 13/16 [00:04<00:01,  2.81it/s] 88%|████████▊ | 14/16 [00:05<00:00,  2.78it/s] 94%|█████████▍| 15/16 [00:05<00:00,  2.78it/s]100%|██████████| 16/16 [00:05<00:00,  2.79it/s]100%|██████████| 16/16 [00:05<00:00,  2.78it/s]
    id mod_name  p_count  p_avg  ...    p_win    n_win  p_maxpt  n_maxpt
0    1    微型S&P     35.0   0.87  ...  48.6111  51.3889   100.00  -162.00
1    2   NASDAQ     43.0   1.06  ...  54.4304  45.5696   403.00  -704.25
2    3      台指期     40.0   0.68  ...  61.5385  38.4615   395.00  -509.00
3    4     小型道瓊     29.0   0.81  ...  51.7857  48.2143   747.00 -1141.00
4    5       澳幣     19.0   0.65  ...  48.7179  51.2821     0.01    -0.01
5    6       英鎊     11.0   1.15  ...  47.8261  52.1739     0.02    -0.02
6    7       加幣      6.0   0.38  ...  66.6667  33.3333     0.01    -0.01
7    8       歐元     10.0   0.50  ...  50.0000  50.0000     0.01    -0.01
8    9       日圓     11.0   0.39  ...  42.3077  57.6923  1105.00 -1690.00
9   10     瑞士法郎      7.0   0.56  ...  43.7500  56.2500     0.01    -0.01
10  11       玉米     38.0   0.97  ...  49.3506  50.6494    27.25   -34.50
11  12       黃豆     41.0   1.13  ...  50.6173  49.3827    76.00   -62.50
12  13       小麥     27.0   1.69  ...  41.5385  58.4615    65.75   -70.00
13  14       黃金     21.0   0.79  ...  46.6667  53.3333    49.30   -48.10
14  15       白銀     42.0   1.69  ...  57.5342  42.4658     1.55    -0.97
15  16      輕原油     41.0   1.67  ...  47.1264  52.8736     6.88    -7.94

[16 rows x 12 columns]
  0%|          | 0/16 [00:00<?, ?it/s]  6%|▋         | 1/16 [00:00<00:03,  3.78it/s] 12%|█▎        | 2/16 [00:00<00:03,  3.90it/s] 19%|█▉        | 3/16 [00:00<00:03,  3.95it/s] 25%|██▌       | 4/16 [00:00<00:02,  4.01it/s] 31%|███▏      | 5/16 [00:01<00:02,  4.16it/s] 38%|███▊      | 6/16 [00:01<00:02,  4.25it/s] 44%|████▍     | 7/16 [00:01<00:02,  4.32it/s] 50%|█████     | 8/16 [00:01<00:01,  4.37it/s] 56%|█████▋    | 9/16 [00:02<00:01,  4.47it/s] 62%|██████▎   | 10/16 [00:02<00:01,  4.49it/s] 69%|██████▉   | 11/16 [00:02<00:01,  4.36it/s] 75%|███████▌  | 12/16 [00:02<00:00,  4.31it/s] 81%|████████▏ | 13/16 [00:03<00:00,  4.28it/s] 88%|████████▊ | 14/16 [00:03<00:00,  3.33it/s] 94%|█████████▍| 15/16 [00:03<00:00,  3.55it/s]100%|██████████| 16/16 [00:04<00:00,  3.01it/s]100%|██████████| 16/16 [00:04<00:00,  3.83it/s]
    id mod_name  p_count  p_avg  ...    p_win    n_win  p_maxpt  n_maxpt
0    1    微型S&P     35.0   0.87  ...  48.6111  51.3889   100.00  -162.00
1    2   NASDAQ     43.0   1.06  ...  54.4304  45.5696   403.00  -704.25
2    3      台指期     40.0   0.68  ...  61.5385  38.4615   395.00  -509.00
3    4     小型道瓊     29.0   0.81  ...  51.7857  48.2143   747.00 -1141.00
4    5       澳幣     19.0   0.65  ...  48.7179  51.2821     0.01    -0.01
5    6       英鎊     11.0   1.15  ...  47.8261  52.1739     0.02    -0.02
6    7       加幣      6.0   0.38  ...  66.6667  33.3333     0.01    -0.01
7    8       歐元     10.0   0.50  ...  50.0000  50.0000     0.01    -0.01
8    9       日圓     11.0   0.39  ...  42.3077  57.6923  1105.00 -1690.00
9   10     瑞士法郎      7.0   0.56  ...  43.7500  56.2500     0.01    -0.01
10  11       玉米     38.0   0.97  ...  49.3506  50.6494    27.25   -34.50
11  12       黃豆     41.0   1.13  ...  50.6173  49.3827    76.00   -62.50
12  13       小麥     27.0   1.69  ...  40.9091  59.0909    65.75   -70.00
13  14       黃金     21.0   0.79  ...  46.6667  53.3333    49.30   -48.10
14  15       白銀     42.0   1.69  ...  57.5342  42.4658     1.55    -0.97
15  16      輕原油     41.0   1.67  ...  47.1264  52.8736     6.88    -7.94

[16 rows x 12 columns]
  0%|          | 0/16 [00:00<?, ?it/s]  6%|▋         | 1/16 [00:00<00:04,  3.60it/s] 12%|█▎        | 2/16 [00:00<00:03,  3.77it/s] 19%|█▉        | 3/16 [00:00<00:03,  3.85it/s] 25%|██▌       | 4/16 [00:00<00:03,  3.97it/s] 31%|███▏      | 5/16 [00:01<00:02,  4.02it/s] 38%|███▊      | 6/16 [00:01<00:02,  4.15it/s] 44%|████▍     | 7/16 [00:01<00:02,  4.21it/s] 50%|█████     | 8/16 [00:01<00:01,  4.25it/s] 56%|█████▋    | 9/16 [00:02<00:01,  4.34it/s] 62%|██████▎   | 10/16 [00:02<00:01,  4.38it/s] 69%|██████▉   | 11/16 [00:02<00:01,  4.34it/s] 75%|███████▌  | 12/16 [00:02<00:00,  4.23it/s] 81%|████████▏ | 13/16 [00:03<00:00,  4.24it/s] 88%|████████▊ | 14/16 [00:03<00:00,  4.24it/s] 94%|█████████▍| 15/16 [00:03<00:00,  4.23it/s]100%|██████████| 16/16 [00:03<00:00,  4.24it/s]100%|██████████| 16/16 [00:03<00:00,  4.22it/s]
    id mod_name  p_count  p_avg  ...    p_win    n_win  p_maxpt  n_maxpt
0    1    微型S&P     35.0   0.87  ...  48.6111  51.3889   100.00  -162.00
1    2   NASDAQ     43.0   1.06  ...  54.4304  45.5696   403.00  -704.25
2    3      台指期     40.0   0.68  ...  61.5385  38.4615   395.00  -509.00
3    4     小型道瓊     29.0   0.81  ...  52.7273  47.2727   747.00 -1141.00
4    5       澳幣     19.0   0.65  ...  48.7179  51.2821     0.01    -0.01
5    6       英鎊     11.0   1.15  ...  47.8261  52.1739     0.02    -0.02
6    7       加幣      6.0   0.38  ...  66.6667  33.3333     0.01    -0.01
7    8       歐元     10.0   0.50  ...  50.0000  50.0000     0.01    -0.01
8    9       日圓     11.0   0.39  ...  42.3077  57.6923  1105.00 -1690.00
9   10     瑞士法郎      7.0   0.56  ...  43.7500  56.2500     0.01    -0.01
10  11       玉米     38.0   0.97  ...  49.3506  50.6494    27.25   -34.50
11  12       黃豆     41.0   1.13  ...  50.0000  50.0000    76.00   -62.50
12  13       小麥     27.0   1.69  ...  40.9091  59.0909    65.75   -70.00
13  14       黃金     21.0   0.79  ...  46.6667  53.3333    49.30   -48.10
14  15       白銀     42.0   1.69  ...  57.5342  42.4658     1.55    -0.97
15  16      輕原油     40.0   1.68  ...  46.5116  53.4884     6.88    -7.94

[16 rows x 12 columns]
  0%|          | 0/16 [00:00<?, ?it/s]  6%|▋         | 1/16 [00:00<00:04,  3.57it/s] 12%|█▎        | 2/16 [00:00<00:03,  3.72it/s] 19%|█▉        | 3/16 [00:00<00:03,  3.87it/s] 25%|██▌       | 4/16 [00:01<00:03,  3.86it/s] 31%|███▏      | 5/16 [00:01<00:02,  3.91it/s] 38%|███▊      | 6/16 [00:01<00:02,  4.03it/s] 44%|████▍     | 7/16 [00:01<00:02,  4.01it/s] 50%|█████     | 8/16 [00:01<00:02,  4.00it/s] 56%|█████▋    | 9/16 [00:02<00:01,  4.14it/s] 62%|██████▎   | 10/16 [00:02<00:01,  4.22it/s] 69%|██████▉   | 11/16 [00:02<00:01,  4.23it/s] 75%|███████▌  | 12/16 [00:02<00:00,  4.22it/s] 81%|████████▏ | 13/16 [00:03<00:00,  4.23it/s] 88%|████████▊ | 14/16 [00:03<00:00,  4.27it/s] 94%|█████████▍| 15/16 [00:03<00:00,  4.30it/s]100%|██████████| 16/16 [00:03<00:00,  4.26it/s]100%|██████████| 16/16 [00:03<00:00,  4.15it/s]
    id mod_name  p_count  p_avg  ...    p_win    n_win  p_maxpt  n_maxpt
0    1    微型S&P     36.0   0.86  ...  49.3151  50.6849   100.00  -162.00
1    2   NASDAQ     44.0   1.05  ...  55.0000  45.0000   403.00  -704.25
2    3      台指期     40.0   0.68  ...  61.5385  38.4615   395.00  -509.00
3    4     小型道瓊     30.0   0.80  ...  53.5714  46.4286   747.00 -1141.00
4    5       澳幣     19.0   0.65  ...  48.7179  51.2821     0.01    -0.01
5    6       英鎊     11.0   1.15  ...  47.8261  52.1739     0.02    -0.02
6    7       加幣      6.0   0.38  ...  66.6667  33.3333     0.01    -0.01
7    8       歐元     10.0   0.50  ...  50.0000  50.0000     0.01    -0.01
8    9       日圓     11.0   0.39  ...  42.3077  57.6923  1105.00 -1690.00
9   10     瑞士法郎      7.0   0.56  ...  43.7500  56.2500     0.01    -0.01
10  11       玉米     38.0   0.97  ...  49.3506  50.6494    27.25   -34.50
11  12       黃豆     41.0   1.13  ...  50.0000  50.0000    76.00   -62.50
12  13       小麥     27.0   1.69  ...  40.9091  59.0909    65.75   -70.00
13  14       黃金     21.0   0.79  ...  46.6667  53.3333    49.30   -48.10
14  15       白銀     42.0   1.69  ...  57.5342  42.4658     1.55    -0.97
15  16      輕原油     39.0   1.68  ...  45.8824  54.1176     6.88    -7.94

[16 rows x 12 columns]
  0%|          | 0/16 [00:00<?, ?it/s]  6%|▋         | 1/16 [00:00<00:04,  3.69it/s] 12%|█▎        | 2/16 [00:00<00:03,  3.74it/s] 19%|█▉        | 3/16 [00:00<00:03,  3.87it/s] 25%|██▌       | 4/16 [00:01<00:03,  3.95it/s] 31%|███▏      | 5/16 [00:01<00:02,  3.99it/s] 38%|███▊      | 6/16 [00:01<00:02,  4.04it/s] 44%|████▍     | 7/16 [00:01<00:02,  4.09it/s] 50%|█████     | 8/16 [00:01<00:01,  4.11it/s] 56%|█████▋    | 9/16 [00:02<00:01,  4.11it/s] 62%|██████▎   | 10/16 [00:02<00:01,  4.08it/s] 69%|██████▉   | 11/16 [00:02<00:01,  4.09it/s] 75%|███████▌  | 12/16 [00:02<00:00,  4.08it/s] 81%|████████▏ | 13/16 [00:03<00:00,  4.08it/s] 88%|████████▊ | 14/16 [00:03<00:00,  4.07it/s] 94%|█████████▍| 15/16 [00:03<00:00,  4.01it/s]100%|██████████| 16/16 [00:03<00:00,  3.93it/s]100%|██████████| 16/16 [00:03<00:00,  4.03it/s]
    id mod_name  p_count  p_avg  ...    p_win    n_win  p_maxpt  n_maxpt
0    1    微型S&P     36.0   0.86  ...  49.3151  50.6849   100.00  -162.00
1    2   NASDAQ     44.0   1.05  ...  55.0000  45.0000   403.00  -704.25
2    3      台指期     40.0   0.68  ...  61.5385  38.4615   395.00  -509.00
3    4     小型道瓊     30.0   0.80  ...  53.5714  46.4286   747.00 -1141.00
4    5       澳幣     19.0   0.65  ...  48.7179  51.2821     0.01    -0.01
5    6       英鎊     11.0   1.15  ...  47.8261  52.1739     0.02    -0.02
6    7       加幣      6.0   0.38  ...  66.6667  33.3333     0.01    -0.01
7    8       歐元     10.0   0.50  ...  50.0000  50.0000     0.01    -0.01
8    9       日圓     11.0   0.39  ...  42.3077  57.6923  1105.00 -1690.00
9   10     瑞士法郎      7.0   0.56  ...  43.7500  56.2500     0.01    -0.01
10  11       玉米     38.0   0.97  ...  49.3506  50.6494    27.25   -34.50
11  12       黃豆     41.0   1.13  ...  50.0000  50.0000    76.00   -62.50
12  13       小麥     27.0   1.69  ...  40.9091  59.0909    65.75   -70.00
13  14       黃金     21.0   0.79  ...  46.6667  53.3333    49.30   -48.10
14  15       白銀     42.0   1.69  ...  57.5342  42.4658     1.55    -0.97
15  16      輕原油     38.0   1.72  ...  45.2381  54.7619     6.88    -7.94

[16 rows x 12 columns]
  0%|          | 0/16 [00:00<?, ?it/s]  6%|▋         | 1/16 [00:00<00:03,  3.78it/s] 12%|█▎        | 2/16 [00:00<00:03,  3.87it/s] 19%|█▉        | 3/16 [00:00<00:03,  3.93it/s] 25%|██▌       | 4/16 [00:00<00:03,  3.98it/s] 31%|███▏      | 5/16 [00:01<00:02,  4.05it/s] 38%|███▊      | 6/16 [00:01<00:02,  4.08it/s] 44%|████▍     | 7/16 [00:01<00:02,  4.13it/s] 50%|█████     | 8/16 [00:01<00:01,  4.16it/s] 56%|█████▋    | 9/16 [00:02<00:01,  4.23it/s] 62%|██████▎   | 10/16 [00:02<00:01,  4.25it/s] 69%|██████▉   | 11/16 [00:02<00:01,  4.11it/s] 75%|███████▌  | 12/16 [00:02<00:00,  4.09it/s] 81%|████████▏ | 13/16 [00:03<00:00,  4.08it/s] 88%|████████▊ | 14/16 [00:03<00:00,  4.07it/s] 94%|█████████▍| 15/16 [00:03<00:00,  4.02it/s]100%|██████████| 16/16 [00:03<00:00,  3.97it/s]100%|██████████| 16/16 [00:03<00:00,  4.08it/s]
    id mod_name  p_count  p_avg  ...    p_win    n_win  p_maxpt  n_maxpt
0    1    微型S&P     37.0   0.89  ...  50.0000  50.0000   100.00  -162.00
1    2   NASDAQ     45.0   1.07  ...  55.5556  44.4444   403.00  -704.25
2    3      台指期     40.0   0.68  ...  61.5385  38.4615   395.00  -509.00
3    4     小型道瓊     30.0   0.80  ...  53.5714  46.4286   747.00 -1141.00
4    5       澳幣     19.0   0.65  ...  48.7179  51.2821     0.01    -0.01
5    6       英鎊     11.0   1.15  ...  47.8261  52.1739     0.02    -0.02
6    7       加幣      6.0   0.38  ...  66.6667  33.3333     0.01    -0.01
7    8       歐元     10.0   0.50  ...  50.0000  50.0000     0.01    -0.01
8    9       日圓     11.0   0.39  ...  42.3077  57.6923  1105.00 -1690.00
9   10     瑞士法郎      7.0   0.56  ...  43.7500  56.2500     0.01    -0.01
10  11       玉米     38.0   0.97  ...  49.3506  50.6494    27.25   -34.50
11  12       黃豆     41.0   1.13  ...  50.0000  50.0000    76.00   -62.50
12  13       小麥     27.0   1.69  ...  40.9091  59.0909    65.75   -70.00
13  14       黃金     21.0   0.79  ...  46.6667  53.3333    49.30   -48.10
14  15       白銀     42.0   1.69  ...  58.3333  41.6667     1.55    -0.97
15  16      輕原油     38.0   1.72  ...  45.2381  54.7619     6.88    -7.94

[16 rows x 12 columns]
  0%|          | 0/16 [00:00<?, ?it/s]  6%|▋         | 1/16 [00:00<00:04,  3.30it/s] 12%|█▎        | 2/16 [00:00<00:03,  3.52it/s] 19%|█▉        | 3/16 [00:00<00:03,  3.73it/s] 25%|██▌       | 4/16 [00:01<00:03,  3.85it/s] 31%|███▏      | 5/16 [00:01<00:02,  4.03it/s] 38%|███▊      | 6/16 [00:01<00:02,  4.13it/s] 44%|████▍     | 7/16 [00:01<00:02,  4.13it/s] 50%|█████     | 8/16 [00:01<00:01,  4.18it/s] 56%|█████▋    | 9/16 [00:02<00:01,  4.29it/s] 62%|██████▎   | 10/16 [00:02<00:01,  4.34it/s] 69%|██████▉   | 11/16 [00:02<00:01,  4.25it/s] 75%|███████▌  | 12/16 [00:02<00:00,  4.21it/s] 81%|████████▏ | 13/16 [00:03<00:00,  4.25it/s] 88%|████████▊ | 14/16 [00:03<00:00,  4.25it/s] 94%|█████████▍| 15/16 [00:03<00:00,  4.28it/s]100%|██████████| 16/16 [00:03<00:00,  4.20it/s]100%|██████████| 16/16 [00:03<00:00,  4.19it/s]
    id mod_name  p_count  p_avg  ...    p_win    n_win  p_maxpt  n_maxpt
0    1    微型S&P     38.0   0.89  ...  50.6667  49.3333   100.00  -162.00
1    2   NASDAQ     46.0   1.07  ...  56.0976  43.9024   403.00  -704.25
2    3      台指期     40.0   0.68  ...  61.5385  38.4615   395.00  -509.00
3    4     小型道瓊     31.0   0.79  ...  54.3860  45.6140   747.00 -1141.00
4    5       澳幣     19.0   0.65  ...  48.7179  51.2821     0.01    -0.01
5    6       英鎊     11.0   1.15  ...  47.8261  52.1739     0.02    -0.02
6    7       加幣      6.0   0.38  ...  66.6667  33.3333     0.01    -0.01
7    8       歐元     10.0   0.50  ...  50.0000  50.0000     0.01    -0.01
8    9       日圓     11.0   0.39  ...  42.3077  57.6923  1105.00 -1690.00
9   10     瑞士法郎      7.0   0.56  ...  43.7500  56.2500     0.01    -0.01
10  11       玉米     38.0   0.97  ...  49.3506  50.6494    27.25   -34.50
11  12       黃豆     42.0   1.15  ...  50.6024  49.3976    76.00   -62.50
12  13       小麥     27.0   1.69  ...  40.9091  59.0909    65.75   -70.00
13  14       黃金     21.0   0.79  ...  46.6667  53.3333    49.30   -48.10
14  15       白銀     42.0   1.69  ...  58.3333  41.6667     1.55    -0.97
15  16      輕原油     38.0   1.72  ...  45.2381  54.7619     6.88    -7.94

[16 rows x 12 columns]
  0%|          | 0/16 [00:00<?, ?it/s]  6%|▋         | 1/16 [00:00<00:04,  3.05it/s] 12%|█▎        | 2/16 [00:00<00:04,  3.22it/s] 19%|█▉        | 3/16 [00:00<00:03,  3.44it/s] 25%|██▌       | 4/16 [00:01<00:03,  3.58it/s] 31%|███▏      | 5/16 [00:01<00:02,  3.75it/s] 38%|███▊      | 6/16 [00:01<00:02,  3.92it/s] 44%|████▍     | 7/16 [00:01<00:02,  4.01it/s] 50%|█████     | 8/16 [00:02<00:01,  4.05it/s] 56%|█████▋    | 9/16 [00:02<00:01,  4.18it/s] 62%|██████▎   | 10/16 [00:02<00:01,  4.22it/s] 69%|██████▉   | 11/16 [00:02<00:01,  4.19it/s] 75%|███████▌  | 12/16 [00:02<00:00,  4.07it/s] 81%|████████▏ | 13/16 [00:03<00:00,  4.02it/s] 88%|████████▊ | 14/16 [00:03<00:00,  3.93it/s] 94%|█████████▍| 15/16 [00:03<00:00,  3.88it/s]100%|██████████| 16/16 [00:04<00:00,  3.84it/s]100%|██████████| 16/16 [00:04<00:00,  3.95it/s]
    id mod_name  p_count  p_avg  ...    p_win    n_win  p_maxpt  n_maxpt
0    1    微型S&P     37.0   0.90  ...  50.0000  50.0000   100.00  -162.00
1    2   NASDAQ     46.0   1.06  ...  56.0976  43.9024   403.00  -704.25
2    3      台指期     40.0   0.68  ...  61.5385  38.4615   395.00  -509.00
3    4     小型道瓊     30.0   0.78  ...  53.5714  46.4286   747.00 -1141.00
4    5       澳幣     19.0   0.65  ...  47.5000  52.5000     0.01    -0.01
5    6       英鎊     11.0   1.15  ...  45.8333  54.1667     0.02    -0.02
6    7       加幣      6.0   0.38  ...  66.6667  33.3333     0.01    -0.01
7    8       歐元     10.0   0.50  ...  47.6190  52.3810     0.01    -0.01
8    9       日圓     11.0   0.39  ...  42.3077  57.6923  1105.00 -1690.00
9   10     瑞士法郎      7.0   0.56  ...  43.7500  56.2500     0.01    -0.01
10  11       玉米     39.0   0.94  ...  50.0000  50.0000    27.25   -34.50
11  12       黃豆     43.0   1.14  ...  51.1905  48.8095    76.00   -62.50
12  13       小麥     28.0   1.65  ...  41.7910  58.2090    65.75   -70.00
13  14       黃金     21.0   0.79  ...  46.6667  53.3333    49.30   -48.10
14  15       白銀     42.0   1.69  ...  57.5342  42.4658     1.55    -0.97
15  16      輕原油     37.0   1.75  ...  44.5783  55.4217     6.88    -7.94

[16 rows x 12 columns]
  0%|          | 0/16 [00:00<?, ?it/s]  6%|▋         | 1/16 [00:00<00:04,  3.26it/s] 12%|█▎        | 2/16 [00:00<00:04,  3.35it/s] 19%|█▉        | 3/16 [00:00<00:03,  3.48it/s] 25%|██▌       | 4/16 [00:01<00:03,  3.61it/s] 31%|███▏      | 5/16 [00:01<00:02,  3.78it/s] 38%|███▊      | 6/16 [00:01<00:02,  3.88it/s] 44%|████▍     | 7/16 [00:01<00:02,  3.95it/s] 50%|█████     | 8/16 [00:02<00:02,  3.94it/s] 56%|█████▋    | 9/16 [00:02<00:01,  4.10it/s] 62%|██████▎   | 10/16 [00:02<00:01,  4.22it/s] 69%|██████▉   | 11/16 [00:02<00:01,  4.19it/s] 75%|███████▌  | 12/16 [00:02<00:00,  4.19it/s] 81%|████████▏ | 13/16 [00:03<00:00,  4.19it/s] 88%|████████▊ | 14/16 [00:03<00:00,  4.23it/s] 94%|█████████▍| 15/16 [00:03<00:00,  4.23it/s]100%|██████████| 16/16 [00:03<00:00,  4.21it/s]100%|██████████| 16/16 [00:03<00:00,  4.05it/s]
    id mod_name  p_count  p_avg  ...    p_win    n_win  p_maxpt  n_maxpt
0    1    微型S&P     37.0   0.90  ...  50.0000  50.0000   100.00  -162.00
1    2   NASDAQ     46.0   1.06  ...  56.0976  43.9024   403.00  -704.25
2    3      台指期     40.0   0.68  ...  61.5385  38.4615   395.00  -509.00
3    4     小型道瓊     30.0   0.78  ...  54.5455  45.4545   747.00 -1141.00
4    5       澳幣     19.0   0.65  ...  47.5000  52.5000     0.01    -0.01
5    6       英鎊     11.0   1.15  ...  45.8333  54.1667     0.02    -0.02
6    7       加幣      6.0   0.38  ...  66.6667  33.3333     0.01    -0.01
7    8       歐元     10.0   0.50  ...  47.6190  52.3810     0.01    -0.01
8    9       日圓     11.0   0.39  ...  42.3077  57.6923  1105.00 -1690.00
9   10     瑞士法郎      7.0   0.56  ...  43.7500  56.2500     0.01    -0.01
10  11       玉米     39.0   0.94  ...  50.0000  50.0000    27.25   -34.50
11  12       黃豆     43.0   1.14  ...  51.1905  48.8095    76.00   -62.50
12  13       小麥     28.0   1.65  ...  41.7910  58.2090    65.75   -70.00
13  14       黃金     21.0   0.79  ...  46.6667  53.3333    49.30   -48.10
14  15       白銀     42.0   1.69  ...  57.5342  42.4658     1.55    -0.97
15  16      輕原油     37.0   1.75  ...  44.5783  55.4217     6.88    -7.94

[16 rows x 12 columns]
  0%|          | 0/16 [00:00<?, ?it/s]  6%|▋         | 1/16 [00:00<00:04,  3.61it/s] 12%|█▎        | 2/16 [00:00<00:03,  3.76it/s] 19%|█▉        | 3/16 [00:00<00:03,  3.89it/s] 25%|██▌       | 4/16 [00:00<00:03,  3.98it/s] 31%|███▏      | 5/16 [00:01<00:02,  4.07it/s] 38%|███▊      | 6/16 [00:01<00:02,  4.15it/s] 44%|████▍     | 7/16 [00:01<00:02,  4.21it/s] 50%|█████     | 8/16 [00:01<00:01,  4.27it/s] 56%|█████▋    | 9/16 [00:02<00:01,  4.21it/s] 62%|██████▎   | 10/16 [00:02<00:01,  4.21it/s] 69%|██████▉   | 11/16 [00:02<00:01,  4.19it/s] 75%|███████▌  | 12/16 [00:02<00:00,  4.17it/s] 81%|████████▏ | 13/16 [00:03<00:00,  4.14it/s] 88%|████████▊ | 14/16 [00:03<00:00,  4.14it/s] 94%|█████████▍| 15/16 [00:03<00:00,  4.14it/s]100%|██████████| 16/16 [00:03<00:00,  4.05it/s]100%|██████████| 16/16 [00:03<00:00,  4.14it/s]
    id mod_name  p_count  p_avg  ...    p_win    n_win  p_maxpt  n_maxpt
0    1    微型S&P     37.0   0.90  ...  50.0000  50.0000   100.00  -162.00
1    2   NASDAQ     45.0   1.07  ...  55.5556  44.4444   403.00  -704.25
2    3      台指期     40.0   0.68  ...  61.5385  38.4615   395.00  -509.00
3    4     小型道瓊     30.0   0.78  ...  54.5455  45.4545   747.00 -1141.00
4    5       澳幣     19.0   0.65  ...  47.5000  52.5000     0.01    -0.01
5    6       英鎊     11.0   1.15  ...  45.8333  54.1667     0.02    -0.02
6    7       加幣      6.0   0.38  ...  66.6667  33.3333     0.01    -0.01
7    8       歐元     10.0   0.50  ...  47.6190  52.3810     0.01    -0.01
8    9       日圓     11.0   0.39  ...  42.3077  57.6923  1105.00 -1690.00
9   10     瑞士法郎      7.0   0.56  ...  43.7500  56.2500     0.01    -0.01
10  11       玉米     38.0   0.93  ...  49.3506  50.6494    27.25   -34.50
11  12       黃豆     43.0   1.14  ...  51.1905  48.8095    76.00   -62.50
12  13       小麥     27.0   1.70  ...  40.9091  59.0909    65.75   -70.00
13  14       黃金     21.0   0.79  ...  46.6667  53.3333    49.30   -48.10
14  15       白銀     42.0   1.69  ...  57.5342  42.4658     1.55    -0.97
15  16      輕原油     37.0   1.75  ...  44.5783  55.4217     6.88    -7.94

[16 rows x 12 columns]
  0%|          | 0/16 [00:00<?, ?it/s]  6%|▋         | 1/16 [00:00<00:04,  3.51it/s] 12%|█▎        | 2/16 [00:00<00:03,  3.57it/s] 19%|█▉        | 3/16 [00:00<00:03,  3.71it/s] 25%|██▌       | 4/16 [00:01<00:03,  3.85it/s] 31%|███▏      | 5/16 [00:01<00:02,  3.99it/s] 38%|███▊      | 6/16 [00:01<00:02,  4.04it/s] 44%|████▍     | 7/16 [00:01<00:02,  4.13it/s] 50%|█████     | 8/16 [00:01<00:01,  4.20it/s] 56%|█████▋    | 9/16 [00:02<00:01,  4.28it/s] 62%|██████▎   | 10/16 [00:02<00:01,  4.30it/s] 69%|██████▉   | 11/16 [00:02<00:01,  4.20it/s] 75%|███████▌  | 12/16 [00:02<00:00,  4.17it/s] 81%|████████▏ | 13/16 [00:03<00:00,  4.15it/s] 88%|████████▊ | 14/16 [00:03<00:00,  4.12it/s] 94%|█████████▍| 15/16 [00:03<00:00,  4.04it/s]100%|██████████| 16/16 [00:03<00:00,  4.07it/s]100%|██████████| 16/16 [00:03<00:00,  4.10it/s]
    id mod_name  p_count  p_avg  ...    p_win    n_win  p_maxpt  n_maxpt
0    1    微型S&P     37.0   0.90  ...  50.0000  50.0000   100.00  -162.00
1    2   NASDAQ     45.0   1.07  ...  55.5556  44.4444   403.00  -704.25
2    3      台指期     40.0   0.68  ...  61.5385  38.4615   395.00  -509.00
3    4     小型道瓊     30.0   0.78  ...  54.5455  45.4545   747.00 -1141.00
4    5       澳幣     19.0   0.65  ...  47.5000  52.5000     0.01    -0.01
5    6       英鎊     11.0   1.15  ...  45.8333  54.1667     0.02    -0.02
6    7       加幣      6.0   0.38  ...  66.6667  33.3333     0.01    -0.01
7    8       歐元     10.0   0.50  ...  47.6190  52.3810     0.01    -0.01
8    9       日圓     11.0   0.39  ...  42.3077  57.6923  1105.00 -1690.00
9   10     瑞士法郎      7.0   0.56  ...  43.7500  56.2500     0.01    -0.01
10  11       玉米     38.0   0.93  ...  49.3506  50.6494    27.25   -34.50
11  12       黃豆     43.0   1.14  ...  51.8072  48.1928    76.00   -62.50
12  13       小麥     27.0   1.70  ...  40.9091  59.0909    65.75   -70.00
13  14       黃金     21.0   0.79  ...  46.6667  53.3333    49.30   -48.10
14  15       白銀     42.0   1.69  ...  57.5342  42.4658     1.55    -0.97
15  16      輕原油     37.0   1.75  ...  44.5783  55.4217     6.88    -7.94

[16 rows x 12 columns]
  0%|          | 0/16 [00:00<?, ?it/s]  6%|▋         | 1/16 [00:00<00:05,  2.97it/s] 12%|█▎        | 2/16 [00:00<00:04,  3.19it/s] 19%|█▉        | 3/16 [00:00<00:03,  3.40it/s] 25%|██▌       | 4/16 [00:01<00:03,  3.55it/s] 31%|███▏      | 5/16 [00:01<00:02,  3.73it/s] 38%|███▊      | 6/16 [00:01<00:02,  3.81it/s] 44%|████▍     | 7/16 [00:01<00:02,  3.93it/s] 50%|█████     | 8/16 [00:02<00:01,  4.03it/s] 56%|█████▋    | 9/16 [00:02<00:01,  4.12it/s] 62%|██████▎   | 10/16 [00:02<00:01,  4.11it/s] 69%|██████▉   | 11/16 [00:02<00:01,  3.94it/s] 75%|███████▌  | 12/16 [00:03<00:01,  3.93it/s] 81%|████████▏ | 13/16 [00:03<00:00,  3.95it/s] 88%|████████▊ | 14/16 [00:03<00:00,  3.91it/s] 94%|█████████▍| 15/16 [00:03<00:00,  3.92it/s]100%|██████████| 16/16 [00:04<00:00,  3.94it/s]100%|██████████| 16/16 [00:04<00:00,  3.92it/s]
    id mod_name  p_count  p_avg  ...    p_win    n_win  p_maxpt  n_maxpt
0    1    微型S&P     37.0   0.90  ...  50.0000  50.0000   100.00  -162.00
1    2   NASDAQ     45.0   1.07  ...  55.5556  44.4444   403.00  -704.25
2    3      台指期     40.0   0.68  ...  61.5385  38.4615   395.00  -509.00
3    4     小型道瓊     30.0   0.78  ...  54.5455  45.4545   747.00 -1141.00
4    5       澳幣     19.0   0.65  ...  47.5000  52.5000     0.01    -0.01
5    6       英鎊     11.0   1.15  ...  45.8333  54.1667     0.02    -0.02
6    7       加幣      6.0   0.38  ...  66.6667  33.3333     0.01    -0.01
7    8       歐元     10.0   0.50  ...  47.6190  52.3810     0.01    -0.01
8    9       日圓     11.0   0.39  ...  42.3077  57.6923  1105.00 -1690.00
9   10     瑞士法郎      7.0   0.56  ...  43.7500  56.2500     0.01    -0.01
10  11       玉米     38.0   0.93  ...  49.3506  50.6494    27.25   -34.50
11  12       黃豆     43.0   1.14  ...  51.8072  48.1928    76.00   -62.50
12  13       小麥     27.0   1.70  ...  40.9091  59.0909    65.75   -70.00
13  14       黃金     21.0   0.79  ...  46.6667  53.3333    49.30   -48.10
14  15       白銀     41.0   1.71  ...  56.9444  43.0556     1.55    -0.97
15  16      輕原油     37.0   1.75  ...  45.1220  54.8780     6.88    -7.94

[16 rows x 12 columns]
  0%|          | 0/16 [00:00<?, ?it/s]  6%|▋         | 1/16 [00:00<00:04,  3.30it/s] 12%|█▎        | 2/16 [00:00<00:04,  3.47it/s] 19%|█▉        | 3/16 [00:00<00:03,  3.63it/s] 25%|██▌       | 4/16 [00:01<00:03,  3.75it/s] 31%|███▏      | 5/16 [00:01<00:02,  3.78it/s] 38%|███▊      | 6/16 [00:01<00:02,  3.90it/s] 44%|████▍     | 7/16 [00:01<00:02,  4.02it/s] 50%|█████     | 8/16 [00:02<00:02,  3.98it/s] 56%|█████▋    | 9/16 [00:02<00:01,  4.07it/s] 62%|██████▎   | 10/16 [00:02<00:01,  4.06it/s] 69%|██████▉   | 11/16 [00:02<00:01,  3.90it/s] 75%|███████▌  | 12/16 [00:03<00:01,  3.85it/s] 81%|████████▏ | 13/16 [00:03<00:00,  3.89it/s] 88%|████████▊ | 14/16 [00:03<00:00,  3.88it/s] 94%|█████████▍| 15/16 [00:03<00:00,  3.80it/s]100%|██████████| 16/16 [00:04<00:00,  3.72it/s]100%|██████████| 16/16 [00:04<00:00,  3.87it/s]
    id mod_name  p_count  p_avg  ...    p_win    n_win  p_maxpt  n_maxpt
0    1    微型S&P     37.0   0.90  ...  49.3333  50.6667   100.00  -162.00
1    2   NASDAQ     45.0   1.07  ...  55.5556  44.4444   403.00  -704.25
2    3      台指期     40.0   0.68  ...  61.5385  38.4615   395.00  -509.00
3    4     小型道瓊     31.0   0.76  ...  55.3571  44.6429   747.00 -1141.00
4    5       澳幣     19.0   0.65  ...  47.5000  52.5000     0.01    -0.01
5    6       英鎊     11.0   1.15  ...  45.8333  54.1667     0.02    -0.02
6    7       加幣      6.0   0.38  ...  66.6667  33.3333     0.01    -0.01
7    8       歐元     10.0   0.50  ...  47.6190  52.3810     0.01    -0.01
8    9       日圓     11.0   0.39  ...  42.3077  57.6923  1105.00 -1690.00
9   10     瑞士法郎      7.0   0.56  ...  43.7500  56.2500     0.01    -0.01
10  11       玉米     38.0   0.93  ...  50.0000  50.0000    27.25   -34.50
11  12       黃豆     43.0   1.14  ...  51.8072  48.1928    76.00   -62.50
12  13       小麥     27.0   1.70  ...  41.5385  58.4615    65.75   -70.00
13  14       黃金     21.0   0.79  ...  46.6667  53.3333    49.30   -48.10
14  15       白銀     41.0   1.71  ...  56.9444  43.0556     1.55    -0.97
15  16      輕原油     38.0   1.75  ...  45.7831  54.2169     6.88    -7.94

[16 rows x 12 columns]
  0%|          | 0/16 [00:00<?, ?it/s]  6%|▋         | 1/16 [00:00<00:04,  3.71it/s] 12%|█▎        | 2/16 [00:00<00:03,  3.68it/s] 19%|█▉        | 3/16 [00:00<00:03,  3.78it/s] 25%|██▌       | 4/16 [00:01<00:03,  3.87it/s] 31%|███▏      | 5/16 [00:01<00:02,  3.98it/s] 38%|███▊      | 6/16 [00:01<00:02,  4.04it/s] 44%|████▍     | 7/16 [00:01<00:02,  4.11it/s] 50%|█████     | 8/16 [00:01<00:01,  4.15it/s] 56%|█████▋    | 9/16 [00:02<00:01,  4.10it/s] 62%|██████▎   | 10/16 [00:02<00:01,  4.16it/s] 69%|██████▉   | 11/16 [00:02<00:01,  4.14it/s] 75%|███████▌  | 12/16 [00:02<00:00,  4.07it/s] 81%|████████▏ | 13/16 [00:03<00:00,  4.01it/s] 88%|████████▊ | 14/16 [00:03<00:00,  4.06it/s] 94%|█████████▍| 15/16 [00:03<00:00,  4.11it/s]100%|██████████| 16/16 [00:03<00:00,  4.11it/s]100%|██████████| 16/16 [00:03<00:00,  4.06it/s]
    id mod_name  p_count  p_avg  ...    p_win    n_win  p_maxpt  n_maxpt
0    1    微型S&P     37.0   0.90  ...  49.3333  50.6667   100.00  -162.00
1    2   NASDAQ     45.0   1.07  ...  55.5556  44.4444   403.00  -704.25
2    3      台指期     40.0   0.68  ...  61.5385  38.4615   395.00  -509.00
3    4     小型道瓊     31.0   0.76  ...  55.3571  44.6429   747.00 -1141.00
4    5       澳幣     19.0   0.65  ...  47.5000  52.5000     0.01    -0.01
5    6       英鎊     11.0   1.15  ...  45.8333  54.1667     0.02    -0.02
6    7       加幣      6.0   0.38  ...  66.6667  33.3333     0.01    -0.01
7    8       歐元     10.0   0.50  ...  47.6190  52.3810     0.01    -0.01
8    9       日圓     11.0   0.39  ...  42.3077  57.6923  1105.00 -1690.00
9   10     瑞士法郎      7.0   0.56  ...  43.7500  56.2500     0.01    -0.01
10  11       玉米     38.0   0.93  ...  50.0000  50.0000    27.25   -34.50
11  12       黃豆     43.0   1.14  ...  51.8072  48.1928    76.00   -62.50
12  13       小麥     27.0   1.70  ...  41.5385  58.4615    65.75   -70.00
13  14       黃金     21.0   0.79  ...  46.6667  53.3333    49.30   -48.10
14  15       白銀     41.0   1.71  ...  56.9444  43.0556     1.55    -0.97
15  16      輕原油     38.0   1.75  ...  45.7831  54.2169     6.88    -7.94

[16 rows x 12 columns]
  0%|          | 0/16 [00:00<?, ?it/s]  6%|▋         | 1/16 [00:00<00:04,  3.49it/s] 12%|█▎        | 2/16 [00:00<00:03,  3.63it/s] 19%|█▉        | 3/16 [00:00<00:03,  3.77it/s] 25%|██▌       | 4/16 [00:01<00:03,  3.83it/s] 31%|███▏      | 5/16 [00:01<00:02,  3.96it/s] 38%|███▊      | 6/16 [00:01<00:02,  3.98it/s] 44%|████▍     | 7/16 [00:01<00:02,  4.07it/s] 50%|█████     | 8/16 [00:01<00:01,  4.06it/s] 56%|█████▋    | 9/16 [00:02<00:01,  4.13it/s] 62%|██████▎   | 10/16 [00:02<00:01,  4.13it/s] 69%|██████▉   | 11/16 [00:02<00:01,  4.10it/s] 75%|███████▌  | 12/16 [00:02<00:00,  4.06it/s] 81%|████████▏ | 13/16 [00:03<00:00,  4.00it/s] 88%|████████▊ | 14/16 [00:03<00:00,  3.95it/s] 94%|█████████▍| 15/16 [00:03<00:00,  3.97it/s]100%|██████████| 16/16 [00:03<00:00,  3.95it/s]100%|██████████| 16/16 [00:03<00:00,  4.01it/s]
    id mod_name  p_count  p_avg  ...    p_win    n_win  p_maxpt  n_maxpt
0    1    微型S&P     38.0   0.88  ...  50.0000  50.0000   100.00  -162.00
1    2   NASDAQ     44.0   1.09  ...  55.0000  45.0000   403.00  -704.25
2    3      台指期     40.0   0.68  ...  61.5385  38.4615   395.00  -509.00
3    4     小型道瓊     32.0   0.75  ...  56.1404  43.8596   747.00 -1141.00
4    5       澳幣     20.0   0.61  ...  48.7805  51.2195     0.01    -0.01
5    6       英鎊     11.0   1.15  ...  44.0000  56.0000     0.02    -0.02
6    7       加幣      6.0   0.38  ...  66.6667  33.3333     0.01    -0.01
7    8       歐元     10.0   0.50  ...  45.4545  54.5455     0.01    -0.01
8    9       日圓     11.0   0.39  ...  42.3077  57.6923  1105.00 -1690.00
9   10     瑞士法郎      8.0   0.50  ...  47.0588  52.9412     0.01    -0.01
10  11       玉米     37.0   0.96  ...  49.3333  50.6667    27.25   -34.50
11  12       黃豆     43.0   1.14  ...  51.8072  48.1928    76.00   -62.50
12  13       小麥     26.0   1.75  ...  40.6250  59.3750    65.75   -70.00
13  14       黃金     21.0   0.79  ...  46.6667  53.3333    49.30   -48.10
14  15       白銀     41.0   1.71  ...  56.9444  43.0556     1.55    -0.97
15  16      輕原油     38.0   1.75  ...  45.7831  54.2169     6.88    -7.94

[16 rows x 12 columns]
