==道瓊==
[1694649600000.0, 35257.0]
==標普500==
[1694649600000.0, 4555.0]
==那斯達克==
[1694649600000.0, 15673.5]
==台灣加權==
[1694649600000.0, 16807.56]
==歐元==
[1694649600000.0, 1.0636]
==日圓==
[1694649600000.0, 0.0]
==英鎊==
[1694649600000.0, 1.2402]
==加幣==
[1694649600000.0, 0.7403]
==瑞郎==
[1694649600000.0, 1.11605]
==澳幣==
[1694649600000.0, 0.64375]
==輕原油==
[1694649600000.0, 90.16]
==天然氣==
[1694649600000.0, 2.708]
==無鉛汽油==
[1694649600000.0, 2.6794]
==熱燃油==
[1694649600000.0, 3.3956]
==金==
[1694649600000.0, 1932.8]
==銀==
[1694649600000.0, 22.994]
==銅==
[1694649600000.0, 3.8215]
==鉑==
[1694649600000.0, 911.1]
==鈀==
[1694649600000.0, 1254.8]
==黃豆==
[1694649600000.0, 1360.5]
==小麥==
[1694649600000.0, 593.75]
==玉米==
[1694649600000.0, 480.5]
==道瓊==
[1694736000000.0, 34927.0]
==標普500==
[1694736000000.0, 4498.0]
==那斯達克==
[1694736000000.0, 15392.25]
==台灣加權==
[1694736000000.0, 16920.92]
==歐元==
[1694736000000.0, 1.07035]
==日圓==
[1694736000000.0, 0.0]
==英鎊==
[1694736000000.0, 1.2382]
==加幣==
[1694736000000.0, 0.7407]
==瑞郎==
[1694736000000.0, 1.12515]
==澳幣==
[1694736000000.0, 0.64535]
==輕原油==
[1694736000000.0, 90.02]
==天然氣==
[1694736000000.0, 2.644]
==無鉛汽油==
[1694736000000.0, 2.6489]
==熱燃油==
[1694736000000.0, 3.3083]
==金==
[1694736000000.0, 1946.2]
==銀==
[1694736000000.0, 23.386]
==銅==
[1694736000000.0, 3.801]
==鉑==
[1694736000000.0, 929.5]
==鈀==
[1694736000000.0, 1252.7]
==黃豆==
[1694736000000.0, 1340.25]
==小麥==
[1694736000000.0, 604.25]
==玉米==
[1694736000000.0, 476.25]
==道瓊==
[1694736000000.0, 34927.0]
==標普500==
[1694736000000.0, 4498.0]
==那斯達克==
[1694736000000.0, 15392.25]
==台灣加權==
[1694995200000.0, 16698.24]
==歐元==
[1694736000000.0, 1.07035]
==日圓==
[1694736000000.0, 0.0]
==英鎊==
[1694736000000.0, 1.2382]
==加幣==
[1694736000000.0, 0.7407]
==瑞郎==
[1694736000000.0, 1.12515]
==澳幣==
[1694736000000.0, 0.64535]
==輕原油==
[1694736000000.0, 90.02]
==天然氣==
[1694736000000.0, 2.644]
==無鉛汽油==
[1694736000000.0, 2.6489]
==熱燃油==
[1694736000000.0, 3.3083]
==金==
[1694736000000.0, 1946.2]
==銀==
[1694736000000.0, 23.386]
==銅==
[1694736000000.0, 3.801]
==鉑==
[1694736000000.0, 929.5]
==鈀==
[1694736000000.0, 1252.7]
==黃豆==
[1694736000000.0, 1340.25]
==小麥==
[1694736000000.0, 604.25]
==玉米==
[1694736000000.0, 476.25]
==道瓊==
[1695081600000.0, 34927.0]
==標普500==
[1695081600000.0, 4498.0]
==那斯達克==
[1695081600000.0, 15392.25]
==台灣加權==
[1695081600000.0, 16636.32]
==歐元==
[1695081600000.0, 1.07035]
==日圓==
[1695081600000.0, 0.0]
==英鎊==
[1695081600000.0, 1.2382]
==加幣==
[1695081600000.0, 0.7407]
==瑞郎==
[1695081600000.0, 1.12515]
==澳幣==
[1695081600000.0, 0.64535]
==輕原油==
[1695081600000.0, 90.02]
==天然氣==
[1695081600000.0, 2.644]
==無鉛汽油==
[1695081600000.0, 2.6489]
==熱燃油==
[1695081600000.0, 3.3083]
==金==
[1695081600000.0, 1946.2]
==銀==
[1695081600000.0, 23.386]
==銅==
[1695081600000.0, 3.801]
==鉑==
[1695081600000.0, 929.5]
==鈀==
[1695081600000.0, 1252.7]
==黃豆==
[1695081600000.0, 1340.25]
==小麥==
[1695081600000.0, 604.25]
==玉米==
[1695081600000.0, 476.25]
==道瓊==
[1695168000000.0, 34927.0]
==標普500==
[1695168000000.0, 4498.0]
==那斯達克==
[1695168000000.0, 15392.25]
==台灣加權==
[1695168000000.0, 16534.75]
==歐元==
[1695168000000.0, 1.07035]
==日圓==
[1695168000000.0, 0.0]
==英鎊==
[1695168000000.0, 1.2382]
==加幣==
[1695168000000.0, 0.7407]
==瑞郎==
[1695168000000.0, 1.12515]
==澳幣==
[1695168000000.0, 0.64535]
==輕原油==
[1695168000000.0, 90.02]
==天然氣==
[1695168000000.0, 2.644]
==無鉛汽油==
[1695168000000.0, 2.6489]
==熱燃油==
[1695168000000.0, 3.3083]
==金==
[1695168000000.0, 1946.2]
==銀==
[1695168000000.0, 23.386]
==銅==
[1695168000000.0, 3.801]
==鉑==
[1695168000000.0, 929.5]
==鈀==
[1695168000000.0, 1252.7]
==黃豆==
[1695168000000.0, 1340.25]
==小麥==
[1695168000000.0, 604.25]
==玉米==
[1695168000000.0, 476.25]
Traceback (most recent call last):
  File "/home/targets/anaconda3/lib/python3.7/site-packages/pymysql/connections.py", line 614, in connect
    (self.host, self.port), self.connect_timeout, **kwargs
  File "/home/targets/anaconda3/lib/python3.7/socket.py", line 728, in create_connection
    raise err
  File "/home/targets/anaconda3/lib/python3.7/socket.py", line 716, in create_connection
    sock.connect(sa)
socket.timeout: timed out

During handling of the above exception, another exception occurred:

Traceback (most recent call last):
  File "/home/targets/autocommit/EXCEL_AutoUpdate/MySQL_visualize_research_forex.py", line 26, in <module>
    charset='utf8',
  File "/home/targets/anaconda3/lib/python3.7/site-packages/pymysql/connections.py", line 353, in __init__
    self.connect()
  File "/home/targets/anaconda3/lib/python3.7/site-packages/pymysql/connections.py", line 664, in connect
    raise exc
pymysql.err.OperationalError: (2003, "Can't connect to MySQL server on '103.17.9.213' (timed out)")
==道瓊==
[1695254400000.0, 34337.0]
==標普500==
[1695254400000.0, 4372.0]
==那斯達克==
[1695254400000.0, 14862.75]
==台灣加權==
[1695340800000.0, 16344.48]
==歐元==
[1695254400000.0, 1.0701]
==日圓==
[1695254400000.0, 0.0]
==英鎊==
[1695254400000.0, 1.2293]
==加幣==
[1695254400000.0, 0.74325]
==瑞郎==
[1695254400000.0, 1.11655]
==澳幣==
[1695254400000.0, 0.64375]
==輕原油==
[1695254400000.0, 89.63]
==天然氣==
[1695254400000.0, 2.84]
==無鉛汽油==
[1695254400000.0, 2.5681]
==熱燃油==
[1695254400000.0, 3.292]
==金==
[1695254400000.0, 1939.6]
==銀==
[1695254400000.0, 23.687]
==銅==
[1695254400000.0, 3.696]
==鉑==
[1695254400000.0, 924.6]
==鈀==
[1695254400000.0, 1269.5]
==黃豆==
[1695254400000.0, 1293.75]
==小麥==
[1695254400000.0, 575.75]
==玉米==
[1695254400000.0, 475.25]
==道瓊==
[1695340800000.0, 34232.0]
==標普500==
[1695340800000.0, 4361.0]
==那斯達克==
[1695340800000.0, 14869.5]
==台灣加權==
[1695600000000.0, 16452.23]
==歐元==
[1695340800000.0, 1.0686]
==日圓==
[1695340800000.0, 68310.0]
==英鎊==
[1695340800000.0, 1.2246]
==加幣==
[1695340800000.0, 0.74285]
==瑞郎==
[1695340800000.0, 1.1128]
==澳幣==
[1695340800000.0, 0.6461]
==輕原油==
[1695340800000.0, 90.03]
==天然氣==
[1695340800000.0, 2.879]
==無鉛汽油==
[1695340800000.0, 2.5119]
==熱燃油==
[1695340800000.0, 3.2373]
==金==
[1695340800000.0, 1945.6]
==銀==
[1695340800000.0, 23.844]
==銅==
[1695340800000.0, 3.696]
==鉑==
[1695340800000.0, 934.1]
==鈀==
[1695340800000.0, 1256.1]
==黃豆==
[1695340800000.0, 1296.25]
==小麥==
[1695340800000.0, 579.5]
==玉米==
[1695340800000.0, 477.25]
