==道瓊==
[1694649600000.0, 35257.0]
==標普500==
[1694649600000.0, 4555.0]
==那斯達克==
[1694649600000.0, 15673.5]
==台灣加權==
[1694649600000.0, 16807.56]
==歐元==
[1694649600000.0, 1.0636]
==日圓==
[1694649600000.0, 0.0]
==英鎊==
[1694649600000.0, 1.2402]
==加幣==
[1694649600000.0, 0.7403]
==瑞郎==
[1694649600000.0, 1.11605]
==澳幣==
[1694649600000.0, 0.64375]
==輕原油==
[1694649600000.0, 90.16]
==天然氣==
[1694649600000.0, 2.708]
==無鉛汽油==
[1694649600000.0, 2.6794]
==熱燃油==
[1694649600000.0, 3.3956]
==金==
[1694649600000.0, 1932.8]
==銀==
[1694649600000.0, 22.994]
==銅==
[1694649600000.0, 3.8215]
==鉑==
[1694649600000.0, 911.1]
==鈀==
[1694649600000.0, 1254.8]
==黃豆==
[1694649600000.0, 1360.5]
==小麥==
[1694649600000.0, 593.75]
==玉米==
[1694649600000.0, 480.5]
==道瓊==
[1694736000000.0, 34927.0]
==標普500==
[1694736000000.0, 4498.0]
==那斯達克==
[1694736000000.0, 15392.25]
==台灣加權==
[1694736000000.0, 16920.92]
==歐元==
[1694736000000.0, 1.07035]
==日圓==
[1694736000000.0, 0.0]
==英鎊==
[1694736000000.0, 1.2382]
==加幣==
[1694736000000.0, 0.7407]
==瑞郎==
[1694736000000.0, 1.12515]
==澳幣==
[1694736000000.0, 0.64535]
==輕原油==
[1694736000000.0, 90.02]
==天然氣==
[1694736000000.0, 2.644]
==無鉛汽油==
[1694736000000.0, 2.6489]
==熱燃油==
[1694736000000.0, 3.3083]
==金==
[1694736000000.0, 1946.2]
==銀==
[1694736000000.0, 23.386]
==銅==
[1694736000000.0, 3.801]
==鉑==
[1694736000000.0, 929.5]
==鈀==
[1694736000000.0, 1252.7]
==黃豆==
[1694736000000.0, 1340.25]
==小麥==
[1694736000000.0, 604.25]
==玉米==
[1694736000000.0, 476.25]
==道瓊==
[1694736000000.0, 34927.0]
==標普500==
[1694736000000.0, 4498.0]
==那斯達克==
[1694736000000.0, 15392.25]
==台灣加權==
[1694995200000.0, 16698.24]
==歐元==
[1694736000000.0, 1.07035]
==日圓==
[1694736000000.0, 0.0]
==英鎊==
[1694736000000.0, 1.2382]
==加幣==
[1694736000000.0, 0.7407]
==瑞郎==
[1694736000000.0, 1.12515]
==澳幣==
[1694736000000.0, 0.64535]
==輕原油==
[1694736000000.0, 90.02]
==天然氣==
[1694736000000.0, 2.644]
==無鉛汽油==
[1694736000000.0, 2.6489]
==熱燃油==
[1694736000000.0, 3.3083]
==金==
[1694736000000.0, 1946.2]
==銀==
[1694736000000.0, 23.386]
==銅==
[1694736000000.0, 3.801]
==鉑==
[1694736000000.0, 929.5]
==鈀==
[1694736000000.0, 1252.7]
==黃豆==
[1694736000000.0, 1340.25]
==小麥==
[1694736000000.0, 604.25]
==玉米==
[1694736000000.0, 476.25]
==道瓊==
[1695081600000.0, 34927.0]
==標普500==
[1695081600000.0, 4498.0]
==那斯達克==
[1695081600000.0, 15392.25]
==台灣加權==
[1695081600000.0, 16636.32]
==歐元==
[1695081600000.0, 1.07035]
==日圓==
[1695081600000.0, 0.0]
==英鎊==
[1695081600000.0, 1.2382]
==加幣==
[1695081600000.0, 0.7407]
==瑞郎==
[1695081600000.0, 1.12515]
==澳幣==
[1695081600000.0, 0.64535]
==輕原油==
[1695081600000.0, 90.02]
==天然氣==
[1695081600000.0, 2.644]
==無鉛汽油==
[1695081600000.0, 2.6489]
==熱燃油==
[1695081600000.0, 3.3083]
==金==
[1695081600000.0, 1946.2]
==銀==
[1695081600000.0, 23.386]
==銅==
[1695081600000.0, 3.801]
==鉑==
[1695081600000.0, 929.5]
==鈀==
[1695081600000.0, 1252.7]
==黃豆==
[1695081600000.0, 1340.25]
==小麥==
[1695081600000.0, 604.25]
==玉米==
[1695081600000.0, 476.25]
==道瓊==
[1695168000000.0, 34927.0]
==標普500==
[1695168000000.0, 4498.0]
==那斯達克==
[1695168000000.0, 15392.25]
==台灣加權==
[1695168000000.0, 16534.75]
==歐元==
[1695168000000.0, 1.07035]
==日圓==
[1695168000000.0, 0.0]
==英鎊==
[1695168000000.0, 1.2382]
==加幣==
[1695168000000.0, 0.7407]
==瑞郎==
[1695168000000.0, 1.12515]
==澳幣==
[1695168000000.0, 0.64535]
==輕原油==
[1695168000000.0, 90.02]
==天然氣==
[1695168000000.0, 2.644]
==無鉛汽油==
[1695168000000.0, 2.6489]
==熱燃油==
[1695168000000.0, 3.3083]
==金==
[1695168000000.0, 1946.2]
==銀==
[1695168000000.0, 23.386]
==銅==
[1695168000000.0, 3.801]
==鉑==
[1695168000000.0, 929.5]
==鈀==
[1695168000000.0, 1252.7]
==黃豆==
[1695168000000.0, 1340.25]
==小麥==
[1695168000000.0, 604.25]
==玉米==
[1695168000000.0, 476.25]
Traceback (most recent call last):
  File "/home/targets/anaconda3/lib/python3.7/site-packages/pymysql/connections.py", line 614, in connect
    (self.host, self.port), self.connect_timeout, **kwargs
  File "/home/targets/anaconda3/lib/python3.7/socket.py", line 728, in create_connection
    raise err
  File "/home/targets/anaconda3/lib/python3.7/socket.py", line 716, in create_connection
    sock.connect(sa)
socket.timeout: timed out

During handling of the above exception, another exception occurred:

Traceback (most recent call last):
  File "/home/targets/autocommit/EXCEL_AutoUpdate/MySQL_visualize_research_forex.py", line 26, in <module>
    charset='utf8',
  File "/home/targets/anaconda3/lib/python3.7/site-packages/pymysql/connections.py", line 353, in __init__
    self.connect()
  File "/home/targets/anaconda3/lib/python3.7/site-packages/pymysql/connections.py", line 664, in connect
    raise exc
pymysql.err.OperationalError: (2003, "Can't connect to MySQL server on '103.17.9.213' (timed out)")
==道瓊==
[1695254400000.0, 34337.0]
==標普500==
[1695254400000.0, 4372.0]
==那斯達克==
[1695254400000.0, 14862.75]
==台灣加權==
[1695340800000.0, 16344.48]
==歐元==
[1695254400000.0, 1.0701]
==日圓==
[1695254400000.0, 0.0]
==英鎊==
[1695254400000.0, 1.2293]
==加幣==
[1695254400000.0, 0.74325]
==瑞郎==
[1695254400000.0, 1.11655]
==澳幣==
[1695254400000.0, 0.64375]
==輕原油==
[1695254400000.0, 89.63]
==天然氣==
[1695254400000.0, 2.84]
==無鉛汽油==
[1695254400000.0, 2.5681]
==熱燃油==
[1695254400000.0, 3.292]
==金==
[1695254400000.0, 1939.6]
==銀==
[1695254400000.0, 23.687]
==銅==
[1695254400000.0, 3.696]
==鉑==
[1695254400000.0, 924.6]
==鈀==
[1695254400000.0, 1269.5]
==黃豆==
[1695254400000.0, 1293.75]
==小麥==
[1695254400000.0, 575.75]
==玉米==
[1695254400000.0, 475.25]
==道瓊==
[1695340800000.0, 34232.0]
==標普500==
[1695340800000.0, 4361.0]
==那斯達克==
[1695340800000.0, 14869.5]
==台灣加權==
[1695600000000.0, 16452.23]
==歐元==
[1695340800000.0, 1.0686]
==日圓==
[1695340800000.0, 68310.0]
==英鎊==
[1695340800000.0, 1.2246]
==加幣==
[1695340800000.0, 0.74285]
==瑞郎==
[1695340800000.0, 1.1128]
==澳幣==
[1695340800000.0, 0.6461]
==輕原油==
[1695340800000.0, 90.03]
==天然氣==
[1695340800000.0, 2.879]
==無鉛汽油==
[1695340800000.0, 2.5119]
==熱燃油==
[1695340800000.0, 3.2373]
==金==
[1695340800000.0, 1945.6]
==銀==
[1695340800000.0, 23.844]
==銅==
[1695340800000.0, 3.696]
==鉑==
[1695340800000.0, 934.1]
==鈀==
[1695340800000.0, 1256.1]
==黃豆==
[1695340800000.0, 1296.25]
==小麥==
[1695340800000.0, 579.5]
==玉米==
[1695340800000.0, 477.25]
==道瓊==
[1695600000000.0, 34273.0]
==標普500==
[1695600000000.0, 4378.75]
==那斯達克==
[1695600000000.0, 14935.25]
==台灣加權==
[1695686400000.0, 16276.07]
==歐元==
[1695600000000.0, 1.0625]
==日圓==
[1695600000000.0, 68090.0]
==英鎊==
[1695600000000.0, 1.2212]
==加幣==
[1695600000000.0, 0.7432]
==瑞郎==
[1695600000000.0, 1.10585]
==澳幣==
[1695600000000.0, 0.6439]
==輕原油==
[1695600000000.0, 89.68]
==天然氣==
[1695600000000.0, 2.906]
==無鉛汽油==
[1695600000000.0, 2.5034]
==熱燃油==
[1695600000000.0, 3.2001]
==金==
[1695600000000.0, 1936.6]
==銀==
[1695600000000.0, 23.385]
==銅==
[1695600000000.0, 3.67]
==鉑==
[1695600000000.0, 917.5]
==鈀==
[1695600000000.0, 1232.0]
==黃豆==
[1695600000000.0, 1297.75]
==小麥==
[1695600000000.0, 589.0]
==玉米==
[1695600000000.0, 481.25]
==道瓊==
[1695686400000.0, 33875.0]
==標普500==
[1695686400000.0, 4314.75]
==那斯達克==
[1695686400000.0, 14715.0]
==台灣加權==
[1695772800000.0, 16310.36]
==歐元==
[1695686400000.0, 1.06035]
==日圓==
[1695686400000.0, 67975.0]
==英鎊==
[1695686400000.0, 1.2161]
==加幣==
[1695686400000.0, 0.7404]
==瑞郎==
[1695686400000.0, 1.10235]
==澳幣==
[1695686400000.0, 0.6412]
==輕原油==
[1695686400000.0, 90.39]
==天然氣==
[1695686400000.0, 2.845]
==無鉛汽油==
[1695686400000.0, 2.5166]
==熱燃油==
[1695686400000.0, 3.1713]
==金==
[1695686400000.0, 1919.8]
==銀==
[1695686400000.0, 23.196]
==銅==
[1695686400000.0, 3.649]
==鉑==
[1695686400000.0, 907.1]
==鈀==
[1695686400000.0, 1225.7]
==黃豆==
[1695686400000.0, 1302.75]
==小麥==
[1695686400000.0, 589.0]
==玉米==
[1695686400000.0, 479.75]
==道瓊==
[1695772800000.0, 33791.0]
==標普500==
[1695772800000.0, 4313.5]
==那斯達克==
[1695772800000.0, 14739.0]
==台灣加權==
[1695859200000.0, 16353.74]
==歐元==
[1695772800000.0, 1.05445]
==日圓==
[1695772800000.0, 67740.0]
==英鎊==
[1695772800000.0, 1.2143]
==加幣==
[1695772800000.0, 0.741]
==瑞郎==
[1695772800000.0, 1.0954]
==澳幣==
[1695772800000.0, 0.6371]
==輕原油==
[1695772800000.0, 93.68]
==天然氣==
[1695772800000.0, 2.899]
==無鉛汽油==
[1695772800000.0, 2.5501]
==熱燃油==
[1695772800000.0, 3.2621]
==金==
[1695772800000.0, 1890.9]
==銀==
[1695772800000.0, 22.724]
==銅==
[1695772800000.0, 3.6365]
==鉑==
[1695772800000.0, 896.3]
==鈀==
[1695772800000.0, 1223.7]
==黃豆==
[1695772800000.0, 1303.25]
==小麥==
[1695772800000.0, 579.5]
==玉米==
[1695772800000.0, 483.25]
==道瓊==
[1695859200000.0, 33892.0]
==標普500==
[1695859200000.0, 4337.5]
==那斯達克==
[1695859200000.0, 14859.75]
==台灣加權==
[1695859200000.0, 16353.74]
==歐元==
[1695859200000.0, 1.059]
==日圓==
[1695859200000.0, 67860.0]
==英鎊==
[1695859200000.0, 1.2199]
==加幣==
[1695859200000.0, 0.74145]
==瑞郎==
[1695859200000.0, 1.10065]
==澳幣==
[1695859200000.0, 0.64395]
==輕原油==
[1695859200000.0, 91.71]
==天然氣==
[1695859200000.0, 2.945]
==無鉛汽油==
[1695859200000.0, 2.4662]
==熱燃油==
[1695859200000.0, 3.2704]
==金==
[1695859200000.0, 1878.6]
==銀==
[1695859200000.0, 22.741]
==銅==
[1695859200000.0, 3.708]
==鉑==
[1695859200000.0, 915.1]
==鈀==
[1695859200000.0, 1278.5]
==黃豆==
[1695859200000.0, 1300.5]
==小麥==
[1695859200000.0, 578.75]
==玉米==
[1695859200000.0, 488.5]
==道瓊==
[1695945600000.0, 33725.0]
==標普500==
[1695945600000.0, 4325.5]
==那斯達克==
[1695945600000.0, 14866.5]
==台灣加權==
[1696204800000.0, 16557.31]
==歐元==
[1695945600000.0, 1.06125]
==日圓==
[1695945600000.0, 0.0]
==英鎊==
[1695945600000.0, 1.221]
==加幣==
[1695945600000.0, 0.73835]
==瑞郎==
[1695945600000.0, 1.1016]
==澳幣==
[1695945600000.0, 0.6455]
==輕原油==
[1695945600000.0, 90.79]
==天然氣==
[1695945600000.0, 2.929]
==無鉛汽油==
[1695945600000.0, 2.3995]
==熱燃油==
[1695945600000.0, 3.3006]
==金==
[1695945600000.0, 1866.1]
==銀==
[1695945600000.0, 22.45]
==銅==
[1695945600000.0, 3.7375]
==鉑==
[1695945600000.0, 915.9]
==鈀==
[1695945600000.0, 1256.0]
==黃豆==
[1695945600000.0, 1275.0]
==小麥==
[1695945600000.0, 541.5]
==玉米==
[1695945600000.0, 476.75]
==道瓊==
[1696204800000.0, 33638.0]
==標普500==
[1696204800000.0, 4324.25]
==那斯達克==
[1696204800000.0, 14984.75]
==台灣加權==
[1696291200000.0, 16454.34]
==歐元==
[1696204800000.0, 1.0527]
==日圓==
[1696204800000.0, 67610.0]
==英鎊==
[1696204800000.0, 1.2111]
==加幣==
[1696204800000.0, 0.7322]
==瑞郎==
[1696204800000.0, 1.09945]
==澳幣==
[1696204800000.0, 0.63825]
==輕原油==
[1696204800000.0, 88.82]
==天然氣==
[1696204800000.0, 2.84]
==無鉛汽油==
[1696204800000.0, 2.4122]
==熱燃油==
[1696204800000.0, 3.2225]
==金==
[1696204800000.0, 1847.2]
==銀==
[1696204800000.0, 21.421]
==銅==
[1696204800000.0, 3.6415]
==鉑==
[1696204800000.0, 886.8]
==鈀==
[1696204800000.0, 1205.9]
==黃豆==
[1696204800000.0, 1277.0]
==小麥==
[1696204800000.0, 564.75]
==玉米==
[1696204800000.0, 488.75]
==道瓊==
[1696291200000.0, 33201.0]
==標普500==
[1696291200000.0, 4264.75]
==那斯達克==
[1696291200000.0, 14714.5]
==台灣加權==
[1696377600000.0, 16273.38]
==歐元==
[1696291200000.0, 1.0509]
==日圓==
[1696291200000.0, 67995.0]
==英鎊==
[1696291200000.0, 1.2091]
==加幣==
[1696291200000.0, 0.7302]
==瑞郎==
[1696291200000.0, 1.0947]
==澳幣==
[1696291200000.0, 0.63215]
==輕原油==
[1696291200000.0, 89.23]
==天然氣==
[1696291200000.0, 2.949]
==無鉛汽油==
[1696291200000.0, 2.3601]
==熱燃油==
[1696291200000.0, 3.1954]
==金==
[1696291200000.0, 1841.5]
==銀==
[1696291200000.0, 21.377]
==銅==
[1696291200000.0, 3.621]
==鉑==
[1696291200000.0, 879.6]
==鈀==
[1696291200000.0, 1192.9]
==黃豆==
[1696291200000.0, 1272.75]
==小麥==
[1696291200000.0, 568.5]
==玉米==
[1696291200000.0, 487.5]
==道瓊==
[1696377600000.0, 33326.0]
==標普500==
[1696377600000.0, 4297.75]
==那斯達克==
[1696377600000.0, 14923.75]
==台灣加權==
[1696464000000.0, 16453.52]
==歐元==
[1696377600000.0, 1.05365]
==日圓==
[1696377600000.0, 67905.0]
==英鎊==
[1696377600000.0, 1.2143]
==加幣==
[1696377600000.0, 0.72805]
==瑞郎==
[1696377600000.0, 1.09925]
==澳幣==
[1696377600000.0, 0.63385]
==輕原油==
[1696377600000.0, 84.22]
==天然氣==
[1696377600000.0, 2.962]
==無鉛汽油==
[1696377600000.0, 2.198]
==熱燃油==
[1696377600000.0, 3.0178]
==金==
[1696377600000.0, 1834.8]
==銀==
[1696377600000.0, 21.146]
==銅==
[1696377600000.0, 3.589]
==鉑==
[1696377600000.0, 874.2]
==鈀==
[1696377600000.0, 1172.0]
==黃豆==
[1696377600000.0, 1273.0]
==小麥==
[1696377600000.0, 560.0]
==玉米==
[1696377600000.0, 486.0]
==道瓊==
[1696464000000.0, 33304.0]
==標普500==
[1696464000000.0, 4290.75]
==那斯達克==
[1696464000000.0, 14861.75]
==台灣加權==
[1696550400000.0, 16520.57]
==歐元==
[1696464000000.0, 1.05825]
==日圓==
[1696464000000.0, 68160.0]
==英鎊==
[1696464000000.0, 1.2199]
==加幣==
[1696464000000.0, 0.72985]
==瑞郎==
[1696464000000.0, 1.1037]
==澳幣==
[1696464000000.0, 0.6388]
==輕原油==
[1696464000000.0, 82.31]
==天然氣==
[1696464000000.0, 3.166]
==無鉛汽油==
[1696464000000.0, 2.189]
==熱燃油==
[1696464000000.0, 2.8687]
==金==
[1696464000000.0, 1831.8]
==銀==
[1696464000000.0, 21.019]
==銅==
[1696464000000.0, 3.552]
==鉑==
[1696464000000.0, 862.5]
==鈀==
[1696464000000.0, 1144.9]
==黃豆==
[1696464000000.0, 1280.75]
==小麥==
[1696464000000.0, 578.25]
==玉米==
[1696464000000.0, 497.5]
==道瓊==
[1696550400000.0, 33600.0]
==標普500==
[1696550400000.0, 4341.5]
==那斯達克==
[1696550400000.0, 15112.0]
==台灣加權==
[1696550400000.0, 16520.57]
==歐元==
[1696550400000.0, 1.06245]
==日圓==
[1696550400000.0, 67710.0]
==英鎊==
[1696550400000.0, 1.2251]
==加幣==
[1696550400000.0, 0.73295]
==瑞郎==
[1696550400000.0, 1.10805]
==澳幣==
[1696550400000.0, 0.6412]
==輕原油==
[1696550400000.0, 82.79]
==天然氣==
[1696550400000.0, 3.338]
==無鉛汽油==
[1696550400000.0, 2.1922]
==熱燃油==
[1696550400000.0, 2.9008]
==金==
[1696550400000.0, 1845.2]
==銀==
[1696550400000.0, 21.723]
==銅==
[1696550400000.0, 3.6275]
==鉑==
[1696550400000.0, 881.5]
==鈀==
[1696550400000.0, 1163.1]
==黃豆==
[1696550400000.0, 1266.0]
==小麥==
[1696550400000.0, 568.25]
==玉米==
[1696550400000.0, 492.0]
==道瓊==
[1696809600000.0, 33801.0]
==標普500==
[1696809600000.0, 4368.75]
==那斯達克==
[1696809600000.0, 15187.0]
==台灣加權==
[1696550400000.0, 16520.57]
==歐元==
[1696809600000.0, 1.05955]
==日圓==
[1696809600000.0, 68120.0]
==英鎊==
[1696809600000.0, 1.2239]
==加幣==
[1696809600000.0, 0.7367]
==瑞郎==
[1696809600000.0, 1.11255]
==澳幣==
[1696809600000.0, 0.6428]
==輕原油==
[1696809600000.0, 86.38]
==天然氣==
[1696809600000.0, 3.376]
==無鉛汽油==
[1696809600000.0, 2.2381]
==熱燃油==
[1696809600000.0, 2.9666]
==金==
[1696809600000.0, 1864.3]
==銀==
[1696809600000.0, 21.924]
==銅==
[1696809600000.0, 3.646]
==鉑==
[1696809600000.0, 888.8]
==鈀==
[1696809600000.0, 1131.9]
==黃豆==
[1696809600000.0, 1264.25]
==小麥==
[1696809600000.0, 572.75]
==玉米==
[1696809600000.0, 488.25]
==道瓊==
[1696896000000.0, 33936.0]
==標普500==
[1696896000000.0, 4391.5]
==那斯達克==
[1696896000000.0, 15270.75]
==台灣加權==
[1696982400000.0, 16672.03]
==歐元==
[1696896000000.0, 1.063]
==日圓==
[1696896000000.0, 67980.0]
==英鎊==
[1696896000000.0, 1.2284]
==加幣==
[1696896000000.0, 0.7366]
==瑞郎==
[1696896000000.0, 1.1132]
==澳幣==
[1696896000000.0, 0.644]
==輕原油==
[1696896000000.0, 85.97]
==天然氣==
[1696896000000.0, 3.382]
==無鉛汽油==
[1696896000000.0, 2.2584]
==熱燃油==
[1696896000000.0, 3.0201]
==金==
[1696896000000.0, 1875.3]
==銀==
[1696896000000.0, 21.953]
==銅==
[1696896000000.0, 3.634]
==鉑==
[1696896000000.0, 890.2]
==鈀==
[1696896000000.0, 1171.4]
==黃豆==
[1696896000000.0, 1271.5]
==小麥==
[1696896000000.0, 558.5]
==玉米==
[1696896000000.0, 485.5]
==道瓊==
[1696982400000.0, 33992.0]
==標普500==
[1696982400000.0, 4409.75]
==那斯達克==
[1696982400000.0, 15380.0]
==台灣加權==
[1697068800000.0, 16825.91]
==歐元==
[1696982400000.0, 1.0637]
==日圓==
[1696982400000.0, 67725.0]
==英鎊==
[1696982400000.0, 1.2309]
==加幣==
[1696982400000.0, 0.7359]
==瑞郎==
[1696982400000.0, 1.11565]
==澳幣==
[1696982400000.0, 0.6422]
==輕原油==
[1696982400000.0, 83.49]
==天然氣==
[1696982400000.0, 3.377]
==無鉛汽油==
[1696982400000.0, 2.2101]
==熱燃油==
[1696982400000.0, 2.9985]
==金==
[1696982400000.0, 1887.3]
==銀==
[1696982400000.0, 22.133]
==銅==
[1696982400000.0, 3.612]
==鉑==
[1696982400000.0, 893.0]
==鈀==
[1696982400000.0, 1170.3]
==黃豆==
[1696982400000.0, 1252.5]
==小麥==
[1696982400000.0, 556.0]
==玉米==
[1696982400000.0, 488.0]
==道瓊==
[1697068800000.0, 33796.0]
==標普500==
[1697068800000.0, 4380.5]
==那斯達克==
[1697068800000.0, 15315.0]
==台灣加權==
[1697155200000.0, 16782.57]
==歐元==
[1697068800000.0, 1.0555]
==日圓==
[1697068800000.0, 67435.0]
==英鎊==
[1697068800000.0, 1.2178]
==加幣==
[1697068800000.0, 0.73105]
==瑞郎==
[1697068800000.0, 1.1081]
==澳幣==
[1697068800000.0, 0.63265]
==輕原油==
[1697068800000.0, 82.91]
==天然氣==
[1697068800000.0, 3.344]
==無鉛汽油==
[1697068800000.0, 2.151]
==熱燃油==
[1697068800000.0, 3.0449]
==金==
[1697068800000.0, 1883.0]
==銀==
[1697068800000.0, 21.959]
==銅==
[1697068800000.0, 3.591]
==鉑==
[1697068800000.0, 875.8]
==鈀==
[1697068800000.0, 1147.5]
==黃豆==
[1697068800000.0, 1290.0]
==小麥==
[1697068800000.0, 571.5]
==玉米==
[1697068800000.0, 496.0]
==道瓊==
[1697155200000.0, 33827.0]
==標普500==
[1697155200000.0, 4357.25]
==那斯達克==
[1697155200000.0, 15120.25]
==台灣加權==
[1697414400000.0, 16652.24]
==歐元==
[1697155200000.0, 1.05395]
==日圓==
[1697155200000.0, 0.0]
==英鎊==
[1697155200000.0, 1.2139]
==加幣==
[1697155200000.0, 0.7327]
==瑞郎==
[1697155200000.0, 1.1169]
==澳幣==
[1697155200000.0, 0.63125]
==輕原油==
[1697155200000.0, 87.69]
==天然氣==
[1697155200000.0, 3.236]
==無鉛汽油==
[1697155200000.0, 2.253]
==熱燃油==
[1697155200000.0, 3.0803]
==金==
[1697155200000.0, 1941.5]
==銀==
[1697155200000.0, 22.895]
==銅==
[1697155200000.0, 3.571]
==鉑==
[1697155200000.0, 884.2]
==鈀==
[1697155200000.0, 1145.2]
==黃豆==
[1697155200000.0, 1280.25]
==小麥==
[1697155200000.0, 579.75]
==玉米==
[1697155200000.0, 493.25]
==道瓊==
[1697414400000.0, 34134.0]
==標普500==
[1697414400000.0, 4401.0]
==那斯達克==
[1697414400000.0, 15289.5]
==台灣加權==
[1697500800000.0, 16642.55]
==歐元==
[1697414400000.0, 1.0582]
==日圓==
[1697414400000.0, 67555.0]
==英鎊==
[1697414400000.0, 1.2216]
==加幣==
[1697414400000.0, 0.73505]
==瑞郎==
[1697414400000.0, 1.1182]
==澳幣==
[1697414400000.0, 0.6355]
==輕原油==
[1697414400000.0, 86.66]
==天然氣==
[1697414400000.0, 3.109]
==無鉛汽油==
[1697414400000.0, 2.2577]
==熱燃油==
[1697414400000.0, 3.0421]
==金==
[1697414400000.0, 1934.3]
==銀==
[1697414400000.0, 22.765]
==銅==
[1697414400000.0, 3.582]
==鉑==
[1697414400000.0, 899.4]
==鈀==
[1697414400000.0, 1146.8]
==黃豆==
[1697414400000.0, 1286.25]
==小麥==
[1697414400000.0, 577.25]
==玉米==
[1697414400000.0, 490.0]
==道瓊==
[1697500800000.0, 34144.0]
==標普500==
[1697500800000.0, 4401.75]
==那斯達克==
[1697500800000.0, 15240.75]
==台灣加權==
[1697587200000.0, 16440.91]
==歐元==
[1697500800000.0, 1.0596]
==日圓==
[1697500800000.0, 0.0]
==英鎊==
[1697500800000.0, 1.2179]
==加幣==
[1697500800000.0, 0.73335]
==瑞郎==
[1697500800000.0, 1.11775]
==澳幣==
[1697500800000.0, 0.6372]
==輕原油==
[1697500800000.0, 85.44]
==天然氣==
[1697500800000.0, 3.079]
==無鉛汽油==
[1697500800000.0, 2.2725]
==熱燃油==
[1697500800000.0, 3.0532]
==金==
[1697500800000.0, 1935.7]
==銀==
[1697500800000.0, 23.024]
==銅==
[1697500800000.0, 3.5785]
==鉑==
[1697500800000.0, 906.2]
==鈀==
[1697500800000.0, 1146.7]
==黃豆==
[1697500800000.0, 1296.75]
==小麥==
[1697500800000.0, 570.5]
==玉米==
[1697500800000.0, 489.0]
==道瓊==
[1697500800000.0, 34144.0]
==標普500==
[1697500800000.0, 4401.75]
==那斯達克==
[1697500800000.0, 15240.75]
==台灣加權==
[1697673600000.0, 16452.73]
==歐元==
[1697500800000.0, 1.0596]
==日圓==
[1697500800000.0, 67420.0]
==英鎊==
[1697500800000.0, 1.2179]
==加幣==
[1697500800000.0, 0.73335]
==瑞郎==
[1697500800000.0, 1.11775]
==澳幣==
[1697500800000.0, 0.6372]
==輕原油==
[1697500800000.0, 85.44]
==天然氣==
[1697500800000.0, 3.079]
==無鉛汽油==
[1697500800000.0, 2.2725]
==熱燃油==
[1697500800000.0, 3.0532]
==金==
[1697500800000.0, 1935.7]
==銀==
[1697500800000.0, 23.024]
==銅==
[1697500800000.0, 3.5785]
==鉑==
[1697500800000.0, 906.2]
==鈀==
[1697500800000.0, 1146.7]
==黃豆==
[1697500800000.0, 1296.75]
==小麥==
[1697500800000.0, 570.5]
==玉米==
[1697500800000.0, 489.0]
==道瓊==
[1697673600000.0, 33547.0]
==標普500==
[1697673600000.0, 4303.0]
==那斯達克==
[1697673600000.0, 14890.0]
==台灣加權==
[1697760000000.0, 16440.72]
==歐元==
[1697673600000.0, 1.06065]
==日圓==
[1697673600000.0, 67350.0]
==英鎊==
[1697673600000.0, 1.2146]
==加幣==
[1697673600000.0, 0.72945]
==瑞郎==
[1697673600000.0, 1.12615]
==澳幣==
[1697673600000.0, 0.63405]
==輕原油==
[1697673600000.0, 88.37]
==天然氣==
[1697673600000.0, 3.326]
==無鉛汽油==
[1697673600000.0, 2.343]
==熱燃油==
[1697673600000.0, 3.0774]
==金==
[1697673600000.0, 1980.5]
==銀==
[1697673600000.0, 23.031]
==銅==
[1697673600000.0, 3.601]
==鉑==
[1697673600000.0, 898.2]
==鈀==
[1697673600000.0, 1118.5]
==黃豆==
[1697673600000.0, 1315.5]
==小麥==
[1697673600000.0, 594.0]
==玉米==
[1697673600000.0, 505.0]
==道瓊==
[1697760000000.0, 33258.0]
==標普500==
[1697760000000.0, 4248.5]
==那斯達克==
[1697760000000.0, 14664.0]
==台灣加權==
[1698019200000.0, 16251.36]
==歐元==
[1697760000000.0, 1.0617]
==日圓==
[1697760000000.0, 67335.0]
==英鎊==
[1697760000000.0, 1.216]
==加幣==
[1697760000000.0, 0.73035]
==瑞郎==
[1697760000000.0, 1.12785]
==澳幣==
[1697760000000.0, 0.63265]
==輕原油==
[1697760000000.0, 88.08]
==天然氣==
[1697760000000.0, 3.258]
==無鉛汽油==
[1697760000000.0, 2.3538]
==熱燃油==
[1697760000000.0, 3.0717]
==金==
[1697760000000.0, 1994.4]
==銀==
[1697760000000.0, 23.504]
==銅==
[1697760000000.0, 3.563]
==鉑==
[1697760000000.0, 905.1]
==鈀==
[1697760000000.0, 1111.2]
==黃豆==
[1697760000000.0, 1302.25]
==小麥==
[1697760000000.0, 586.0]
==玉米==
[1697760000000.0, 495.5]
==道瓊==
[1698019200000.0, 33067.0]
==標普500==
[1698019200000.0, 4241.75]
==那斯達克==
[1698019200000.0, 14712.0]
==台灣加權==
[1698105600000.0, 16309.76]
==歐元==
[1698019200000.0, 1.0699]
==日圓==
[1698019200000.0, 67460.0]
==英鎊==
[1698019200000.0, 1.2259]
==加幣==
[1698019200000.0, 0.73155]
==瑞郎==
[1698019200000.0, 1.12915]
==澳幣==
[1698019200000.0, 0.63565]
==輕原油==
[1698019200000.0, 85.49]
==天然氣==
[1698019200000.0, 3.273]
==無鉛汽油==
[1698019200000.0, 2.3116]
==熱燃油==
[1698019200000.0, 3.0156]
==金==
[1698019200000.0, 1987.8]
==銀==
[1698019200000.0, 23.21]
==銅==
[1698019200000.0, 3.5865]
==鉑==
[1698019200000.0, 905.0]
==鈀==
[1698019200000.0, 1139.2]
==黃豆==
[1698019200000.0, 1286.75]
==小麥==
[1698019200000.0, 587.25]
==玉米==
[1698019200000.0, 490.25]
==道瓊==
[1698105600000.0, 33269.0]
==標普500==
[1698105600000.0, 4271.25]
==那斯達克==
[1698105600000.0, 14846.5]
==台灣加權==
[1698192000000.0, 16358.89]
==歐元==
[1698105600000.0, 1.06125]
==日圓==
[1698105600000.0, 0.0]
==英鎊==
[1698105600000.0, 1.2165]
==加幣==
[1698105600000.0, 0.72885]
==瑞郎==
[1698105600000.0, 1.12575]
==澳幣==
[1698105600000.0, 0.6369]
==輕原油==
[1698105600000.0, 83.74]
==天然氣==
[1698105600000.0, 3.322]
==無鉛汽油==
[1698105600000.0, 2.2527]
==熱燃油==
[1698105600000.0, 2.9625]
==金==
[1698105600000.0, 1986.1]
==銀==
[1698105600000.0, 23.116]
==銅==
[1698105600000.0, 3.624]
==鉑==
[1698105600000.0, 891.9]
==鈀==
[1698105600000.0, 1127.5]
==黃豆==
[1698105600000.0, 1314.5]
==小麥==
[1698105600000.0, 580.5]
==玉米==
[1698105600000.0, 484.0]
==道瓊==
[1698192000000.0, 33150.0]
==標普500==
[1698192000000.0, 4209.75]
==那斯達克==
[1698192000000.0, 14478.25]
==台灣加權==
[1698278400000.0, 16073.74]
==歐元==
[1698192000000.0, 1.05895]
==日圓==
[1698192000000.0, 67230.0]
==英鎊==
[1698192000000.0, 1.2119]
==加幣==
[1698192000000.0, 0.7253]
==瑞郎==
[1698192000000.0, 1.12155]
==澳幣==
[1698192000000.0, 0.632]
==輕原油==
[1698192000000.0, 85.39]
==天然氣==
[1698192000000.0, 3.376]
==無鉛汽油==
[1698192000000.0, 2.2688]
==熱燃油==
[1698192000000.0, 2.9591]
==金==
[1698192000000.0, 1994.9]
==銀==
[1698192000000.0, 23.007]
==銅==
[1698192000000.0, 3.591]
==鉑==
[1698192000000.0, 912.4]
==鈀==
[1698192000000.0, 1133.6]
==黃豆==
[1698192000000.0, 1308.5]
==小麥==
[1698192000000.0, 568.5]
==玉米==
[1698192000000.0, 480.0]
==道瓊==
[1698278400000.0, 32876.0]
==標普500==
[1698278400000.0, 4156.5]
==那斯達克==
[1698278400000.0, 14194.0]
==台灣加權==
[1698364800000.0, 16134.61]
==歐元==
[1698278400000.0, 1.05825]
==日圓==
[1698278400000.0, 67045.0]
==英鎊==
[1698278400000.0, 1.2139]
==加幣==
[1698278400000.0, 0.72435]
==瑞郎==
[1698278400000.0, 1.11835]
==澳幣==
[1698278400000.0, 0.6339]
==輕原油==
[1698278400000.0, 83.21]
==天然氣==
[1698278400000.0, 3.477]
==無鉛汽油==
[1698278400000.0, 2.2371]
==熱燃油==
[1698278400000.0, 2.9656]
==金==
[1698278400000.0, 1997.4]
==銀==
[1698278400000.0, 22.908]
==銅==
[1698278400000.0, 3.5845]
==鉑==
[1698278400000.0, 909.0]
==鈀==
[1698278400000.0, 1142.8]
==黃豆==
[1698278400000.0, 1300.25]
==小麥==
[1698278400000.0, 579.5]
==玉米==
[1698278400000.0, 479.25]
